22:53:04.656 [main                     ] DEBUG Logger               - Configured Logger
22:53:04.664 [main                     ] DEBUG GameApplication      - Logging settings
Title: CatPerson
Version: 1.0
Width: 1024
Height: 1024
Fullscreen: false
Intro: false
Profiling: false
Single step:false
App Mode: DEVELOPER
Menu Key: ESCAPE
Stage Style: DECORATED
Scene Factory: class com.mycat.catperson.CatPerson$1

22:53:05.016 [JavaFX Application Thread] DEBUG FXGLApplication      - Initializing FXGL
22:53:05.017 [JavaFX Application Thread] INFO  Engine               - FXGL-11.17 (16.07.2021 15.46) on LINUX (J:11.0.27 FX:17.0.6)
22:53:05.018 [JavaFX Application Thread] DEBUG Engine               - JRE Vendor Name: Ubuntu
22:53:05.018 [JavaFX Application Thread] DEBUG Engine               - Running on OS: Linux version 6.8.0-59-generic
22:53:05.018 [JavaFX Application Thread] DEBUG Engine               - Architecture: amd64
22:53:05.018 [JavaFX Application Thread] INFO  Engine               - Source code and latest versions at: https://github.com/AlmasB/FXGL
22:53:05.018 [JavaFX Application Thread] INFO  Engine               -              Join the FXGL chat at: https://gitter.im/AlmasB/FXGL
22:53:05.055 [JavaFX Application Thread] DEBUG PrimaryStageWindow   - Creating a JavaFX scene
22:53:05.115 [JavaFX Application Thread] DEBUG PrimaryStageWindow   - Target settings size: 1024.0 x 1024.0
22:53:05.115 [JavaFX Application Thread] DEBUG PrimaryStageWindow   - Scaled scene size:    1024.0 x 1024.0
22:53:05.115 [JavaFX Application Thread] DEBUG PrimaryStageWindow   - Scaled ratio: (1.0, 1.0)
22:53:05.116 [JavaFX Application Thread] DEBUG PrimaryStageWindow   - Set initial scene to FXGLStartupScene
22:53:05.119 [JavaFX Application Thread] DEBUG PrimaryStageWindow   - Opening main window
22:53:05.150 [JavaFX Application Thread] DEBUG PrimaryStageWindow   - Window border size: (2.0, 29.0)
22:53:05.151 [JavaFX Application Thread] DEBUG PrimaryStageWindow   - Scaled size: 1024.0 x 1024.0
22:53:05.151 [JavaFX Application Thread] DEBUG PrimaryStageWindow   - Scaled ratio: (1.0, 1.0)
22:53:05.151 [JavaFX Application Thread] DEBUG PrimaryStageWindow   - Scene size: 1024.0 x 1024.0
22:53:05.152 [JavaFX Application Thread] DEBUG PrimaryStageWindow   - Stage size: 1026.0 x 1053.0
22:53:05.159 [FXGL Background Thread 1 ] DEBUG Engine               - Initializing environment variables
22:53:05.186 [FXGL Background Thread 1 ] DEBUG FXGLAssetLoaderServi - User app class for loading assets: class com.mycat.catperson.CatPerson
22:53:05.186 [FXGL Background Thread 1 ] DEBUG GameApplicationServi - Applying CSS: fxgl_dark.css
22:53:05.186 [FXGL Background Thread 1 ] DEBUG FXGLAssetLoaderServi - Loading from file system: jar:file:///home/dayrat/.m2/repository/com/github/almasb/fxgl/11.17/fxgl-11.17.jar!/fxglassets/ui/css/fxgl_dark.css
22:53:05.217 [FXGL Background Thread 1 ] DEBUG GameApplicationServi - Initializing application scenes
22:53:05.352 [FXGL Background Thread 1 ] DEBUG GameWorld            - Game world initialized
22:53:05.369 [FXGL Background Thread 1 ] DEBUG PhysicsWorld         - Physics world initialized: appHeight=1024, physics.ppm=50.0
22:53:05.369 [FXGL Background Thread 1 ] DEBUG PhysicsWorld         - Using strategy: BRUTE_FORCE
22:53:05.370 [FXGL Background Thread 1 ] DEBUG GameScene            - Game scene initialized: 1024x1024
22:53:05.448 [FXGL Background Thread 1 ] DEBUG FXGL.DefaultMenu     - createMenuBodyGameMenu()
22:53:05.452 [FXGL Background Thread 1 ] DEBUG FXGL.DefaultMenu     - createOptionsMenu()
22:53:05.455 [FXGL Background Thread 1 ] DEBUG FXGLAssetLoaderServi - Loading from file system: jar:file:///home/dayrat/.m2/repository/com/github/almasb/fxgl/11.17/fxgl-11.17.jar!/fxglassets/textures/particles/smoke.png
22:53:05.487 [FXGL Background Thread 1 ] DEBUG FXGLAssetLoaderServi - Loading from file system: jar:file:///home/dayrat/.m2/repository/com/github/almasb/fxgl/11.17/fxgl-11.17.jar!/fxglassets/textures/particles/trace_horizontal.png
22:53:05.497 [FXGL Background Thread 1 ] DEBUG GameApplicationServi - Application scenes initialized
22:53:05.501 [FXGL Background Thread 1 ] DEBUG SystemBundleService  - Loading FXGL system data
22:53:05.502 [FXGL Background Thread 1 ] DEBUG FileSystemAccess     - Reading from: /home/dayrat/IdeaProjects/CATPERSON/system/fxgl.bundle
22:53:05.505 [FXGL Background Thread 1 ] DEBUG SystemBundleService  - Bundle FXGL: {}
22:53:05.505 [FXGL Background Thread 1 ] DEBUG UpdaterService       - Checking for updates
22:53:05.506 [FXGL Background Thread 4 ] DEBUG FXGLApplication      - Loading fonts
22:53:05.507 [FXGL Background Thread 1 ] DEBUG FXGLApplication      - Loading default localization
22:53:05.507 [FXGL Background Thread 1 ] DEBUG FXGLAssetLoaderServi - Loading from file system: jar:file:///home/dayrat/.m2/repository/com/github/almasb/fxgl/11.17/fxgl-11.17.jar!/fxglassets/languages/english.lang
22:53:05.507 [FXGL Background Thread 4 ] DEBUG FXGLAssetLoaderServi - Loading from file system: jar:file:///home/dayrat/.m2/repository/com/github/almasb/fxgl/11.17/fxgl-11.17.jar!/fxglassets/ui/fonts/VarelaRound-Regular.ttf
22:53:05.512 [FXGL Background Thread 4 ] DEBUG FXGLAssetLoaderServi - Loading from file system: jar:file:///home/dayrat/.m2/repository/com/github/almasb/fxgl/11.17/fxgl-11.17.jar!/fxglassets/ui/fonts/Abel-Regular.ttf
22:53:05.513 [FXGL Background Thread 4 ] DEBUG FXGLAssetLoaderServi - Loading from file system: jar:file:///home/dayrat/.m2/repository/com/github/almasb/fxgl/11.17/fxgl-11.17.jar!/fxglassets/ui/fonts/lucida_console.ttf
22:53:05.513 [FXGL Background Thread 1 ] INFO  FXGLApplication      - FXGL initialization took: 0.354 sec
22:53:05.514 [FXGL Background Thread 4 ] DEBUG FXGLAssetLoaderServi - Loading from file system: jar:file:///home/dayrat/.m2/repository/com/github/almasb/fxgl/11.17/fxgl-11.17.jar!/fxglassets/ui/fonts/Courier-Prime.ttf
22:53:05.519 [JavaFX Application Thread] DEBUG Input                - Registered new binding: action0 - Up
22:53:05.520 [JavaFX Application Thread] DEBUG Input                - Registered new binding: action1 - Down
22:53:05.520 [JavaFX Application Thread] DEBUG Input                - Registered new binding: action2 - Left
22:53:05.520 [JavaFX Application Thread] DEBUG Input                - Registered new binding: action3 - Right
22:53:05.520 [JavaFX Application Thread] DEBUG FXGLAssetLoaderServi - Loading from file system: jar:file:///home/dayrat/.m2/repository/com/github/almasb/fxgl/11.17/fxgl-11.17.jar!/fxglassets/textures/fxgl_icon.png
22:53:05.528 [JavaFX Application Thread] DEBUG FXGLAssetLoaderServi - Loading from file system: jar:file:///home/dayrat/.m2/repository/com/github/almasb/fxgl/11.17/fxgl-11.17.jar!/fxglassets/textures/fxgl_default_cursor.png
22:53:05.529 [JavaFX Application Thread] DEBUG Input                - Registered new binding: Screenshot - CTRL+8
22:53:05.529 [JavaFX Application Thread] DEBUG Input                - Registered new binding: System info dump - CTRL+9
22:53:05.529 [JavaFX Application Thread] DEBUG Input                - Registered new binding: Restart - CTRL+R
22:53:05.529 [JavaFX Application Thread] DEBUG Input                - Registered new binding: Toggle Debug Camera - CTRL+C
22:53:05.530 [JavaFX Application Thread] DEBUG LoopRunner           - Starting loop
22:53:05.530 [JavaFX Application Thread] DEBUG LoopRunner           - Initializing JavaFX AnimationTimerLoop
22:53:05.531 [JavaFX Application Thread] DEBUG Input                - Clearing active input actions
22:53:05.534 [JavaFX Application Thread] DEBUG GameApplicationServi - Removing overlay from FXGLStartupScene and adding to FXGLMainMenuDummyScene
22:53:05.535 [JavaFX Application Thread] DEBUG PrimaryStageWindow   - FXGLStartupScene -> FXGLMainMenuDummyScene
22:53:05.535 [JavaFX Application Thread] DEBUG PrimaryStageWindow   - Push state: TestMainMenu
22:53:05.535 [JavaFX Application Thread] DEBUG Input                - Clearing active input actions
22:53:05.538 [JavaFX Application Thread] DEBUG GameApplicationServi - Removing overlay from FXGLMainMenuDummyScene and adding to TestMainMenu
22:53:05.539 [JavaFX Application Thread] DEBUG PrimaryStageWindow   - FXGLMainMenuDummyScene -> TestMainMenu
22:53:05.539 [JavaFX Application Thread] DEBUG FXGLApplication      - Registering font factories with UI factory
22:53:06.672 [JavaFX Application Thread] DEBUG PrimaryStageWindow   - Push state: LevelSelectSubScene
22:53:06.672 [JavaFX Application Thread] DEBUG Input                - Clearing active input actions
22:53:06.673 [JavaFX Application Thread] DEBUG GameApplicationServi - Removing overlay from TestMainMenu and adding to LevelSelectSubScene
22:53:06.673 [JavaFX Application Thread] DEBUG PrimaryStageWindow   - TestMainMenu -> LevelSelectSubScene
22:53:08.506 [FXGL Background Thread 3 ] DEBUG Engine               - Logging environment variables
22:53:08.508 [FXGL Background Thread 3 ] DEBUG Engine               - achievements: []
22:53:08.508 [FXGL Background Thread 3 ] DEBUG Engine               - actualHeight: 1024.0
22:53:08.509 [FXGL Background Thread 3 ] DEBUG Engine               - actualHeightProperty: ReadOnlyDoubleProperty [value: 1032.0]
22:53:08.509 [FXGL Background Thread 3 ] DEBUG Engine               - actualWidth: 1022.0
22:53:08.509 [FXGL Background Thread 3 ] DEBUG Engine               - actualWidthProperty: ReadOnlyDoubleProperty [value: 1022.0]
22:53:08.510 [FXGL Background Thread 3 ] DEBUG Engine               - appIcon: fxgl_icon.png
22:53:08.510 [FXGL Background Thread 3 ] DEBUG Engine               - applicationMode: DEVELOPER
22:53:08.510 [FXGL Background Thread 3 ] DEBUG Engine               - cSSList: [fxgl_dark.css]
22:53:08.510 [FXGL Background Thread 3 ] DEBUG Engine               - collisionDetectionStrategy: BRUTE_FORCE
22:53:08.510 [FXGL Background Thread 3 ] DEBUG Engine               - configClass: Optional.empty
22:53:08.511 [FXGL Background Thread 3 ] DEBUG Engine               - credits: []
22:53:08.511 [FXGL Background Thread 3 ] DEBUG Engine               - defaultCursor: CursorInfo(imageName=fxgl_default_cursor.png, hotspotX=7.0, hotspotY=6.0)
22:53:08.511 [FXGL Background Thread 3 ] DEBUG Engine               - devBBoxColorProperty: ObjectProperty [value: 0xff0000ff]
22:53:08.511 [FXGL Background Thread 3 ] DEBUG Engine               - devEnableDebugCameraProperty: BooleanProperty [value: false]
22:53:08.512 [FXGL Background Thread 3 ] DEBUG Engine               - devSensorColorProperty: ObjectProperty [value: 0xffff00ff]
22:53:08.512 [FXGL Background Thread 3 ] DEBUG Engine               - devShowBBoxProperty: BooleanProperty [value: false]
22:53:08.512 [FXGL Background Thread 3 ] DEBUG Engine               - devShowPositionProperty: BooleanProperty [value: false]
22:53:08.512 [FXGL Background Thread 3 ] DEBUG Engine               - enabledMenuItems: []
22:53:08.512 [FXGL Background Thread 3 ] DEBUG Engine               - engineServices: [class com.almasb.fxgl.app.services.FXGLAssetLoaderService, class com.almasb.fxgl.app.FXGLApplication$GameApplicationService, class com.almasb.fxgl.app.services.FXGLDialogService, class com.almasb.fxgl.app.services.IOTaskExecutorService, class com.almasb.fxgl.io.FileSystemService, class com.almasb.fxgl.localization.LocalizationService, class com.almasb.fxgl.app.services.SystemBundleService, class com.almasb.fxgl.profile.SaveLoadService, class com.almasb.fxgl.ui.FXGLUIFactoryServiceProvider, class com.almasb.fxgl.ui.FXGLDialogFactoryServiceProvider, class com.almasb.fxgl.audio.AudioPlayer, class com.almasb.fxgl.notification.impl.NotificationServiceProvider, class com.almasb.fxgl.achievement.AchievementService, class com.almasb.fxgl.cutscene.CutsceneService, class com.almasb.fxgl.minigames.MiniGameService, class com.almasb.fxgl.net.NetService, class com.almasb.fxgl.app.services.UpdaterService, class com.almasb.fxgl.dev.DevService]
22:53:08.512 [FXGL Background Thread 3 ] DEBUG Engine               - fontGame: Abel-Regular.ttf
22:53:08.513 [FXGL Background Thread 3 ] DEBUG Engine               - fontMono: lucida_console.ttf
22:53:08.513 [FXGL Background Thread 3 ] DEBUG Engine               - fontText: Courier-Prime.ttf
22:53:08.513 [FXGL Background Thread 3 ] DEBUG Engine               - fontUI: VarelaRound-Regular.ttf
22:53:08.513 [FXGL Background Thread 3 ] DEBUG Engine               - fullScreen: BooleanProperty [value: false]
22:53:08.513 [FXGL Background Thread 3 ] DEBUG Engine               - gameDifficulty: MEDIUM
22:53:08.514 [FXGL Background Thread 3 ] DEBUG Engine               - gameDifficultyProperty: ObjectProperty [value: MEDIUM]
22:53:08.514 [FXGL Background Thread 3 ] DEBUG Engine               - globalMusicVolume: 0.5
22:53:08.514 [FXGL Background Thread 3 ] DEBUG Engine               - globalMusicVolumeProperty: DoubleProperty [value: 0.5]
22:53:08.514 [FXGL Background Thread 3 ] DEBUG Engine               - globalSoundVolume: 0.5
22:53:08.514 [FXGL Background Thread 3 ] DEBUG Engine               - globalSoundVolumeProperty: DoubleProperty [value: 0.5]
22:53:08.514 [FXGL Background Thread 3 ] DEBUG Engine               - height: 1024
22:53:08.514 [FXGL Background Thread 3 ] DEBUG Engine               - is3D: false
22:53:08.514 [FXGL Background Thread 3 ] DEBUG Engine               - isAndroid: false
22:53:08.514 [FXGL Background Thread 3 ] DEBUG Engine               - isBrowser: false
22:53:08.514 [FXGL Background Thread 3 ] DEBUG Engine               - isClickFeedbackEnabled: false
22:53:08.515 [FXGL Background Thread 3 ] DEBUG Engine               - isCloseConfirmation: false
22:53:08.515 [FXGL Background Thread 3 ] DEBUG Engine               - isDesktop: true
22:53:08.515 [FXGL Background Thread 3 ] DEBUG Engine               - isDeveloperMenuEnabled: false
22:53:08.515 [FXGL Background Thread 3 ] DEBUG Engine               - isEntityPreloadEnabled: true
22:53:08.515 [FXGL Background Thread 3 ] DEBUG Engine               - isExperimentalTiledLargeMap: false
22:53:08.515 [FXGL Background Thread 3 ] DEBUG Engine               - isFileSystemWriteAllowed: true
22:53:08.515 [FXGL Background Thread 3 ] DEBUG Engine               - isFullScreenAllowed: false
22:53:08.516 [FXGL Background Thread 3 ] DEBUG Engine               - isFullScreenFromStart: false
22:53:08.516 [FXGL Background Thread 3 ] DEBUG Engine               - isGameMenuEnabled: true
22:53:08.516 [FXGL Background Thread 3 ] DEBUG Engine               - isIOS: false
22:53:08.516 [FXGL Background Thread 3 ] DEBUG Engine               - isIntroEnabled: false
22:53:08.516 [FXGL Background Thread 3 ] DEBUG Engine               - isLinux: true
22:53:08.516 [FXGL Background Thread 3 ] DEBUG Engine               - isMac: false
22:53:08.516 [FXGL Background Thread 3 ] DEBUG Engine               - isMainMenuEnabled: true
22:53:08.516 [FXGL Background Thread 3 ] DEBUG Engine               - isManualResizeEnabled: false
22:53:08.516 [FXGL Background Thread 3 ] DEBUG Engine               - isMobile: false
22:53:08.516 [FXGL Background Thread 3 ] DEBUG Engine               - isNative: false
22:53:08.516 [FXGL Background Thread 3 ] DEBUG Engine               - isPauseMusicWhenMinimized: true
22:53:08.516 [FXGL Background Thread 3 ] DEBUG Engine               - isPreserveResizeRatio: false
22:53:08.516 [FXGL Background Thread 3 ] DEBUG Engine               - isProfilingEnabled: false
22:53:08.516 [FXGL Background Thread 3 ] DEBUG Engine               - isScaleAffectedOnResize: true
22:53:08.516 [FXGL Background Thread 3 ] DEBUG Engine               - isSingleStep: false
22:53:08.517 [FXGL Background Thread 3 ] DEBUG Engine               - isUserProfileEnabled: false
22:53:08.517 [FXGL Background Thread 3 ] DEBUG Engine               - isWindows: false
22:53:08.517 [FXGL Background Thread 3 ] DEBUG Engine               - language: ObjectProperty [value: ENGLISH]
22:53:08.517 [FXGL Background Thread 3 ] DEBUG Engine               - menuKey: ESCAPE
22:53:08.517 [FXGL Background Thread 3 ] DEBUG Engine               - mouseSensitivity: 0.2
22:53:08.517 [FXGL Background Thread 3 ] DEBUG Engine               - notificationViewClass: class com.almasb.fxgl.notification.view.XboxNotificationView
22:53:08.517 [FXGL Background Thread 3 ] DEBUG Engine               - pixelsPerMeter: 50.0
22:53:08.517 [FXGL Background Thread 3 ] DEBUG Engine               - platform: LINUX
22:53:08.517 [FXGL Background Thread 3 ] DEBUG Engine               - prefHeightProperty: ReadOnlyDoubleProperty [value: 1024.0]
22:53:08.517 [FXGL Background Thread 3 ] DEBUG Engine               - prefWidthProperty: ReadOnlyDoubleProperty [value: 1024.0]
22:53:08.517 [FXGL Background Thread 3 ] DEBUG Engine               - profileDir: profiles/
22:53:08.517 [FXGL Background Thread 3 ] DEBUG Engine               - profileName: StringProperty [value: DEFAULT]
22:53:08.517 [FXGL Background Thread 3 ] DEBUG Engine               - randomSeed: -1
22:53:08.518 [FXGL Background Thread 3 ] DEBUG Engine               - runtimeInfo: RuntimeInfo(platform=LINUX, version=11.17, build=16.07.2021 15.46)
22:53:08.518 [FXGL Background Thread 3 ] DEBUG Engine               - saveFileExt: sav
22:53:08.518 [FXGL Background Thread 3 ] DEBUG Engine               - scaledHeightProp$fxgl: DoubleProperty [bound, value: 1032.0]
22:53:08.518 [FXGL Background Thread 3 ] DEBUG Engine               - scaledWidthProp$fxgl: DoubleProperty [bound, value: 1022.0]
22:53:08.518 [FXGL Background Thread 3 ] DEBUG Engine               - sceneFactory: com.mycat.catperson.CatPerson$1@6417b450
22:53:08.518 [FXGL Background Thread 3 ] DEBUG Engine               - secondsIn24h: 60
22:53:08.518 [FXGL Background Thread 3 ] DEBUG Engine               - soundMenuBack: menu/back.wav
22:53:08.518 [FXGL Background Thread 3 ] DEBUG Engine               - soundMenuPress: menu/press.wav
22:53:08.518 [FXGL Background Thread 3 ] DEBUG Engine               - soundMenuSelect: menu/select.wav
22:53:08.518 [FXGL Background Thread 3 ] DEBUG Engine               - soundNotification: core/notification.wav
22:53:08.519 [FXGL Background Thread 3 ] DEBUG Engine               - stageStyle: DECORATED
22:53:08.519 [FXGL Background Thread 3 ] DEBUG Engine               - supportedLanguages: [ENGLISH, FRENCH, GERMAN, HUNGARIAN, RUSSIAN]
22:53:08.519 [FXGL Background Thread 3 ] DEBUG Engine               - ticksPerSecond: -1
22:53:08.519 [FXGL Background Thread 3 ] DEBUG Engine               - title: CatPerson
22:53:08.519 [FXGL Background Thread 3 ] DEBUG Engine               - urlGithub: https://github.com/AlmasB/FXGL
22:53:08.519 [FXGL Background Thread 3 ] DEBUG Engine               - urlLeaderboard: http://fxgl-top.herokuapp.com/
22:53:08.519 [FXGL Background Thread 3 ] DEBUG Engine               - urlPOM: https://raw.githubusercontent.com/AlmasB/FXGL/release/README.md
22:53:08.519 [FXGL Background Thread 3 ] DEBUG Engine               - userAppClass: class com.mycat.catperson.CatPerson
22:53:08.519 [FXGL Background Thread 3 ] DEBUG Engine               - version: 1.0
22:53:08.519 [FXGL Background Thread 3 ] DEBUG Engine               - versionCheckDays: 7
22:53:08.519 [FXGL Background Thread 3 ] DEBUG Engine               - width: 1024
22:53:08.519 [FXGL Background Thread 3 ] DEBUG Engine               - Logging services
22:53:08.519 [FXGL Background Thread 3 ] DEBUG Engine               - class com.almasb.fxgl.app.services.FXGLAssetLoaderService
22:53:08.519 [FXGL Background Thread 3 ] DEBUG Engine               - class com.almasb.fxgl.app.FXGLApplication$GameApplicationService
22:53:08.519 [FXGL Background Thread 3 ] DEBUG Engine               - class com.almasb.fxgl.app.services.FXGLDialogService
22:53:08.519 [FXGL Background Thread 3 ] DEBUG Engine               - class com.almasb.fxgl.app.services.IOTaskExecutorService
22:53:08.520 [FXGL Background Thread 3 ] DEBUG Engine               - class com.almasb.fxgl.io.FileSystemService
22:53:08.520 [FXGL Background Thread 3 ] DEBUG Engine               - class com.almasb.fxgl.localization.LocalizationService
22:53:08.520 [FXGL Background Thread 3 ] DEBUG Engine               - class com.almasb.fxgl.app.services.SystemBundleService
22:53:08.520 [FXGL Background Thread 3 ] DEBUG Engine               - class com.almasb.fxgl.profile.SaveLoadService
22:53:08.520 [FXGL Background Thread 3 ] DEBUG Engine               - class com.almasb.fxgl.ui.FXGLUIFactoryServiceProvider
22:53:08.520 [FXGL Background Thread 3 ] DEBUG Engine               - class com.almasb.fxgl.ui.FXGLDialogFactoryServiceProvider
22:53:08.520 [FXGL Background Thread 3 ] DEBUG Engine               - class com.almasb.fxgl.audio.AudioPlayer
22:53:08.520 [FXGL Background Thread 3 ] DEBUG Engine               - class com.almasb.fxgl.notification.impl.NotificationServiceProvider
22:53:08.520 [FXGL Background Thread 3 ] DEBUG Engine               - class com.almasb.fxgl.achievement.AchievementService
22:53:08.520 [FXGL Background Thread 3 ] DEBUG Engine               - class com.almasb.fxgl.cutscene.CutsceneService
22:53:08.520 [FXGL Background Thread 3 ] DEBUG Engine               - class com.almasb.fxgl.minigames.MiniGameService
22:53:08.520 [FXGL Background Thread 3 ] DEBUG Engine               - class com.almasb.fxgl.net.NetService
22:53:08.521 [FXGL Background Thread 3 ] DEBUG Engine               - class com.almasb.fxgl.app.services.UpdaterService
22:53:08.521 [FXGL Background Thread 3 ] DEBUG Engine               - class com.almasb.fxgl.dev.DevService
22:53:09.495 [JavaFX Application Thread] DEBUG GameWorld            - Clearing game world
22:53:09.495 [JavaFX Application Thread] DEBUG GameApplicationServi - Starting new game
22:53:09.495 [JavaFX Application Thread] DEBUG PrimaryStageWindow   - Pop state: LevelSelectSubScene
22:53:09.495 [JavaFX Application Thread] DEBUG Input                - Clearing active input actions
22:53:09.496 [JavaFX Application Thread] DEBUG GameApplicationServi - Removing overlay from LevelSelectSubScene and adding to TestMainMenu
22:53:09.497 [JavaFX Application Thread] DEBUG PrimaryStageWindow   - TestMainMenu <- LevelSelectSubScene
22:53:09.497 [JavaFX Application Thread] DEBUG PrimaryStageWindow   - Pop state: TestMainMenu
22:53:09.497 [JavaFX Application Thread] DEBUG Input                - Clearing active input actions
22:53:09.497 [JavaFX Application Thread] DEBUG GameApplicationServi - Removing overlay from TestMainMenu and adding to FXGLMainMenuDummyScene
22:53:09.497 [JavaFX Application Thread] DEBUG PrimaryStageWindow   - FXGLMainMenuDummyScene <- TestMainMenu
22:53:09.497 [JavaFX Application Thread] DEBUG Input                - Clearing active input actions
22:53:09.503 [JavaFX Application Thread] DEBUG GameApplicationServi - Removing overlay from FXGLMainMenuDummyScene and adding to CustomLoadingScene
22:53:09.503 [JavaFX Application Thread] DEBUG PrimaryStageWindow   - FXGLMainMenuDummyScene -> CustomLoadingScene
22:53:09.503 [JavaFX Application Thread] DEBUG GameApplicationServi - Clearing previous game
22:53:09.503 [JavaFX Application Thread] DEBUG GameScene            - Clearing game scene
22:53:09.503 [JavaFX Application Thread] DEBUG GameWorld            - Clearing game world
22:53:09.503 [JavaFX Application Thread] DEBUG PhysicsWorld         - Clearing physics world
22:53:09.504 [JavaFX Application Thread] WARN  PrimaryStageWindow   - Cannot pop substate. Probably because substates are empty!
22:53:09.504 [FXGL Background Thread 4 ] DEBUG FXGLApplication      - Initializing game
22:53:09.768 [FXGL Background Thread 4 ] INFO  FXGLApplication      - Game initialization took: 0.263 sec
22:53:09.769 [JavaFX Application Thread] DEBUG Input                - Clearing active input actions
22:53:09.779 [JavaFX Application Thread] DEBUG GameApplicationServi - Removing overlay from CustomLoadingScene and adding to GameScene
22:53:09.780 [JavaFX Application Thread] DEBUG PrimaryStageWindow   - CustomLoadingScene -> GameScene
22:53:16.435 [JavaFX Application Thread] DEBUG PrimaryStageWindow   - Push state: TestMainMenu
22:53:16.435 [JavaFX Application Thread] DEBUG Input                - Clearing active input actions
22:53:16.436 [JavaFX Application Thread] DEBUG GameApplicationServi - Removing overlay from GameScene and adding to TestMainMenu
22:53:16.437 [JavaFX Application Thread] DEBUG PrimaryStageWindow   - GameScene -> TestMainMenu
22:53:17.769 [JavaFX Application Thread] DEBUG PrimaryStageWindow   - Push state: LevelSelectSubScene
22:53:17.769 [JavaFX Application Thread] DEBUG Input                - Clearing active input actions
22:53:17.769 [JavaFX Application Thread] DEBUG GameApplicationServi - Removing overlay from TestMainMenu and adding to LevelSelectSubScene
22:53:17.769 [JavaFX Application Thread] DEBUG PrimaryStageWindow   - TestMainMenu -> LevelSelectSubScene
22:53:18.886 [JavaFX Application Thread] DEBUG GameWorld            - Clearing game world
22:53:18.891 [JavaFX Application Thread] DEBUG GameApplicationServi - Starting new game
22:53:18.891 [JavaFX Application Thread] DEBUG PrimaryStageWindow   - Pop state: LevelSelectSubScene
22:53:18.891 [JavaFX Application Thread] DEBUG Input                - Clearing active input actions
22:53:18.892 [JavaFX Application Thread] DEBUG GameApplicationServi - Removing overlay from LevelSelectSubScene and adding to TestMainMenu
22:53:18.892 [JavaFX Application Thread] DEBUG PrimaryStageWindow   - TestMainMenu <- LevelSelectSubScene
22:53:18.892 [JavaFX Application Thread] DEBUG PrimaryStageWindow   - Pop state: TestMainMenu
22:53:18.892 [JavaFX Application Thread] DEBUG Input                - Clearing active input actions
22:53:18.892 [JavaFX Application Thread] DEBUG GameApplicationServi - Removing overlay from TestMainMenu and adding to GameScene
22:53:18.892 [JavaFX Application Thread] DEBUG PrimaryStageWindow   - GameScene <- TestMainMenu
22:53:18.892 [JavaFX Application Thread] DEBUG Input                - Clearing active input actions
22:53:18.898 [JavaFX Application Thread] DEBUG GameApplicationServi - Removing overlay from GameScene and adding to CustomLoadingScene
22:53:18.898 [JavaFX Application Thread] DEBUG PrimaryStageWindow   - GameScene -> CustomLoadingScene
22:53:18.898 [JavaFX Application Thread] DEBUG GameApplicationServi - Clearing previous game
22:53:18.898 [JavaFX Application Thread] DEBUG GameScene            - Clearing game scene
22:53:18.898 [JavaFX Application Thread] DEBUG GameWorld            - Clearing game world
22:53:18.898 [JavaFX Application Thread] DEBUG PhysicsWorld         - Clearing physics world
22:53:18.898 [JavaFX Application Thread] WARN  PrimaryStageWindow   - Cannot pop substate. Probably because substates are empty!
22:53:18.899 [FXGL Background Thread 4 ] DEBUG FXGLApplication      - Initializing game
22:53:19.019 [FXGL Background Thread 4 ] INFO  FXGLApplication      - Game initialization took: 0.120 sec
22:53:19.020 [JavaFX Application Thread] DEBUG Input                - Clearing active input actions
22:53:19.026 [JavaFX Application Thread] DEBUG GameApplicationServi - Removing overlay from CustomLoadingScene and adding to GameScene
22:53:19.027 [JavaFX Application Thread] DEBUG PrimaryStageWindow   - CustomLoadingScene -> GameScene
22:53:38.210 [JavaFX Application Thread] DEBUG LoopRunner           - Pausing loop
22:53:38.266 [JavaFX Application Thread] DEBUG PrimaryStageWindow   - Push state: FailSubScene
22:53:38.266 [JavaFX Application Thread] DEBUG Input                - Clearing active input actions
22:53:38.267 [JavaFX Application Thread] DEBUG GameApplicationServi - Removing overlay from GameScene and adding to FailSubScene
22:53:38.267 [JavaFX Application Thread] DEBUG PrimaryStageWindow   - GameScene -> FailSubScene
22:53:40.724 [JavaFX Application Thread] DEBUG PrimaryStageWindow   - Pop state: FailSubScene
22:53:40.724 [JavaFX Application Thread] DEBUG Input                - Clearing active input actions
22:53:40.725 [JavaFX Application Thread] DEBUG GameApplicationServi - Removing overlay from FailSubScene and adding to GameScene
22:53:40.725 [JavaFX Application Thread] DEBUG PrimaryStageWindow   - GameScene <- FailSubScene
22:53:40.830 [JavaFX Application Thread] DEBUG PrimaryStageWindow   - Push state: TestMainMenu
22:53:40.830 [JavaFX Application Thread] DEBUG Input                - Clearing active input actions
22:53:40.831 [JavaFX Application Thread] DEBUG GameApplicationServi - Removing overlay from GameScene and adding to TestMainMenu
22:53:40.831 [JavaFX Application Thread] DEBUG PrimaryStageWindow   - GameScene -> TestMainMenu
22:53:42.273 [JavaFX Application Thread] DEBUG PrimaryStageWindow   - Push state: LevelSelectSubScene
22:53:42.273 [JavaFX Application Thread] DEBUG Input                - Clearing active input actions
22:53:42.274 [JavaFX Application Thread] DEBUG GameApplicationServi - Removing overlay from TestMainMenu and adding to LevelSelectSubScene
22:53:42.274 [JavaFX Application Thread] DEBUG PrimaryStageWindow   - TestMainMenu -> LevelSelectSubScene
22:53:43.079 [JavaFX Application Thread] DEBUG GameWorld            - Clearing game world
22:53:43.082 [JavaFX Application Thread] DEBUG GameApplicationServi - Starting new game
22:53:43.082 [JavaFX Application Thread] DEBUG PrimaryStageWindow   - Pop state: LevelSelectSubScene
22:53:43.082 [JavaFX Application Thread] DEBUG Input                - Clearing active input actions
22:53:43.082 [JavaFX Application Thread] DEBUG GameApplicationServi - Removing overlay from LevelSelectSubScene and adding to TestMainMenu
22:53:43.083 [JavaFX Application Thread] DEBUG PrimaryStageWindow   - TestMainMenu <- LevelSelectSubScene
22:53:43.083 [JavaFX Application Thread] DEBUG PrimaryStageWindow   - Pop state: TestMainMenu
22:53:43.083 [JavaFX Application Thread] DEBUG Input                - Clearing active input actions
22:53:43.083 [JavaFX Application Thread] DEBUG GameApplicationServi - Removing overlay from TestMainMenu and adding to GameScene
22:53:43.083 [JavaFX Application Thread] DEBUG PrimaryStageWindow   - GameScene <- TestMainMenu
22:53:43.083 [JavaFX Application Thread] DEBUG Input                - Clearing active input actions
22:53:43.086 [JavaFX Application Thread] DEBUG GameApplicationServi - Removing overlay from GameScene and adding to CustomLoadingScene
22:53:43.087 [JavaFX Application Thread] DEBUG PrimaryStageWindow   - GameScene -> CustomLoadingScene
22:53:43.087 [JavaFX Application Thread] DEBUG GameApplicationServi - Clearing previous game
22:53:43.087 [JavaFX Application Thread] DEBUG GameScene            - Clearing game scene
22:53:43.087 [JavaFX Application Thread] DEBUG GameWorld            - Clearing game world
22:53:43.087 [JavaFX Application Thread] DEBUG PhysicsWorld         - Clearing physics world
22:53:43.087 [JavaFX Application Thread] WARN  PrimaryStageWindow   - Cannot pop substate. Probably because substates are empty!
22:53:43.087 [FXGL Background Thread 4 ] DEBUG FXGLApplication      - Initializing game
22:53:43.217 [FXGL Background Thread 4 ] INFO  FXGLApplication      - Game initialization took: 0.129 sec
22:53:43.217 [JavaFX Application Thread] DEBUG Input                - Clearing active input actions
22:53:43.221 [JavaFX Application Thread] DEBUG GameApplicationServi - Removing overlay from CustomLoadingScene and adding to GameScene
22:53:43.221 [JavaFX Application Thread] DEBUG PrimaryStageWindow   - CustomLoadingScene -> GameScene
22:53:48.668 [JavaFX Application Thread] DEBUG PrimaryStageWindow   - Push state: TestMainMenu
22:53:48.668 [JavaFX Application Thread] DEBUG Input                - Clearing active input actions
22:53:48.669 [JavaFX Application Thread] DEBUG GameApplicationServi - Removing overlay from GameScene and adding to TestMainMenu
22:53:48.669 [JavaFX Application Thread] DEBUG PrimaryStageWindow   - GameScene -> TestMainMenu
22:53:50.077 [JavaFX Application Thread] DEBUG PrimaryStageWindow   - Push state: LevelSelectSubScene
22:53:50.077 [JavaFX Application Thread] DEBUG Input                - Clearing active input actions
22:53:50.077 [JavaFX Application Thread] DEBUG GameApplicationServi - Removing overlay from TestMainMenu and adding to LevelSelectSubScene
22:53:50.077 [JavaFX Application Thread] DEBUG PrimaryStageWindow   - TestMainMenu -> LevelSelectSubScene
22:53:51.045 [JavaFX Application Thread] DEBUG GameWorld            - Clearing game world
22:53:51.048 [JavaFX Application Thread] DEBUG GameApplicationServi - Starting new game
22:53:51.048 [JavaFX Application Thread] DEBUG PrimaryStageWindow   - Pop state: LevelSelectSubScene
22:53:51.048 [JavaFX Application Thread] DEBUG Input                - Clearing active input actions
22:53:51.049 [JavaFX Application Thread] DEBUG GameApplicationServi - Removing overlay from LevelSelectSubScene and adding to TestMainMenu
22:53:51.049 [JavaFX Application Thread] DEBUG PrimaryStageWindow   - TestMainMenu <- LevelSelectSubScene
22:53:51.049 [JavaFX Application Thread] DEBUG PrimaryStageWindow   - Pop state: TestMainMenu
22:53:51.049 [JavaFX Application Thread] DEBUG Input                - Clearing active input actions
22:53:51.049 [JavaFX Application Thread] DEBUG GameApplicationServi - Removing overlay from TestMainMenu and adding to GameScene
22:53:51.049 [JavaFX Application Thread] DEBUG PrimaryStageWindow   - GameScene <- TestMainMenu
22:53:51.049 [JavaFX Application Thread] DEBUG Input                - Clearing active input actions
22:53:51.052 [JavaFX Application Thread] DEBUG GameApplicationServi - Removing overlay from GameScene and adding to CustomLoadingScene
22:53:51.053 [JavaFX Application Thread] DEBUG PrimaryStageWindow   - GameScene -> CustomLoadingScene
22:53:51.053 [JavaFX Application Thread] DEBUG GameApplicationServi - Clearing previous game
22:53:51.053 [JavaFX Application Thread] DEBUG GameScene            - Clearing game scene
22:53:51.053 [JavaFX Application Thread] DEBUG GameWorld            - Clearing game world
22:53:51.053 [JavaFX Application Thread] DEBUG PhysicsWorld         - Clearing physics world
22:53:51.053 [JavaFX Application Thread] WARN  PrimaryStageWindow   - Cannot pop substate. Probably because substates are empty!
22:53:51.053 [FXGL Background Thread 4 ] DEBUG FXGLApplication      - Initializing game
22:53:51.205 [FXGL Background Thread 4 ] INFO  FXGLApplication      - Game initialization took: 0.152 sec
22:53:51.206 [JavaFX Application Thread] DEBUG Input                - Clearing active input actions
22:53:51.210 [JavaFX Application Thread] DEBUG GameApplicationServi - Removing overlay from CustomLoadingScene and adding to GameScene
22:53:51.210 [JavaFX Application Thread] DEBUG PrimaryStageWindow   - CustomLoadingScene -> GameScene
22:54:12.100 [JavaFX Application Thread] DEBUG LoopRunner           - Pausing loop
22:54:12.142 [JavaFX Application Thread] DEBUG PrimaryStageWindow   - Push state: FailSubScene
22:54:12.142 [JavaFX Application Thread] DEBUG Input                - Clearing active input actions
22:54:12.142 [JavaFX Application Thread] DEBUG GameApplicationServi - Removing overlay from GameScene and adding to FailSubScene
22:54:12.142 [JavaFX Application Thread] DEBUG PrimaryStageWindow   - GameScene -> FailSubScene
22:54:13.694 [JavaFX Application Thread] DEBUG PrimaryStageWindow   - Pop state: FailSubScene
22:54:13.694 [JavaFX Application Thread] DEBUG Input                - Clearing active input actions
22:54:13.694 [JavaFX Application Thread] DEBUG GameApplicationServi - Removing overlay from FailSubScene and adding to GameScene
22:54:13.695 [JavaFX Application Thread] DEBUG PrimaryStageWindow   - GameScene <- FailSubScene
22:54:13.796 [JavaFX Application Thread] DEBUG PrimaryStageWindow   - Push state: TestMainMenu
22:54:13.796 [JavaFX Application Thread] DEBUG Input                - Clearing active input actions
22:54:13.797 [JavaFX Application Thread] DEBUG GameApplicationServi - Removing overlay from GameScene and adding to TestMainMenu
22:54:13.797 [JavaFX Application Thread] DEBUG PrimaryStageWindow   - GameScene -> TestMainMenu
22:54:27.898 [JavaFX Application Thread] DEBUG PrimaryStageWindow   - Push state: LevelSelectSubScene
22:54:27.898 [JavaFX Application Thread] DEBUG Input                - Clearing active input actions
22:54:27.898 [JavaFX Application Thread] DEBUG GameApplicationServi - Removing overlay from TestMainMenu and adding to LevelSelectSubScene
22:54:27.899 [JavaFX Application Thread] DEBUG PrimaryStageWindow   - TestMainMenu -> LevelSelectSubScene
22:54:28.812 [JavaFX Application Thread] DEBUG GameWorld            - Clearing game world
22:54:28.814 [JavaFX Application Thread] DEBUG GameApplicationServi - Starting new game
22:54:28.815 [JavaFX Application Thread] DEBUG PrimaryStageWindow   - Pop state: LevelSelectSubScene
22:54:28.815 [JavaFX Application Thread] DEBUG Input                - Clearing active input actions
22:54:28.815 [JavaFX Application Thread] DEBUG GameApplicationServi - Removing overlay from LevelSelectSubScene and adding to TestMainMenu
22:54:28.815 [JavaFX Application Thread] DEBUG PrimaryStageWindow   - TestMainMenu <- LevelSelectSubScene
22:54:28.815 [JavaFX Application Thread] DEBUG PrimaryStageWindow   - Pop state: TestMainMenu
22:54:28.815 [JavaFX Application Thread] DEBUG Input                - Clearing active input actions
22:54:28.815 [JavaFX Application Thread] DEBUG GameApplicationServi - Removing overlay from TestMainMenu and adding to GameScene
22:54:28.816 [JavaFX Application Thread] DEBUG PrimaryStageWindow   - GameScene <- TestMainMenu
22:54:28.816 [JavaFX Application Thread] DEBUG Input                - Clearing active input actions
22:54:28.819 [JavaFX Application Thread] DEBUG GameApplicationServi - Removing overlay from GameScene and adding to CustomLoadingScene
22:54:28.819 [JavaFX Application Thread] DEBUG PrimaryStageWindow   - GameScene -> CustomLoadingScene
22:54:28.819 [JavaFX Application Thread] DEBUG GameApplicationServi - Clearing previous game
22:54:28.819 [JavaFX Application Thread] DEBUG GameScene            - Clearing game scene
22:54:28.819 [JavaFX Application Thread] DEBUG GameWorld            - Clearing game world
22:54:28.819 [JavaFX Application Thread] DEBUG PhysicsWorld         - Clearing physics world
22:54:28.819 [JavaFX Application Thread] WARN  PrimaryStageWindow   - Cannot pop substate. Probably because substates are empty!
22:54:28.819 [FXGL Background Thread 4 ] DEBUG FXGLApplication      - Initializing game
22:54:28.915 [FXGL Background Thread 4 ] INFO  FXGLApplication      - Game initialization took: 0.095 sec
22:54:28.915 [JavaFX Application Thread] DEBUG Input                - Clearing active input actions
22:54:28.918 [JavaFX Application Thread] DEBUG GameApplicationServi - Removing overlay from CustomLoadingScene and adding to GameScene
22:54:28.918 [JavaFX Application Thread] DEBUG PrimaryStageWindow   - CustomLoadingScene -> GameScene
22:54:36.388 [JavaFX Application Thread] DEBUG FXGLApplication      - Exiting FXGL
22:54:36.388 [JavaFX Application Thread] DEBUG LoopRunner           - Stopping loop
22:54:36.388 [JavaFX Application Thread] DEBUG SystemBundleService  - Saving FXGL system data
22:54:36.390 [JavaFX Application Thread] DEBUG FileSystemAccess     - Writing to: /home/dayrat/IdeaProjects/CATPERSON/system/fxgl.bundle
22:54:36.393 [JavaFX Application Thread] DEBUG Async                - Shutting down background threads
22:54:36.394 [JavaFX Application Thread] DEBUG PrimaryStageWindow   - Closing main window
22:54:36.396 [JavaFX Application Thread] DEBUG Logger               - Closing Logger
