06:32:55.834 [main                     ] DEBUG Logger               - Configured Logger
06:32:55.854 [main                     ] DEBUG GameApplication      - Logging settings
Title: CatPerson
Version: 1.0
Width: 1024
Height: 1024
Fullscreen: false
Intro: false
Profiling: false
Single step:false
App Mode: DEVELOPER
Menu Key: ESCAPE
Stage Style: DECORATED
Scene Factory: class com.mycat.catperson.CatPerson$1

06:32:56.267 [JavaFX Application Thread] DEBUG FXGLApplication      - Initializing FXGL
06:32:56.270 [JavaFX Application Thread] INFO  Engine               - FXGL-11.17 (16.07.2021 15.46) on LINUX (J:11.0.27 FX:17.0.6)
06:32:56.271 [JavaFX Application Thread] DEBUG Engine               - JRE Vendor Name: Ubuntu
06:32:56.271 [JavaFX Application Thread] DEBUG Engine               - Running on OS: Linux version 6.8.0-59-generic
06:32:56.271 [JavaFX Application Thread] DEBUG Engine               - Architecture: amd64
06:32:56.272 [JavaFX Application Thread] INFO  Engine               - Source code and latest versions at: https://github.com/AlmasB/FXGL
06:32:56.272 [JavaFX Application Thread] INFO  Engine               -              Join the FXGL chat at: https://gitter.im/AlmasB/FXGL
06:32:56.402 [JavaFX Application Thread] DEBUG PrimaryStageWindow   - Creating a JavaFX scene
06:32:56.552 [JavaFX Application Thread] DEBUG PrimaryStageWindow   - Target settings size: 1024.0 x 1024.0
06:32:56.552 [JavaFX Application Thread] DEBUG PrimaryStageWindow   - Scaled scene size:    1024.0 x 1024.0
06:32:56.553 [JavaFX Application Thread] DEBUG PrimaryStageWindow   - Scaled ratio: (1.0, 1.0)
06:32:56.554 [JavaFX Application Thread] DEBUG PrimaryStageWindow   - Set initial scene to FXGLStartupScene
06:32:56.560 [JavaFX Application Thread] DEBUG PrimaryStageWindow   - Opening main window
06:32:56.614 [JavaFX Application Thread] DEBUG PrimaryStageWindow   - Window border size: (2.0, 29.0)
06:32:56.615 [JavaFX Application Thread] DEBUG PrimaryStageWindow   - Scaled size: 1024.0 x 1024.0
06:32:56.615 [JavaFX Application Thread] DEBUG PrimaryStageWindow   - Scaled ratio: (1.0, 1.0)
06:32:56.616 [JavaFX Application Thread] DEBUG PrimaryStageWindow   - Scene size: 1024.0 x 1024.0
06:32:56.616 [JavaFX Application Thread] DEBUG PrimaryStageWindow   - Stage size: 1026.0 x 1053.0
06:32:56.623 [FXGL Background Thread 1 ] DEBUG Engine               - Initializing environment variables
06:32:56.679 [FXGL Background Thread 1 ] DEBUG FXGLAssetLoaderServi - User app class for loading assets: class com.mycat.catperson.CatPerson
06:32:56.679 [FXGL Background Thread 1 ] DEBUG GameApplicationServi - Applying CSS: fxgl_dark.css
06:32:56.680 [FXGL Background Thread 1 ] DEBUG FXGLAssetLoaderServi - Loading from file system: jar:file:///home/dayrat/.m2/repository/com/github/almasb/fxgl/11.17/fxgl-11.17.jar!/fxglassets/ui/css/fxgl_dark.css
06:32:56.746 [FXGL Background Thread 1 ] DEBUG GameApplicationServi - Initializing application scenes
06:32:56.884 [FXGL Background Thread 1 ] DEBUG GameWorld            - Game world initialized
06:32:56.932 [FXGL Background Thread 1 ] DEBUG PhysicsWorld         - Physics world initialized: appHeight=1024, physics.ppm=50.0
06:32:56.932 [FXGL Background Thread 1 ] DEBUG PhysicsWorld         - Using strategy: BRUTE_FORCE
06:32:56.935 [FXGL Background Thread 1 ] DEBUG GameScene            - Game scene initialized: 1024x1024
06:32:57.036 [FXGL Background Thread 1 ] DEBUG FXGL.DefaultMenu     - createMenuBodyGameMenu()
06:32:57.041 [FXGL Background Thread 1 ] DEBUG FXGL.DefaultMenu     - createOptionsMenu()
06:32:57.044 [FXGL Background Thread 1 ] DEBUG FXGLAssetLoaderServi - Loading from file system: jar:file:///home/dayrat/.m2/repository/com/github/almasb/fxgl/11.17/fxgl-11.17.jar!/fxglassets/textures/particles/smoke.png
06:32:57.106 [FXGL Background Thread 1 ] DEBUG FXGLAssetLoaderServi - Loading from file system: jar:file:///home/dayrat/.m2/repository/com/github/almasb/fxgl/11.17/fxgl-11.17.jar!/fxglassets/textures/particles/trace_horizontal.png
06:32:57.120 [FXGL Background Thread 1 ] DEBUG GameApplicationServi - Application scenes initialized
06:32:57.124 [FXGL Background Thread 1 ] DEBUG SystemBundleService  - Loading FXGL system data
06:32:57.126 [FXGL Background Thread 1 ] DEBUG FileSystemAccess     - Reading from: /home/dayrat/IdeaProjects/CATPERSON/system/fxgl.bundle
06:32:57.129 [FXGL Background Thread 1 ] DEBUG SystemBundleService  - Bundle FXGL: {}
06:32:57.129 [FXGL Background Thread 1 ] DEBUG UpdaterService       - Checking for updates
06:32:57.131 [FXGL Background Thread 4 ] DEBUG FXGLApplication      - Loading fonts
06:32:57.131 [FXGL Background Thread 1 ] DEBUG FXGLApplication      - Loading default localization
06:32:57.131 [FXGL Background Thread 4 ] DEBUG FXGLAssetLoaderServi - Loading from file system: jar:file:///home/dayrat/.m2/repository/com/github/almasb/fxgl/11.17/fxgl-11.17.jar!/fxglassets/ui/fonts/VarelaRound-Regular.ttf
06:32:57.131 [FXGL Background Thread 1 ] DEBUG FXGLAssetLoaderServi - Loading from file system: jar:file:///home/dayrat/.m2/repository/com/github/almasb/fxgl/11.17/fxgl-11.17.jar!/fxglassets/languages/english.lang
06:32:57.138 [FXGL Background Thread 4 ] DEBUG FXGLAssetLoaderServi - Loading from file system: jar:file:///home/dayrat/.m2/repository/com/github/almasb/fxgl/11.17/fxgl-11.17.jar!/fxglassets/ui/fonts/Abel-Regular.ttf
06:32:57.139 [FXGL Background Thread 1 ] INFO  FXGLApplication      - FXGL initialization took: 0.516 sec
06:32:57.139 [FXGL Background Thread 4 ] DEBUG FXGLAssetLoaderServi - Loading from file system: jar:file:///home/dayrat/.m2/repository/com/github/almasb/fxgl/11.17/fxgl-11.17.jar!/fxglassets/ui/fonts/lucida_console.ttf
06:32:57.141 [FXGL Background Thread 4 ] DEBUG FXGLAssetLoaderServi - Loading from file system: jar:file:///home/dayrat/.m2/repository/com/github/almasb/fxgl/11.17/fxgl-11.17.jar!/fxglassets/ui/fonts/Courier-Prime.ttf
06:32:57.146 [JavaFX Application Thread] DEBUG Input                - Registered new binding: action0 - Up
06:32:57.146 [JavaFX Application Thread] DEBUG Input                - Registered new binding: action1 - Down
06:32:57.146 [JavaFX Application Thread] DEBUG Input                - Registered new binding: action2 - Left
06:32:57.146 [JavaFX Application Thread] DEBUG Input                - Registered new binding: action3 - Right
06:32:57.146 [JavaFX Application Thread] DEBUG FXGLAssetLoaderServi - Loading from file system: jar:file:///home/dayrat/.m2/repository/com/github/almasb/fxgl/11.17/fxgl-11.17.jar!/fxglassets/textures/fxgl_icon.png
06:32:57.154 [JavaFX Application Thread] DEBUG FXGLAssetLoaderServi - Loading from file system: jar:file:///home/dayrat/.m2/repository/com/github/almasb/fxgl/11.17/fxgl-11.17.jar!/fxglassets/textures/fxgl_default_cursor.png
06:32:57.156 [JavaFX Application Thread] DEBUG Input                - Registered new binding: Screenshot - CTRL+8
06:32:57.156 [JavaFX Application Thread] DEBUG Input                - Registered new binding: System info dump - CTRL+9
06:32:57.157 [JavaFX Application Thread] DEBUG Input                - Registered new binding: Restart - CTRL+R
06:32:57.157 [JavaFX Application Thread] DEBUG Input                - Registered new binding: Toggle Debug Camera - CTRL+C
06:32:57.159 [JavaFX Application Thread] DEBUG LoopRunner           - Starting loop
06:32:57.159 [JavaFX Application Thread] DEBUG LoopRunner           - Initializing JavaFX AnimationTimerLoop
06:32:57.162 [JavaFX Application Thread] DEBUG Input                - Clearing active input actions
06:32:57.174 [JavaFX Application Thread] DEBUG GameApplicationServi - Removing overlay from FXGLStartupScene and adding to FXGLMainMenuDummyScene
06:32:57.174 [JavaFX Application Thread] DEBUG PrimaryStageWindow   - FXGLStartupScene -> FXGLMainMenuDummyScene
06:32:57.175 [JavaFX Application Thread] DEBUG PrimaryStageWindow   - Push state: TestMainMenu
06:32:57.175 [JavaFX Application Thread] DEBUG Input                - Clearing active input actions
06:32:57.182 [JavaFX Application Thread] DEBUG GameApplicationServi - Removing overlay from FXGLMainMenuDummyScene and adding to TestMainMenu
06:32:57.182 [JavaFX Application Thread] DEBUG PrimaryStageWindow   - FXGLMainMenuDummyScene -> TestMainMenu
06:32:57.183 [JavaFX Application Thread] DEBUG FXGLApplication      - Registering font factories with UI factory
06:33:00.131 [FXGL Background Thread 3 ] DEBUG Engine               - Logging environment variables
06:33:00.132 [FXGL Background Thread 3 ] DEBUG Engine               - achievements: []
06:33:00.133 [FXGL Background Thread 3 ] DEBUG Engine               - actualHeight: 1024.0
06:33:00.133 [FXGL Background Thread 3 ] DEBUG Engine               - actualHeightProperty: ReadOnlyDoubleProperty [value: 1032.0]
06:33:00.133 [FXGL Background Thread 3 ] DEBUG Engine               - actualWidth: 1022.0
06:33:00.133 [FXGL Background Thread 3 ] DEBUG Engine               - actualWidthProperty: ReadOnlyDoubleProperty [value: 1022.0]
06:33:00.133 [FXGL Background Thread 3 ] DEBUG Engine               - appIcon: fxgl_icon.png
06:33:00.134 [FXGL Background Thread 3 ] DEBUG Engine               - applicationMode: DEVELOPER
06:33:00.134 [FXGL Background Thread 3 ] DEBUG Engine               - cSSList: [fxgl_dark.css]
06:33:00.134 [FXGL Background Thread 3 ] DEBUG Engine               - collisionDetectionStrategy: BRUTE_FORCE
06:33:00.134 [FXGL Background Thread 3 ] DEBUG Engine               - configClass: Optional.empty
06:33:00.134 [FXGL Background Thread 3 ] DEBUG Engine               - credits: []
06:33:00.134 [FXGL Background Thread 3 ] DEBUG Engine               - defaultCursor: CursorInfo(imageName=fxgl_default_cursor.png, hotspotX=7.0, hotspotY=6.0)
06:33:00.134 [FXGL Background Thread 3 ] DEBUG Engine               - devBBoxColorProperty: ObjectProperty [value: 0xff0000ff]
06:33:00.135 [FXGL Background Thread 3 ] DEBUG Engine               - devEnableDebugCameraProperty: BooleanProperty [value: false]
06:33:00.135 [FXGL Background Thread 3 ] DEBUG Engine               - devSensorColorProperty: ObjectProperty [value: 0xffff00ff]
06:33:00.135 [FXGL Background Thread 3 ] DEBUG Engine               - devShowBBoxProperty: BooleanProperty [value: false]
06:33:00.135 [FXGL Background Thread 3 ] DEBUG Engine               - devShowPositionProperty: BooleanProperty [value: false]
06:33:00.135 [FXGL Background Thread 3 ] DEBUG Engine               - enabledMenuItems: []
06:33:00.135 [FXGL Background Thread 3 ] DEBUG Engine               - engineServices: [class com.almasb.fxgl.app.services.FXGLAssetLoaderService, class com.almasb.fxgl.app.FXGLApplication$GameApplicationService, class com.almasb.fxgl.app.services.FXGLDialogService, class com.almasb.fxgl.app.services.IOTaskExecutorService, class com.almasb.fxgl.io.FileSystemService, class com.almasb.fxgl.localization.LocalizationService, class com.almasb.fxgl.app.services.SystemBundleService, class com.almasb.fxgl.profile.SaveLoadService, class com.almasb.fxgl.ui.FXGLUIFactoryServiceProvider, class com.almasb.fxgl.ui.FXGLDialogFactoryServiceProvider, class com.almasb.fxgl.audio.AudioPlayer, class com.almasb.fxgl.notification.impl.NotificationServiceProvider, class com.almasb.fxgl.achievement.AchievementService, class com.almasb.fxgl.cutscene.CutsceneService, class com.almasb.fxgl.minigames.MiniGameService, class com.almasb.fxgl.net.NetService, class com.almasb.fxgl.app.services.UpdaterService, class com.almasb.fxgl.dev.DevService]
06:33:00.135 [FXGL Background Thread 3 ] DEBUG Engine               - fontGame: Abel-Regular.ttf
06:33:00.136 [FXGL Background Thread 3 ] DEBUG Engine               - fontMono: lucida_console.ttf
06:33:00.136 [FXGL Background Thread 3 ] DEBUG Engine               - fontText: Courier-Prime.ttf
06:33:00.136 [FXGL Background Thread 3 ] DEBUG Engine               - fontUI: VarelaRound-Regular.ttf
06:33:00.136 [FXGL Background Thread 3 ] DEBUG Engine               - fullScreen: BooleanProperty [value: false]
06:33:00.136 [FXGL Background Thread 3 ] DEBUG Engine               - gameDifficulty: MEDIUM
06:33:00.136 [FXGL Background Thread 3 ] DEBUG Engine               - gameDifficultyProperty: ObjectProperty [value: MEDIUM]
06:33:00.136 [FXGL Background Thread 3 ] DEBUG Engine               - globalMusicVolume: 0.5
06:33:00.136 [FXGL Background Thread 3 ] DEBUG Engine               - globalMusicVolumeProperty: DoubleProperty [value: 0.5]
06:33:00.137 [FXGL Background Thread 3 ] DEBUG Engine               - globalSoundVolume: 0.5
06:33:00.137 [FXGL Background Thread 3 ] DEBUG Engine               - globalSoundVolumeProperty: DoubleProperty [value: 0.5]
06:33:00.137 [FXGL Background Thread 3 ] DEBUG Engine               - height: 1024
06:33:00.137 [FXGL Background Thread 3 ] DEBUG Engine               - is3D: false
06:33:00.137 [FXGL Background Thread 3 ] DEBUG Engine               - isAndroid: false
06:33:00.137 [FXGL Background Thread 3 ] DEBUG Engine               - isBrowser: false
06:33:00.137 [FXGL Background Thread 3 ] DEBUG Engine               - isClickFeedbackEnabled: false
06:33:00.138 [FXGL Background Thread 3 ] DEBUG Engine               - isCloseConfirmation: false
06:33:00.138 [FXGL Background Thread 3 ] DEBUG Engine               - isDesktop: true
06:33:00.138 [FXGL Background Thread 3 ] DEBUG Engine               - isDeveloperMenuEnabled: false
06:33:00.138 [FXGL Background Thread 3 ] DEBUG Engine               - isEntityPreloadEnabled: true
06:33:00.138 [FXGL Background Thread 3 ] DEBUG Engine               - isExperimentalTiledLargeMap: false
06:33:00.138 [FXGL Background Thread 3 ] DEBUG Engine               - isFileSystemWriteAllowed: true
06:33:00.138 [FXGL Background Thread 3 ] DEBUG Engine               - isFullScreenAllowed: false
06:33:00.138 [FXGL Background Thread 3 ] DEBUG Engine               - isFullScreenFromStart: false
06:33:00.138 [FXGL Background Thread 3 ] DEBUG Engine               - isGameMenuEnabled: true
06:33:00.139 [FXGL Background Thread 3 ] DEBUG Engine               - isIOS: false
06:33:00.139 [FXGL Background Thread 3 ] DEBUG Engine               - isIntroEnabled: false
06:33:00.139 [FXGL Background Thread 3 ] DEBUG Engine               - isLinux: true
06:33:00.139 [FXGL Background Thread 3 ] DEBUG Engine               - isMac: false
06:33:00.139 [FXGL Background Thread 3 ] DEBUG Engine               - isMainMenuEnabled: true
06:33:00.139 [FXGL Background Thread 3 ] DEBUG Engine               - isManualResizeEnabled: false
06:33:00.139 [FXGL Background Thread 3 ] DEBUG Engine               - isMobile: false
06:33:00.139 [FXGL Background Thread 3 ] DEBUG Engine               - isNative: false
06:33:00.139 [FXGL Background Thread 3 ] DEBUG Engine               - isPauseMusicWhenMinimized: true
06:33:00.139 [FXGL Background Thread 3 ] DEBUG Engine               - isPreserveResizeRatio: false
06:33:00.139 [FXGL Background Thread 3 ] DEBUG Engine               - isProfilingEnabled: false
06:33:00.139 [FXGL Background Thread 3 ] DEBUG Engine               - isScaleAffectedOnResize: true
06:33:00.139 [FXGL Background Thread 3 ] DEBUG Engine               - isSingleStep: false
06:33:00.139 [FXGL Background Thread 3 ] DEBUG Engine               - isUserProfileEnabled: false
06:33:00.139 [FXGL Background Thread 3 ] DEBUG Engine               - isWindows: false
06:33:00.139 [FXGL Background Thread 3 ] DEBUG Engine               - language: ObjectProperty [value: ENGLISH]
06:33:00.140 [FXGL Background Thread 3 ] DEBUG Engine               - menuKey: ESCAPE
06:33:00.140 [FXGL Background Thread 3 ] DEBUG Engine               - mouseSensitivity: 0.2
06:33:00.140 [FXGL Background Thread 3 ] DEBUG Engine               - notificationViewClass: class com.almasb.fxgl.notification.view.XboxNotificationView
06:33:00.140 [FXGL Background Thread 3 ] DEBUG Engine               - pixelsPerMeter: 50.0
06:33:00.140 [FXGL Background Thread 3 ] DEBUG Engine               - platform: LINUX
06:33:00.140 [FXGL Background Thread 3 ] DEBUG Engine               - prefHeightProperty: ReadOnlyDoubleProperty [value: 1024.0]
06:33:00.140 [FXGL Background Thread 3 ] DEBUG Engine               - prefWidthProperty: ReadOnlyDoubleProperty [value: 1024.0]
06:33:00.140 [FXGL Background Thread 3 ] DEBUG Engine               - profileDir: profiles/
06:33:00.140 [FXGL Background Thread 3 ] DEBUG Engine               - profileName: StringProperty [value: DEFAULT]
06:33:00.140 [FXGL Background Thread 3 ] DEBUG Engine               - randomSeed: -1
06:33:00.140 [FXGL Background Thread 3 ] DEBUG Engine               - runtimeInfo: RuntimeInfo(platform=LINUX, version=11.17, build=16.07.2021 15.46)
06:33:00.140 [FXGL Background Thread 3 ] DEBUG Engine               - saveFileExt: sav
06:33:00.140 [FXGL Background Thread 3 ] DEBUG Engine               - scaledHeightProp$fxgl: DoubleProperty [bound, value: 1032.0]
06:33:00.141 [FXGL Background Thread 3 ] DEBUG Engine               - scaledWidthProp$fxgl: DoubleProperty [bound, value: 1022.0]
06:33:00.141 [FXGL Background Thread 3 ] DEBUG Engine               - sceneFactory: com.mycat.catperson.CatPerson$1@2a556e3f
06:33:00.141 [FXGL Background Thread 3 ] DEBUG Engine               - secondsIn24h: 60
06:33:00.141 [FXGL Background Thread 3 ] DEBUG Engine               - soundMenuBack: menu/back.wav
06:33:00.141 [FXGL Background Thread 3 ] DEBUG Engine               - soundMenuPress: menu/press.wav
06:33:00.141 [FXGL Background Thread 3 ] DEBUG Engine               - soundMenuSelect: menu/select.wav
06:33:00.141 [FXGL Background Thread 3 ] DEBUG Engine               - soundNotification: core/notification.wav
06:33:00.141 [FXGL Background Thread 3 ] DEBUG Engine               - stageStyle: DECORATED
06:33:00.141 [FXGL Background Thread 3 ] DEBUG Engine               - supportedLanguages: [ENGLISH, FRENCH, GERMAN, HUNGARIAN, RUSSIAN]
06:33:00.141 [FXGL Background Thread 3 ] DEBUG Engine               - ticksPerSecond: -1
06:33:00.142 [FXGL Background Thread 3 ] DEBUG Engine               - title: CatPerson
06:33:00.142 [FXGL Background Thread 3 ] DEBUG Engine               - urlGithub: https://github.com/AlmasB/FXGL
06:33:00.142 [FXGL Background Thread 3 ] DEBUG Engine               - urlLeaderboard: http://fxgl-top.herokuapp.com/
06:33:00.142 [FXGL Background Thread 3 ] DEBUG Engine               - urlPOM: https://raw.githubusercontent.com/AlmasB/FXGL/release/README.md
06:33:00.142 [FXGL Background Thread 3 ] DEBUG Engine               - userAppClass: class com.mycat.catperson.CatPerson
06:33:00.142 [FXGL Background Thread 3 ] DEBUG Engine               - version: 1.0
06:33:00.142 [FXGL Background Thread 3 ] DEBUG Engine               - versionCheckDays: 7
06:33:00.142 [FXGL Background Thread 3 ] DEBUG Engine               - width: 1024
06:33:00.142 [FXGL Background Thread 3 ] DEBUG Engine               - Logging services
06:33:00.142 [FXGL Background Thread 3 ] DEBUG Engine               - class com.almasb.fxgl.app.services.FXGLAssetLoaderService
06:33:00.142 [FXGL Background Thread 3 ] DEBUG Engine               - class com.almasb.fxgl.app.FXGLApplication$GameApplicationService
06:33:00.142 [FXGL Background Thread 3 ] DEBUG Engine               - class com.almasb.fxgl.app.services.FXGLDialogService
06:33:00.142 [FXGL Background Thread 3 ] DEBUG Engine               - class com.almasb.fxgl.app.services.IOTaskExecutorService
06:33:00.142 [FXGL Background Thread 3 ] DEBUG Engine               - class com.almasb.fxgl.io.FileSystemService
06:33:00.142 [FXGL Background Thread 3 ] DEBUG Engine               - class com.almasb.fxgl.localization.LocalizationService
06:33:00.142 [FXGL Background Thread 3 ] DEBUG Engine               - class com.almasb.fxgl.app.services.SystemBundleService
06:33:00.142 [FXGL Background Thread 3 ] DEBUG Engine               - class com.almasb.fxgl.profile.SaveLoadService
06:33:00.143 [FXGL Background Thread 3 ] DEBUG Engine               - class com.almasb.fxgl.ui.FXGLUIFactoryServiceProvider
06:33:00.143 [FXGL Background Thread 3 ] DEBUG Engine               - class com.almasb.fxgl.ui.FXGLDialogFactoryServiceProvider
06:33:00.143 [FXGL Background Thread 3 ] DEBUG Engine               - class com.almasb.fxgl.audio.AudioPlayer
06:33:00.143 [FXGL Background Thread 3 ] DEBUG Engine               - class com.almasb.fxgl.notification.impl.NotificationServiceProvider
06:33:00.143 [FXGL Background Thread 3 ] DEBUG Engine               - class com.almasb.fxgl.achievement.AchievementService
06:33:00.143 [FXGL Background Thread 3 ] DEBUG Engine               - class com.almasb.fxgl.cutscene.CutsceneService
06:33:00.143 [FXGL Background Thread 3 ] DEBUG Engine               - class com.almasb.fxgl.minigames.MiniGameService
06:33:00.143 [FXGL Background Thread 3 ] DEBUG Engine               - class com.almasb.fxgl.net.NetService
06:33:00.143 [FXGL Background Thread 3 ] DEBUG Engine               - class com.almasb.fxgl.app.services.UpdaterService
06:33:00.143 [FXGL Background Thread 3 ] DEBUG Engine               - class com.almasb.fxgl.dev.DevService
06:33:12.521 [JavaFX Application Thread] DEBUG PrimaryStageWindow   - Push state: LevelSelectSubScene
06:33:12.521 [JavaFX Application Thread] DEBUG Input                - Clearing active input actions
06:33:12.521 [JavaFX Application Thread] DEBUG GameApplicationServi - Removing overlay from TestMainMenu and adding to LevelSelectSubScene
06:33:12.521 [JavaFX Application Thread] DEBUG PrimaryStageWindow   - TestMainMenu -> LevelSelectSubScene
06:33:13.087 [JavaFX Application Thread] DEBUG GameWorld            - Clearing game world
06:33:13.088 [JavaFX Application Thread] DEBUG GameApplicationServi - Starting new game
06:33:13.088 [JavaFX Application Thread] DEBUG PrimaryStageWindow   - Pop state: LevelSelectSubScene
06:33:13.088 [JavaFX Application Thread] DEBUG Input                - Clearing active input actions
06:33:13.089 [JavaFX Application Thread] DEBUG GameApplicationServi - Removing overlay from LevelSelectSubScene and adding to TestMainMenu
06:33:13.089 [JavaFX Application Thread] DEBUG PrimaryStageWindow   - TestMainMenu <- LevelSelectSubScene
06:33:13.089 [JavaFX Application Thread] DEBUG PrimaryStageWindow   - Pop state: TestMainMenu
06:33:13.089 [JavaFX Application Thread] DEBUG Input                - Clearing active input actions
06:33:13.090 [JavaFX Application Thread] DEBUG GameApplicationServi - Removing overlay from TestMainMenu and adding to FXGLMainMenuDummyScene
06:33:13.090 [JavaFX Application Thread] DEBUG PrimaryStageWindow   - FXGLMainMenuDummyScene <- TestMainMenu
06:33:13.090 [JavaFX Application Thread] DEBUG Input                - Clearing active input actions
06:33:13.096 [JavaFX Application Thread] DEBUG GameApplicationServi - Removing overlay from FXGLMainMenuDummyScene and adding to CustomLoadingScene
06:33:13.096 [JavaFX Application Thread] DEBUG PrimaryStageWindow   - FXGLMainMenuDummyScene -> CustomLoadingScene
06:33:13.096 [JavaFX Application Thread] DEBUG GameApplicationServi - Clearing previous game
06:33:13.096 [JavaFX Application Thread] DEBUG GameScene            - Clearing game scene
06:33:13.096 [JavaFX Application Thread] DEBUG GameWorld            - Clearing game world
06:33:13.096 [JavaFX Application Thread] DEBUG PhysicsWorld         - Clearing physics world
06:33:13.097 [JavaFX Application Thread] WARN  PrimaryStageWindow   - Cannot pop substate. Probably because substates are empty!
06:33:13.097 [FXGL Background Thread 4 ] DEBUG FXGLApplication      - Initializing game
06:33:13.365 [FXGL Background Thread 4 ] INFO  FXGLApplication      - Game initialization took: 0.268 sec
06:33:13.366 [JavaFX Application Thread] DEBUG Input                - Clearing active input actions
06:33:13.373 [JavaFX Application Thread] DEBUG GameApplicationServi - Removing overlay from CustomLoadingScene and adding to GameScene
06:33:13.373 [JavaFX Application Thread] DEBUG PrimaryStageWindow   - CustomLoadingScene -> GameScene
22:33:24.321 [JavaFX Application Thread] DEBUG PrimaryStageWindow   - Push state: TestMainMenu
22:33:24.321 [JavaFX Application Thread] DEBUG Input                - Clearing active input actions
22:33:24.323 [JavaFX Application Thread] DEBUG GameApplicationServi - Removing overlay from GameScene and adding to TestMainMenu
22:33:24.323 [JavaFX Application Thread] DEBUG PrimaryStageWindow   - GameScene -> TestMainMenu
22:33:32.783 [JavaFX Application Thread] DEBUG FXGLApplication      - Exiting FXGL
22:33:32.783 [JavaFX Application Thread] DEBUG LoopRunner           - Stopping loop
22:33:32.783 [JavaFX Application Thread] DEBUG SystemBundleService  - Saving FXGL system data
22:33:32.784 [JavaFX Application Thread] DEBUG FileSystemAccess     - Writing to: /home/dayrat/IdeaProjects/CATPERSON/system/fxgl.bundle
22:33:32.787 [JavaFX Application Thread] DEBUG Async                - Shutting down background threads
22:33:32.787 [JavaFX Application Thread] DEBUG PrimaryStageWindow   - Closing main window
22:33:32.789 [JavaFX Application Thread] DEBUG Logger               - Closing Logger
