22:49:52.320 [main                     ] DEBUG Logger               - Configured Logger
22:49:52.327 [main                     ] DEBUG GameApplication      - Logging settings
Title: CatPerson
Version: 1.0
Width: 1024
Height: 1024
Fullscreen: false
Intro: false
Profiling: false
Single step:false
App Mode: DEVELOPER
Menu Key: ESCAPE
Stage Style: DECORATED
Scene Factory: class com.mycat.catperson.CatPerson$1

22:49:52.751 [JavaFX Application Thread] DEBUG FXGLApplication      - Initializing FXGL
22:49:52.754 [JavaFX Application Thread] INFO  Engine               - FXGL-11.17 (16.07.2021 15.46) on LINUX (J:11.0.27 FX:17.0.6)
22:49:52.755 [JavaFX Application Thread] DEBUG Engine               - JRE Vendor Name: Ubuntu
22:49:52.755 [JavaFX Application Thread] DEBUG Engine               - Running on OS: Linux version 6.8.0-59-generic
22:49:52.756 [JavaFX Application Thread] DEBUG Engine               - Architecture: amd64
22:49:52.756 [JavaFX Application Thread] INFO  Engine               - Source code and latest versions at: https://github.com/AlmasB/FXGL
22:49:52.757 [JavaFX Application Thread] INFO  Engine               -              Join the FXGL chat at: https://gitter.im/AlmasB/FXGL
22:49:52.835 [JavaFX Application Thread] DEBUG PrimaryStageWindow   - Creating a JavaFX scene
22:49:52.982 [JavaFX Application Thread] DEBUG PrimaryStageWindow   - Target settings size: 1024.0 x 1024.0
22:49:52.982 [JavaFX Application Thread] DEBUG PrimaryStageWindow   - Scaled scene size:    1024.0 x 1024.0
22:49:52.982 [JavaFX Application Thread] DEBUG PrimaryStageWindow   - Scaled ratio: (1.0, 1.0)
22:49:52.983 [JavaFX Application Thread] DEBUG PrimaryStageWindow   - Set initial scene to FXGLStartupScene
22:49:52.991 [JavaFX Application Thread] DEBUG PrimaryStageWindow   - Opening main window
22:49:53.049 [JavaFX Application Thread] DEBUG PrimaryStageWindow   - Window border size: (2.0, 29.0)
22:49:53.049 [JavaFX Application Thread] DEBUG PrimaryStageWindow   - Scaled size: 1024.0 x 1024.0
22:49:53.049 [JavaFX Application Thread] DEBUG PrimaryStageWindow   - Scaled ratio: (1.0, 1.0)
22:49:53.050 [JavaFX Application Thread] DEBUG PrimaryStageWindow   - Scene size: 1024.0 x 1024.0
22:49:53.050 [JavaFX Application Thread] DEBUG PrimaryStageWindow   - Stage size: 1026.0 x 1053.0
22:49:53.061 [FXGL Background Thread 1 ] DEBUG Engine               - Initializing environment variables
22:49:53.126 [FXGL Background Thread 1 ] DEBUG FXGLAssetLoaderServi - User app class for loading assets: class com.mycat.catperson.CatPerson
22:49:53.126 [FXGL Background Thread 1 ] DEBUG GameApplicationServi - Applying CSS: fxgl_dark.css
22:49:53.128 [FXGL Background Thread 1 ] DEBUG FXGLAssetLoaderServi - Loading from file system: jar:file:///home/dayrat/.m2/repository/com/github/almasb/fxgl/11.17/fxgl-11.17.jar!/fxglassets/ui/css/fxgl_dark.css
22:49:53.205 [FXGL Background Thread 1 ] DEBUG GameApplicationServi - Initializing application scenes
22:49:53.316 [FXGL Background Thread 1 ] DEBUG GameWorld            - Game world initialized
22:49:53.334 [FXGL Background Thread 1 ] DEBUG PhysicsWorld         - Physics world initialized: appHeight=1024, physics.ppm=50.0
22:49:53.334 [FXGL Background Thread 1 ] DEBUG PhysicsWorld         - Using strategy: BRUTE_FORCE
22:49:53.335 [FXGL Background Thread 1 ] DEBUG GameScene            - Game scene initialized: 1024x1024
22:49:53.413 [FXGL Background Thread 1 ] DEBUG FXGL.DefaultMenu     - createMenuBodyGameMenu()
22:49:53.417 [FXGL Background Thread 1 ] DEBUG FXGL.DefaultMenu     - createOptionsMenu()
22:49:53.420 [FXGL Background Thread 1 ] DEBUG FXGLAssetLoaderServi - Loading from file system: jar:file:///home/dayrat/.m2/repository/com/github/almasb/fxgl/11.17/fxgl-11.17.jar!/fxglassets/textures/particles/smoke.png
22:49:53.451 [FXGL Background Thread 1 ] DEBUG FXGLAssetLoaderServi - Loading from file system: jar:file:///home/dayrat/.m2/repository/com/github/almasb/fxgl/11.17/fxgl-11.17.jar!/fxglassets/textures/particles/trace_horizontal.png
22:49:53.460 [FXGL Background Thread 1 ] DEBUG GameApplicationServi - Application scenes initialized
22:49:53.464 [FXGL Background Thread 1 ] DEBUG SystemBundleService  - Loading FXGL system data
22:49:53.465 [FXGL Background Thread 1 ] DEBUG FileSystemAccess     - Reading from: /home/dayrat/IdeaProjects/CATPERSON/system/fxgl.bundle
22:49:53.468 [FXGL Background Thread 1 ] DEBUG SystemBundleService  - Bundle FXGL: {}
22:49:53.468 [FXGL Background Thread 1 ] DEBUG UpdaterService       - Checking for updates
22:49:53.469 [FXGL Background Thread 4 ] DEBUG FXGLApplication      - Loading fonts
22:49:53.470 [FXGL Background Thread 1 ] DEBUG FXGLApplication      - Loading default localization
22:49:53.470 [FXGL Background Thread 1 ] DEBUG FXGLAssetLoaderServi - Loading from file system: jar:file:///home/dayrat/.m2/repository/com/github/almasb/fxgl/11.17/fxgl-11.17.jar!/fxglassets/languages/english.lang
22:49:53.470 [FXGL Background Thread 4 ] DEBUG FXGLAssetLoaderServi - Loading from file system: jar:file:///home/dayrat/.m2/repository/com/github/almasb/fxgl/11.17/fxgl-11.17.jar!/fxglassets/ui/fonts/VarelaRound-Regular.ttf
22:49:53.475 [FXGL Background Thread 4 ] DEBUG FXGLAssetLoaderServi - Loading from file system: jar:file:///home/dayrat/.m2/repository/com/github/almasb/fxgl/11.17/fxgl-11.17.jar!/fxglassets/ui/fonts/Abel-Regular.ttf
22:49:53.476 [FXGL Background Thread 1 ] INFO  FXGLApplication      - FXGL initialization took: 0.415 sec
22:49:53.476 [FXGL Background Thread 4 ] DEBUG FXGLAssetLoaderServi - Loading from file system: jar:file:///home/dayrat/.m2/repository/com/github/almasb/fxgl/11.17/fxgl-11.17.jar!/fxglassets/ui/fonts/lucida_console.ttf
22:49:53.478 [FXGL Background Thread 4 ] DEBUG FXGLAssetLoaderServi - Loading from file system: jar:file:///home/dayrat/.m2/repository/com/github/almasb/fxgl/11.17/fxgl-11.17.jar!/fxglassets/ui/fonts/Courier-Prime.ttf
22:49:53.481 [JavaFX Application Thread] DEBUG Input                - Registered new binding: action0 - Up
22:49:53.481 [JavaFX Application Thread] DEBUG Input                - Registered new binding: action1 - Down
22:49:53.481 [JavaFX Application Thread] DEBUG Input                - Registered new binding: action2 - Left
22:49:53.482 [JavaFX Application Thread] DEBUG Input                - Registered new binding: action3 - Right
22:49:53.482 [JavaFX Application Thread] DEBUG FXGLAssetLoaderServi - Loading from file system: jar:file:///home/dayrat/.m2/repository/com/github/almasb/fxgl/11.17/fxgl-11.17.jar!/fxglassets/textures/fxgl_icon.png
22:49:53.489 [JavaFX Application Thread] DEBUG FXGLAssetLoaderServi - Loading from file system: jar:file:///home/dayrat/.m2/repository/com/github/almasb/fxgl/11.17/fxgl-11.17.jar!/fxglassets/textures/fxgl_default_cursor.png
22:49:53.491 [JavaFX Application Thread] DEBUG Input                - Registered new binding: Screenshot - CTRL+8
22:49:53.491 [JavaFX Application Thread] DEBUG Input                - Registered new binding: System info dump - CTRL+9
22:49:53.491 [JavaFX Application Thread] DEBUG Input                - Registered new binding: Restart - CTRL+R
22:49:53.492 [JavaFX Application Thread] DEBUG Input                - Registered new binding: Toggle Debug Camera - CTRL+C
22:49:53.494 [JavaFX Application Thread] DEBUG LoopRunner           - Starting loop
22:49:53.494 [JavaFX Application Thread] DEBUG LoopRunner           - Initializing JavaFX AnimationTimerLoop
22:49:53.496 [JavaFX Application Thread] DEBUG Input                - Clearing active input actions
22:49:53.512 [JavaFX Application Thread] DEBUG GameApplicationServi - Removing overlay from FXGLStartupScene and adding to FXGLMainMenuDummyScene
22:49:53.513 [JavaFX Application Thread] DEBUG PrimaryStageWindow   - FXGLStartupScene -> FXGLMainMenuDummyScene
22:49:53.513 [JavaFX Application Thread] DEBUG PrimaryStageWindow   - Push state: TestMainMenu
22:49:53.514 [JavaFX Application Thread] DEBUG Input                - Clearing active input actions
22:49:53.524 [JavaFX Application Thread] DEBUG GameApplicationServi - Removing overlay from FXGLMainMenuDummyScene and adding to TestMainMenu
22:49:53.525 [JavaFX Application Thread] DEBUG PrimaryStageWindow   - FXGLMainMenuDummyScene -> TestMainMenu
22:49:53.525 [JavaFX Application Thread] DEBUG FXGLApplication      - Registering font factories with UI factory
22:49:54.997 [JavaFX Application Thread] DEBUG PrimaryStageWindow   - Push state: LevelSelectSubScene
22:49:54.998 [JavaFX Application Thread] DEBUG Input                - Clearing active input actions
22:49:54.998 [JavaFX Application Thread] DEBUG GameApplicationServi - Removing overlay from TestMainMenu and adding to LevelSelectSubScene
22:49:54.999 [JavaFX Application Thread] DEBUG PrimaryStageWindow   - TestMainMenu -> LevelSelectSubScene
22:49:55.607 [JavaFX Application Thread] DEBUG GameWorld            - Clearing game world
22:49:55.607 [JavaFX Application Thread] DEBUG GameApplicationServi - Starting new game
22:49:55.608 [JavaFX Application Thread] DEBUG PrimaryStageWindow   - Pop state: LevelSelectSubScene
22:49:55.608 [JavaFX Application Thread] DEBUG Input                - Clearing active input actions
22:49:55.609 [JavaFX Application Thread] DEBUG GameApplicationServi - Removing overlay from LevelSelectSubScene and adding to TestMainMenu
22:49:55.609 [JavaFX Application Thread] DEBUG PrimaryStageWindow   - TestMainMenu <- LevelSelectSubScene
22:49:55.609 [JavaFX Application Thread] DEBUG PrimaryStageWindow   - Pop state: TestMainMenu
22:49:55.610 [JavaFX Application Thread] DEBUG Input                - Clearing active input actions
22:49:55.610 [JavaFX Application Thread] DEBUG GameApplicationServi - Removing overlay from TestMainMenu and adding to FXGLMainMenuDummyScene
22:49:55.610 [JavaFX Application Thread] DEBUG PrimaryStageWindow   - FXGLMainMenuDummyScene <- TestMainMenu
22:49:55.610 [JavaFX Application Thread] DEBUG Input                - Clearing active input actions
22:49:55.616 [JavaFX Application Thread] DEBUG GameApplicationServi - Removing overlay from FXGLMainMenuDummyScene and adding to CustomLoadingScene
22:49:55.616 [JavaFX Application Thread] DEBUG PrimaryStageWindow   - FXGLMainMenuDummyScene -> CustomLoadingScene
22:49:55.616 [JavaFX Application Thread] DEBUG GameApplicationServi - Clearing previous game
22:49:55.616 [JavaFX Application Thread] DEBUG GameScene            - Clearing game scene
22:49:55.616 [JavaFX Application Thread] DEBUG GameWorld            - Clearing game world
22:49:55.617 [JavaFX Application Thread] DEBUG PhysicsWorld         - Clearing physics world
22:49:55.618 [FXGL Background Thread 4 ] DEBUG FXGLApplication      - Initializing game
22:49:55.617 [JavaFX Application Thread] WARN  PrimaryStageWindow   - Cannot pop substate. Probably because substates are empty!
22:49:55.824 [FXGL Background Thread 4 ] INFO  FXGLApplication      - Game initialization took: 0.207 sec
22:49:55.825 [JavaFX Application Thread] DEBUG Input                - Clearing active input actions
22:49:55.830 [JavaFX Application Thread] DEBUG GameApplicationServi - Removing overlay from CustomLoadingScene and adding to GameScene
22:49:55.830 [JavaFX Application Thread] DEBUG PrimaryStageWindow   - CustomLoadingScene -> GameScene
22:49:56.469 [FXGL Background Thread 3 ] DEBUG Engine               - Logging environment variables
22:49:56.470 [FXGL Background Thread 3 ] DEBUG Engine               - achievements: []
22:49:56.471 [FXGL Background Thread 3 ] DEBUG Engine               - actualHeight: 1024.0
22:49:56.471 [FXGL Background Thread 3 ] DEBUG Engine               - actualHeightProperty: ReadOnlyDoubleProperty [value: 1032.0]
22:49:56.471 [FXGL Background Thread 3 ] DEBUG Engine               - actualWidth: 1022.0
22:49:56.471 [FXGL Background Thread 3 ] DEBUG Engine               - actualWidthProperty: ReadOnlyDoubleProperty [value: 1022.0]
22:49:56.471 [FXGL Background Thread 3 ] DEBUG Engine               - appIcon: fxgl_icon.png
22:49:56.472 [FXGL Background Thread 3 ] DEBUG Engine               - applicationMode: DEVELOPER
22:49:56.472 [FXGL Background Thread 3 ] DEBUG Engine               - cSSList: [fxgl_dark.css]
22:49:56.472 [FXGL Background Thread 3 ] DEBUG Engine               - collisionDetectionStrategy: BRUTE_FORCE
22:49:56.472 [FXGL Background Thread 3 ] DEBUG Engine               - configClass: Optional.empty
22:49:56.472 [FXGL Background Thread 3 ] DEBUG Engine               - credits: []
22:49:56.472 [FXGL Background Thread 3 ] DEBUG Engine               - defaultCursor: CursorInfo(imageName=fxgl_default_cursor.png, hotspotX=7.0, hotspotY=6.0)
22:49:56.472 [FXGL Background Thread 3 ] DEBUG Engine               - devBBoxColorProperty: ObjectProperty [value: 0xff0000ff]
22:49:56.472 [FXGL Background Thread 3 ] DEBUG Engine               - devEnableDebugCameraProperty: BooleanProperty [value: false]
22:49:56.472 [FXGL Background Thread 3 ] DEBUG Engine               - devSensorColorProperty: ObjectProperty [value: 0xffff00ff]
22:49:56.472 [FXGL Background Thread 3 ] DEBUG Engine               - devShowBBoxProperty: BooleanProperty [value: false]
22:49:56.472 [FXGL Background Thread 3 ] DEBUG Engine               - devShowPositionProperty: BooleanProperty [value: false]
22:49:56.473 [FXGL Background Thread 3 ] DEBUG Engine               - enabledMenuItems: []
22:49:56.473 [FXGL Background Thread 3 ] DEBUG Engine               - engineServices: [class com.almasb.fxgl.app.services.FXGLAssetLoaderService, class com.almasb.fxgl.app.FXGLApplication$GameApplicationService, class com.almasb.fxgl.app.services.FXGLDialogService, class com.almasb.fxgl.app.services.IOTaskExecutorService, class com.almasb.fxgl.io.FileSystemService, class com.almasb.fxgl.localization.LocalizationService, class com.almasb.fxgl.app.services.SystemBundleService, class com.almasb.fxgl.profile.SaveLoadService, class com.almasb.fxgl.ui.FXGLUIFactoryServiceProvider, class com.almasb.fxgl.ui.FXGLDialogFactoryServiceProvider, class com.almasb.fxgl.audio.AudioPlayer, class com.almasb.fxgl.notification.impl.NotificationServiceProvider, class com.almasb.fxgl.achievement.AchievementService, class com.almasb.fxgl.cutscene.CutsceneService, class com.almasb.fxgl.minigames.MiniGameService, class com.almasb.fxgl.net.NetService, class com.almasb.fxgl.app.services.UpdaterService, class com.almasb.fxgl.dev.DevService]
22:49:56.473 [FXGL Background Thread 3 ] DEBUG Engine               - fontGame: Abel-Regular.ttf
22:49:56.473 [FXGL Background Thread 3 ] DEBUG Engine               - fontMono: lucida_console.ttf
22:49:56.473 [FXGL Background Thread 3 ] DEBUG Engine               - fontText: Courier-Prime.ttf
22:49:56.473 [FXGL Background Thread 3 ] DEBUG Engine               - fontUI: VarelaRound-Regular.ttf
22:49:56.473 [FXGL Background Thread 3 ] DEBUG Engine               - fullScreen: BooleanProperty [value: false]
22:49:56.473 [FXGL Background Thread 3 ] DEBUG Engine               - gameDifficulty: MEDIUM
22:49:56.473 [FXGL Background Thread 3 ] DEBUG Engine               - gameDifficultyProperty: ObjectProperty [value: MEDIUM]
22:49:56.473 [FXGL Background Thread 3 ] DEBUG Engine               - globalMusicVolume: 0.5
22:49:56.473 [FXGL Background Thread 3 ] DEBUG Engine               - globalMusicVolumeProperty: DoubleProperty [value: 0.5]
22:49:56.473 [FXGL Background Thread 3 ] DEBUG Engine               - globalSoundVolume: 0.5
22:49:56.473 [FXGL Background Thread 3 ] DEBUG Engine               - globalSoundVolumeProperty: DoubleProperty [value: 0.5]
22:49:56.474 [FXGL Background Thread 3 ] DEBUG Engine               - height: 1024
22:49:56.474 [FXGL Background Thread 3 ] DEBUG Engine               - is3D: false
22:49:56.474 [FXGL Background Thread 3 ] DEBUG Engine               - isAndroid: false
22:49:56.474 [FXGL Background Thread 3 ] DEBUG Engine               - isBrowser: false
22:49:56.474 [FXGL Background Thread 3 ] DEBUG Engine               - isClickFeedbackEnabled: false
22:49:56.474 [FXGL Background Thread 3 ] DEBUG Engine               - isCloseConfirmation: false
22:49:56.474 [FXGL Background Thread 3 ] DEBUG Engine               - isDesktop: true
22:49:56.474 [FXGL Background Thread 3 ] DEBUG Engine               - isDeveloperMenuEnabled: false
22:49:56.474 [FXGL Background Thread 3 ] DEBUG Engine               - isEntityPreloadEnabled: true
22:49:56.474 [FXGL Background Thread 3 ] DEBUG Engine               - isExperimentalTiledLargeMap: false
22:49:56.474 [FXGL Background Thread 3 ] DEBUG Engine               - isFileSystemWriteAllowed: true
22:49:56.474 [FXGL Background Thread 3 ] DEBUG Engine               - isFullScreenAllowed: false
22:49:56.474 [FXGL Background Thread 3 ] DEBUG Engine               - isFullScreenFromStart: false
22:49:56.474 [FXGL Background Thread 3 ] DEBUG Engine               - isGameMenuEnabled: true
22:49:56.474 [FXGL Background Thread 3 ] DEBUG Engine               - isIOS: false
22:49:56.474 [FXGL Background Thread 3 ] DEBUG Engine               - isIntroEnabled: false
22:49:56.474 [FXGL Background Thread 3 ] DEBUG Engine               - isLinux: true
22:49:56.474 [FXGL Background Thread 3 ] DEBUG Engine               - isMac: false
22:49:56.475 [FXGL Background Thread 3 ] DEBUG Engine               - isMainMenuEnabled: true
22:49:56.475 [FXGL Background Thread 3 ] DEBUG Engine               - isManualResizeEnabled: false
22:49:56.475 [FXGL Background Thread 3 ] DEBUG Engine               - isMobile: false
22:49:56.475 [FXGL Background Thread 3 ] DEBUG Engine               - isNative: false
22:49:56.475 [FXGL Background Thread 3 ] DEBUG Engine               - isPauseMusicWhenMinimized: true
22:49:56.475 [FXGL Background Thread 3 ] DEBUG Engine               - isPreserveResizeRatio: false
22:49:56.475 [FXGL Background Thread 3 ] DEBUG Engine               - isProfilingEnabled: false
22:49:56.475 [FXGL Background Thread 3 ] DEBUG Engine               - isScaleAffectedOnResize: true
22:49:56.475 [FXGL Background Thread 3 ] DEBUG Engine               - isSingleStep: false
22:49:56.475 [FXGL Background Thread 3 ] DEBUG Engine               - isUserProfileEnabled: false
22:49:56.475 [FXGL Background Thread 3 ] DEBUG Engine               - isWindows: false
22:49:56.475 [FXGL Background Thread 3 ] DEBUG Engine               - language: ObjectProperty [value: ENGLISH]
22:49:56.475 [FXGL Background Thread 3 ] DEBUG Engine               - menuKey: ESCAPE
22:49:56.475 [FXGL Background Thread 3 ] DEBUG Engine               - mouseSensitivity: 0.2
22:49:56.475 [FXGL Background Thread 3 ] DEBUG Engine               - notificationViewClass: class com.almasb.fxgl.notification.view.XboxNotificationView
22:49:56.475 [FXGL Background Thread 3 ] DEBUG Engine               - pixelsPerMeter: 50.0
22:49:56.475 [FXGL Background Thread 3 ] DEBUG Engine               - platform: LINUX
22:49:56.475 [FXGL Background Thread 3 ] DEBUG Engine               - prefHeightProperty: ReadOnlyDoubleProperty [value: 1024.0]
22:49:56.476 [FXGL Background Thread 3 ] DEBUG Engine               - prefWidthProperty: ReadOnlyDoubleProperty [value: 1024.0]
22:49:56.476 [FXGL Background Thread 3 ] DEBUG Engine               - profileDir: profiles/
22:49:56.476 [FXGL Background Thread 3 ] DEBUG Engine               - profileName: StringProperty [value: DEFAULT]
22:49:56.476 [FXGL Background Thread 3 ] DEBUG Engine               - randomSeed: -1
22:49:56.476 [FXGL Background Thread 3 ] DEBUG Engine               - runtimeInfo: RuntimeInfo(platform=LINUX, version=11.17, build=16.07.2021 15.46)
22:49:56.476 [FXGL Background Thread 3 ] DEBUG Engine               - saveFileExt: sav
22:49:56.476 [FXGL Background Thread 3 ] DEBUG Engine               - scaledHeightProp$fxgl: DoubleProperty [bound, value: 1032.0]
22:49:56.476 [FXGL Background Thread 3 ] DEBUG Engine               - scaledWidthProp$fxgl: DoubleProperty [bound, value: 1022.0]
22:49:56.476 [FXGL Background Thread 3 ] DEBUG Engine               - sceneFactory: com.mycat.catperson.CatPerson$1@463d3c58
22:49:56.476 [FXGL Background Thread 3 ] DEBUG Engine               - secondsIn24h: 60
22:49:56.476 [FXGL Background Thread 3 ] DEBUG Engine               - soundMenuBack: menu/back.wav
22:49:56.476 [FXGL Background Thread 3 ] DEBUG Engine               - soundMenuPress: menu/press.wav
22:49:56.476 [FXGL Background Thread 3 ] DEBUG Engine               - soundMenuSelect: menu/select.wav
22:49:56.476 [FXGL Background Thread 3 ] DEBUG Engine               - soundNotification: core/notification.wav
22:49:56.476 [FXGL Background Thread 3 ] DEBUG Engine               - stageStyle: DECORATED
22:49:56.476 [FXGL Background Thread 3 ] DEBUG Engine               - supportedLanguages: [ENGLISH, FRENCH, GERMAN, HUNGARIAN, RUSSIAN]
22:49:56.476 [FXGL Background Thread 3 ] DEBUG Engine               - ticksPerSecond: -1
22:49:56.476 [FXGL Background Thread 3 ] DEBUG Engine               - title: CatPerson
22:49:56.476 [FXGL Background Thread 3 ] DEBUG Engine               - urlGithub: https://github.com/AlmasB/FXGL
22:49:56.477 [FXGL Background Thread 3 ] DEBUG Engine               - urlLeaderboard: http://fxgl-top.herokuapp.com/
22:49:56.477 [FXGL Background Thread 3 ] DEBUG Engine               - urlPOM: https://raw.githubusercontent.com/AlmasB/FXGL/release/README.md
22:49:56.477 [FXGL Background Thread 3 ] DEBUG Engine               - userAppClass: class com.mycat.catperson.CatPerson
22:49:56.477 [FXGL Background Thread 3 ] DEBUG Engine               - version: 1.0
22:49:56.477 [FXGL Background Thread 3 ] DEBUG Engine               - versionCheckDays: 7
22:49:56.477 [FXGL Background Thread 3 ] DEBUG Engine               - width: 1024
22:49:56.477 [FXGL Background Thread 3 ] DEBUG Engine               - Logging services
22:49:56.477 [FXGL Background Thread 3 ] DEBUG Engine               - class com.almasb.fxgl.app.services.FXGLAssetLoaderService
22:49:56.477 [FXGL Background Thread 3 ] DEBUG Engine               - class com.almasb.fxgl.app.FXGLApplication$GameApplicationService
22:49:56.477 [FXGL Background Thread 3 ] DEBUG Engine               - class com.almasb.fxgl.app.services.FXGLDialogService
22:49:56.477 [FXGL Background Thread 3 ] DEBUG Engine               - class com.almasb.fxgl.app.services.IOTaskExecutorService
22:49:56.477 [FXGL Background Thread 3 ] DEBUG Engine               - class com.almasb.fxgl.io.FileSystemService
22:49:56.477 [FXGL Background Thread 3 ] DEBUG Engine               - class com.almasb.fxgl.localization.LocalizationService
22:49:56.477 [FXGL Background Thread 3 ] DEBUG Engine               - class com.almasb.fxgl.app.services.SystemBundleService
22:49:56.477 [FXGL Background Thread 3 ] DEBUG Engine               - class com.almasb.fxgl.profile.SaveLoadService
22:49:56.477 [FXGL Background Thread 3 ] DEBUG Engine               - class com.almasb.fxgl.ui.FXGLUIFactoryServiceProvider
22:49:56.477 [FXGL Background Thread 3 ] DEBUG Engine               - class com.almasb.fxgl.ui.FXGLDialogFactoryServiceProvider
22:49:56.477 [FXGL Background Thread 3 ] DEBUG Engine               - class com.almasb.fxgl.audio.AudioPlayer
22:49:56.477 [FXGL Background Thread 3 ] DEBUG Engine               - class com.almasb.fxgl.notification.impl.NotificationServiceProvider
22:49:56.477 [FXGL Background Thread 3 ] DEBUG Engine               - class com.almasb.fxgl.achievement.AchievementService
22:49:56.477 [FXGL Background Thread 3 ] DEBUG Engine               - class com.almasb.fxgl.cutscene.CutsceneService
22:49:56.477 [FXGL Background Thread 3 ] DEBUG Engine               - class com.almasb.fxgl.minigames.MiniGameService
22:49:56.477 [FXGL Background Thread 3 ] DEBUG Engine               - class com.almasb.fxgl.net.NetService
22:49:56.478 [FXGL Background Thread 3 ] DEBUG Engine               - class com.almasb.fxgl.app.services.UpdaterService
22:49:56.478 [FXGL Background Thread 3 ] DEBUG Engine               - class com.almasb.fxgl.dev.DevService
22:49:58.274 [JavaFX Application Thread] DEBUG PrimaryStageWindow   - Push state: TestMainMenu
22:49:58.274 [JavaFX Application Thread] DEBUG Input                - Clearing active input actions
22:49:58.275 [JavaFX Application Thread] DEBUG GameApplicationServi - Removing overlay from GameScene and adding to TestMainMenu
22:49:58.276 [JavaFX Application Thread] DEBUG PrimaryStageWindow   - GameScene -> TestMainMenu
22:49:59.668 [JavaFX Application Thread] DEBUG PrimaryStageWindow   - Push state: LevelSelectSubScene
22:49:59.668 [JavaFX Application Thread] DEBUG Input                - Clearing active input actions
22:49:59.668 [JavaFX Application Thread] DEBUG GameApplicationServi - Removing overlay from TestMainMenu and adding to LevelSelectSubScene
22:49:59.669 [JavaFX Application Thread] DEBUG PrimaryStageWindow   - TestMainMenu -> LevelSelectSubScene
22:50:01.078 [JavaFX Application Thread] DEBUG GameWorld            - Clearing game world
22:50:01.086 [JavaFX Application Thread] DEBUG GameApplicationServi - Starting new game
22:50:01.086 [JavaFX Application Thread] DEBUG PrimaryStageWindow   - Pop state: LevelSelectSubScene
22:50:01.086 [JavaFX Application Thread] DEBUG Input                - Clearing active input actions
22:50:01.087 [JavaFX Application Thread] DEBUG GameApplicationServi - Removing overlay from LevelSelectSubScene and adding to TestMainMenu
22:50:01.087 [JavaFX Application Thread] DEBUG PrimaryStageWindow   - TestMainMenu <- LevelSelectSubScene
22:50:01.087 [JavaFX Application Thread] DEBUG PrimaryStageWindow   - Pop state: TestMainMenu
22:50:01.087 [JavaFX Application Thread] DEBUG Input                - Clearing active input actions
22:50:01.087 [JavaFX Application Thread] DEBUG GameApplicationServi - Removing overlay from TestMainMenu and adding to GameScene
22:50:01.087 [JavaFX Application Thread] DEBUG PrimaryStageWindow   - GameScene <- TestMainMenu
22:50:01.087 [JavaFX Application Thread] DEBUG Input                - Clearing active input actions
22:50:01.092 [JavaFX Application Thread] DEBUG GameApplicationServi - Removing overlay from GameScene and adding to CustomLoadingScene
22:50:01.092 [JavaFX Application Thread] DEBUG PrimaryStageWindow   - GameScene -> CustomLoadingScene
22:50:01.092 [JavaFX Application Thread] DEBUG GameApplicationServi - Clearing previous game
22:50:01.093 [JavaFX Application Thread] DEBUG GameScene            - Clearing game scene
22:50:01.093 [JavaFX Application Thread] DEBUG GameWorld            - Clearing game world
22:50:01.093 [JavaFX Application Thread] DEBUG PhysicsWorld         - Clearing physics world
22:50:01.093 [JavaFX Application Thread] WARN  PrimaryStageWindow   - Cannot pop substate. Probably because substates are empty!
22:50:01.093 [FXGL Background Thread 4 ] DEBUG FXGLApplication      - Initializing game
22:50:01.163 [JavaFX Application Thread] DEBUG LoopRunner           - Stopping loop
22:50:01.165 [JavaFX Application Thread] FATAL FXGLApplication      - Uncaught Exception:
java.lang.RuntimeException: Initialization failed
	at com.almasb.fxgl.all/com.almasb.fxgl.app.FXGLApplication$InitAppTask.failed(FXGLApplication.kt:343)
	at javafx.graphics/javafx.concurrent.Task.setState(Task.java:710)
	at javafx.graphics/javafx.concurrent.Task$TaskCallable.lambda$call$2(Task.java:1456)
	at javafx.graphics/com.sun.javafx.application.PlatformImpl.lambda$runLater$10(PlatformImpl.java:457)
	at java.base/java.security.AccessController.doPrivileged(Native Method)
	at javafx.graphics/com.sun.javafx.application.PlatformImpl.lambda$runLater$11(PlatformImpl.java:456)
	at javafx.graphics/com.sun.glass.ui.InvokeLaterDispatcher$Future.run(InvokeLaterDispatcher.java:96)
	at javafx.graphics/com.sun.glass.ui.gtk.GtkApplication._runLoop(Native Method)
	at javafx.graphics/com.sun.glass.ui.gtk.GtkApplication.lambda$runLoop$11(GtkApplication.java:290)
	at java.base/java.lang.Thread.run(Thread.java:829)
Caused by: java.lang.IllegalArgumentException: Invalid URL: Invalid URL or resource not found
	at javafx.graphics/javafx.scene.image.Image.validateUrl(Image.java:1135)
	at javafx.graphics/javafx.scene.image.Image.<init>(Image.java:625)
	at com.mycat.catperson/com.mycat.catperson.Timer.getTexture(Timer.java:43)
	at com.mycat.catperson/com.mycat.catperson.Timer.lambda$click$0(Timer.java:64)
	at java.base/java.util.ArrayList.forEach(ArrayList.java:1541)
	at com.mycat.catperson/com.mycat.catperson.Timer.click(Timer.java:60)
	at com.mycat.catperson/com.mycat.catperson.CatPerson.initGame(CatPerson.java:232)
	at com.almasb.fxgl.all/com.almasb.fxgl.app.FXGLApplication$InitAppTask.initGame(FXGLApplication.kt:339)
	at com.almasb.fxgl.all/com.almasb.fxgl.app.FXGLApplication$InitAppTask.call(FXGLApplication.kt:319)
	at com.almasb.fxgl.all/com.almasb.fxgl.app.FXGLApplication$InitAppTask.call(FXGLApplication.kt:311)
	at javafx.graphics/javafx.concurrent.Task$TaskCallable.call(Task.java:1426)
	at java.base/java.util.concurrent.FutureTask.run(FutureTask.java:264)
	at java.base/java.util.concurrent.Executors$RunnableAdapter.call(Executors.java:515)
	at java.base/java.util.concurrent.FutureTask.run(FutureTask.java:264)
	at java.base/java.util.concurrent.ThreadPoolExecutor.runWorker(ThreadPoolExecutor.java:1128)
	at java.base/java.util.concurrent.ThreadPoolExecutor$Worker.run(ThreadPoolExecutor.java:628)
	... 1 more
Caused by: java.lang.IllegalArgumentException: Invalid URL or resource not found
	at javafx.graphics/javafx.scene.image.Image.validateUrl(Image.java:1120)
	... 16 more

22:50:01.165 [JavaFX Application Thread] FATAL FXGLApplication      - Application will now exit
22:50:01.179 [JavaFX Application Thread] DEBUG PrimaryStageWindow   - Push state: ErrorSubScene
22:50:01.179 [JavaFX Application Thread] DEBUG Input                - Clearing active input actions
22:50:01.181 [JavaFX Application Thread] DEBUG GameApplicationServi - Removing overlay from CustomLoadingScene and adding to ErrorSubScene
22:50:01.181 [JavaFX Application Thread] DEBUG PrimaryStageWindow   - CustomLoadingScene -> ErrorSubScene
22:50:14.314 [JavaFX Application Thread] DEBUG FXGLApplication      - Exiting FXGL
22:50:14.314 [JavaFX Application Thread] DEBUG Async                - Shutting down background threads
22:50:14.315 [JavaFX Application Thread] DEBUG PrimaryStageWindow   - Closing main window
22:50:14.319 [JavaFX Application Thread] DEBUG Logger               - Closing Logger
