22:54:38.866 [main                     ] DEBUG Logger               - Configured Logger
22:54:38.886 [main                     ] DEBUG GameApplication      - Logging settings
Title: CatPerson
Version: 1.0
Width: 1024
Height: 1024
Fullscreen: false
Intro: false
Profiling: false
Single step:false
App Mode: DEVELOPER
Menu Key: ESCAPE
Stage Style: DECORATED
Scene Factory: class com.mycat.catperson.CatPerson$1

22:54:39.353 [JavaFX Application Thread] DEBUG FXGLApplication      - Initializing FXGL
22:54:39.356 [JavaFX Application Thread] INFO  Engine               - FXGL-11.17 (16.07.2021 15.46) on LINUX (J:11.0.27 FX:17.0.6)
22:54:39.356 [JavaFX Application Thread] DEBUG Engine               - JRE Vendor Name: Ubuntu
22:54:39.357 [JavaFX Application Thread] DEBUG Engine               - Running on OS: Linux version 6.8.0-59-generic
22:54:39.357 [JavaFX Application Thread] DEBUG Engine               - Architecture: amd64
22:54:39.357 [JavaFX Application Thread] INFO  Engine               - Source code and latest versions at: https://github.com/AlmasB/FXGL
22:54:39.357 [JavaFX Application Thread] INFO  Engine               -              Join the FXGL chat at: https://gitter.im/AlmasB/FXGL
22:54:39.465 [JavaFX Application Thread] DEBUG PrimaryStageWindow   - Creating a JavaFX scene
22:54:39.555 [JavaFX Application Thread] DEBUG PrimaryStageWindow   - Target settings size: 1024.0 x 1024.0
22:54:39.555 [JavaFX Application Thread] DEBUG PrimaryStageWindow   - Scaled scene size:    1024.0 x 1024.0
22:54:39.556 [JavaFX Application Thread] DEBUG PrimaryStageWindow   - Scaled ratio: (1.0, 1.0)
22:54:39.556 [JavaFX Application Thread] DEBUG PrimaryStageWindow   - Set initial scene to FXGLStartupScene
22:54:39.559 [JavaFX Application Thread] DEBUG PrimaryStageWindow   - Opening main window
22:54:39.594 [JavaFX Application Thread] DEBUG PrimaryStageWindow   - Window border size: (2.0, 29.0)
22:54:39.594 [JavaFX Application Thread] DEBUG PrimaryStageWindow   - Scaled size: 1024.0 x 1024.0
22:54:39.594 [JavaFX Application Thread] DEBUG PrimaryStageWindow   - Scaled ratio: (1.0, 1.0)
22:54:39.594 [JavaFX Application Thread] DEBUG PrimaryStageWindow   - Scene size: 1024.0 x 1024.0
22:54:39.595 [JavaFX Application Thread] DEBUG PrimaryStageWindow   - Stage size: 1026.0 x 1053.0
22:54:39.602 [FXGL Background Thread 1 ] DEBUG Engine               - Initializing environment variables
22:54:39.655 [FXGL Background Thread 1 ] DEBUG FXGLAssetLoaderServi - User app class for loading assets: class com.mycat.catperson.CatPerson
22:54:39.656 [FXGL Background Thread 1 ] DEBUG GameApplicationServi - Applying CSS: fxgl_dark.css
22:54:39.657 [FXGL Background Thread 1 ] DEBUG FXGLAssetLoaderServi - Loading from file system: jar:file:///home/dayrat/.m2/repository/com/github/almasb/fxgl/11.17/fxgl-11.17.jar!/fxglassets/ui/css/fxgl_dark.css
22:54:39.716 [FXGL Background Thread 1 ] DEBUG GameApplicationServi - Initializing application scenes
22:54:39.787 [FXGL Background Thread 1 ] DEBUG GameWorld            - Game world initialized
22:54:39.811 [FXGL Background Thread 1 ] DEBUG PhysicsWorld         - Physics world initialized: appHeight=1024, physics.ppm=50.0
22:54:39.812 [FXGL Background Thread 1 ] DEBUG PhysicsWorld         - Using strategy: BRUTE_FORCE
22:54:39.814 [FXGL Background Thread 1 ] DEBUG GameScene            - Game scene initialized: 1024x1024
22:54:39.917 [FXGL Background Thread 1 ] DEBUG FXGL.DefaultMenu     - createMenuBodyGameMenu()
22:54:39.922 [FXGL Background Thread 1 ] DEBUG FXGL.DefaultMenu     - createOptionsMenu()
22:54:39.925 [FXGL Background Thread 1 ] DEBUG FXGLAssetLoaderServi - Loading from file system: jar:file:///home/dayrat/.m2/repository/com/github/almasb/fxgl/11.17/fxgl-11.17.jar!/fxglassets/textures/particles/smoke.png
22:54:39.961 [FXGL Background Thread 1 ] DEBUG FXGLAssetLoaderServi - Loading from file system: jar:file:///home/dayrat/.m2/repository/com/github/almasb/fxgl/11.17/fxgl-11.17.jar!/fxglassets/textures/particles/trace_horizontal.png
22:54:39.969 [FXGL Background Thread 1 ] DEBUG GameApplicationServi - Application scenes initialized
22:54:39.973 [FXGL Background Thread 1 ] DEBUG SystemBundleService  - Loading FXGL system data
22:54:39.974 [FXGL Background Thread 1 ] DEBUG FileSystemAccess     - Reading from: /home/dayrat/IdeaProjects/CATPERSON/system/fxgl.bundle
22:54:39.977 [FXGL Background Thread 1 ] DEBUG SystemBundleService  - Bundle FXGL: {}
22:54:39.977 [FXGL Background Thread 1 ] DEBUG UpdaterService       - Checking for updates
22:54:39.979 [FXGL Background Thread 4 ] DEBUG FXGLApplication      - Loading fonts
22:54:39.979 [FXGL Background Thread 1 ] DEBUG FXGLApplication      - Loading default localization
22:54:39.980 [FXGL Background Thread 1 ] DEBUG FXGLAssetLoaderServi - Loading from file system: jar:file:///home/dayrat/.m2/repository/com/github/almasb/fxgl/11.17/fxgl-11.17.jar!/fxglassets/languages/english.lang
22:54:39.980 [FXGL Background Thread 4 ] DEBUG FXGLAssetLoaderServi - Loading from file system: jar:file:///home/dayrat/.m2/repository/com/github/almasb/fxgl/11.17/fxgl-11.17.jar!/fxglassets/ui/fonts/VarelaRound-Regular.ttf
22:54:39.985 [FXGL Background Thread 4 ] DEBUG FXGLAssetLoaderServi - Loading from file system: jar:file:///home/dayrat/.m2/repository/com/github/almasb/fxgl/11.17/fxgl-11.17.jar!/fxglassets/ui/fonts/Abel-Regular.ttf
22:54:39.986 [FXGL Background Thread 1 ] INFO  FXGLApplication      - FXGL initialization took: 0.384 sec
22:54:39.987 [FXGL Background Thread 4 ] DEBUG FXGLAssetLoaderServi - Loading from file system: jar:file:///home/dayrat/.m2/repository/com/github/almasb/fxgl/11.17/fxgl-11.17.jar!/fxglassets/ui/fonts/lucida_console.ttf
22:54:39.996 [JavaFX Application Thread] DEBUG Input                - Registered new binding: action0 - Up
22:54:39.996 [JavaFX Application Thread] DEBUG Input                - Registered new binding: action1 - Down
22:54:39.997 [FXGL Background Thread 4 ] DEBUG FXGLAssetLoaderServi - Loading from file system: jar:file:///home/dayrat/.m2/repository/com/github/almasb/fxgl/11.17/fxgl-11.17.jar!/fxglassets/ui/fonts/Courier-Prime.ttf
22:54:39.997 [JavaFX Application Thread] DEBUG Input                - Registered new binding: action2 - Left
22:54:39.997 [JavaFX Application Thread] DEBUG Input                - Registered new binding: action3 - Right
22:54:39.998 [JavaFX Application Thread] DEBUG FXGLAssetLoaderServi - Loading from file system: jar:file:///home/dayrat/.m2/repository/com/github/almasb/fxgl/11.17/fxgl-11.17.jar!/fxglassets/textures/fxgl_icon.png
22:54:40.017 [JavaFX Application Thread] DEBUG FXGLAssetLoaderServi - Loading from file system: jar:file:///home/dayrat/.m2/repository/com/github/almasb/fxgl/11.17/fxgl-11.17.jar!/fxglassets/textures/fxgl_default_cursor.png
22:54:40.020 [JavaFX Application Thread] DEBUG Input                - Registered new binding: Screenshot - CTRL+8
22:54:40.021 [JavaFX Application Thread] DEBUG Input                - Registered new binding: System info dump - CTRL+9
22:54:40.022 [JavaFX Application Thread] DEBUG Input                - Registered new binding: Restart - CTRL+R
22:54:40.022 [JavaFX Application Thread] DEBUG Input                - Registered new binding: Toggle Debug Camera - CTRL+C
22:54:40.026 [JavaFX Application Thread] DEBUG LoopRunner           - Starting loop
22:54:40.026 [JavaFX Application Thread] DEBUG LoopRunner           - Initializing JavaFX AnimationTimerLoop
22:54:40.030 [JavaFX Application Thread] DEBUG Input                - Clearing active input actions
22:54:40.045 [JavaFX Application Thread] DEBUG GameApplicationServi - Removing overlay from FXGLStartupScene and adding to FXGLMainMenuDummyScene
22:54:40.046 [JavaFX Application Thread] DEBUG PrimaryStageWindow   - FXGLStartupScene -> FXGLMainMenuDummyScene
22:54:40.046 [JavaFX Application Thread] DEBUG PrimaryStageWindow   - Push state: TestMainMenu
22:54:40.046 [JavaFX Application Thread] DEBUG Input                - Clearing active input actions
22:54:40.057 [JavaFX Application Thread] DEBUG GameApplicationServi - Removing overlay from FXGLMainMenuDummyScene and adding to TestMainMenu
22:54:40.057 [JavaFX Application Thread] DEBUG PrimaryStageWindow   - FXGLMainMenuDummyScene -> TestMainMenu
22:54:40.058 [JavaFX Application Thread] DEBUG FXGLApplication      - Registering font factories with UI factory
22:54:41.424 [JavaFX Application Thread] DEBUG PrimaryStageWindow   - Push state: LevelSelectSubScene
22:54:41.425 [JavaFX Application Thread] DEBUG Input                - Clearing active input actions
22:54:41.425 [JavaFX Application Thread] DEBUG GameApplicationServi - Removing overlay from TestMainMenu and adding to LevelSelectSubScene
22:54:41.425 [JavaFX Application Thread] DEBUG PrimaryStageWindow   - TestMainMenu -> LevelSelectSubScene
22:54:42.303 [JavaFX Application Thread] DEBUG GameWorld            - Clearing game world
22:54:42.303 [JavaFX Application Thread] DEBUG GameApplicationServi - Starting new game
22:54:42.304 [JavaFX Application Thread] DEBUG PrimaryStageWindow   - Pop state: LevelSelectSubScene
22:54:42.304 [JavaFX Application Thread] DEBUG Input                - Clearing active input actions
22:54:42.305 [JavaFX Application Thread] DEBUG GameApplicationServi - Removing overlay from LevelSelectSubScene and adding to TestMainMenu
22:54:42.305 [JavaFX Application Thread] DEBUG PrimaryStageWindow   - TestMainMenu <- LevelSelectSubScene
22:54:42.306 [JavaFX Application Thread] DEBUG PrimaryStageWindow   - Pop state: TestMainMenu
22:54:42.306 [JavaFX Application Thread] DEBUG Input                - Clearing active input actions
22:54:42.306 [JavaFX Application Thread] DEBUG GameApplicationServi - Removing overlay from TestMainMenu and adding to FXGLMainMenuDummyScene
22:54:42.306 [JavaFX Application Thread] DEBUG PrimaryStageWindow   - FXGLMainMenuDummyScene <- TestMainMenu
22:54:42.307 [JavaFX Application Thread] DEBUG Input                - Clearing active input actions
22:54:42.313 [JavaFX Application Thread] DEBUG GameApplicationServi - Removing overlay from FXGLMainMenuDummyScene and adding to CustomLoadingScene
22:54:42.314 [JavaFX Application Thread] DEBUG PrimaryStageWindow   - FXGLMainMenuDummyScene -> CustomLoadingScene
22:54:42.314 [JavaFX Application Thread] DEBUG GameApplicationServi - Clearing previous game
22:54:42.314 [JavaFX Application Thread] DEBUG GameScene            - Clearing game scene
22:54:42.314 [JavaFX Application Thread] DEBUG GameWorld            - Clearing game world
22:54:42.314 [JavaFX Application Thread] DEBUG PhysicsWorld         - Clearing physics world
22:54:42.315 [JavaFX Application Thread] WARN  PrimaryStageWindow   - Cannot pop substate. Probably because substates are empty!
22:54:42.315 [FXGL Background Thread 4 ] DEBUG FXGLApplication      - Initializing game
22:54:42.580 [FXGL Background Thread 4 ] INFO  FXGLApplication      - Game initialization took: 0.265 sec
22:54:42.582 [JavaFX Application Thread] DEBUG Input                - Clearing active input actions
22:54:42.591 [JavaFX Application Thread] DEBUG GameApplicationServi - Removing overlay from CustomLoadingScene and adding to GameScene
22:54:42.591 [JavaFX Application Thread] DEBUG PrimaryStageWindow   - CustomLoadingScene -> GameScene
22:54:42.979 [FXGL Background Thread 3 ] DEBUG Engine               - Logging environment variables
22:54:42.980 [FXGL Background Thread 3 ] DEBUG Engine               - achievements: []
22:54:42.981 [FXGL Background Thread 3 ] DEBUG Engine               - actualHeight: 1024.0
22:54:42.981 [FXGL Background Thread 3 ] DEBUG Engine               - actualHeightProperty: ReadOnlyDoubleProperty [value: 1032.0]
22:54:42.981 [FXGL Background Thread 3 ] DEBUG Engine               - actualWidth: 1022.0
22:54:42.981 [FXGL Background Thread 3 ] DEBUG Engine               - actualWidthProperty: ReadOnlyDoubleProperty [value: 1022.0]
22:54:42.981 [FXGL Background Thread 3 ] DEBUG Engine               - appIcon: fxgl_icon.png
22:54:42.981 [FXGL Background Thread 3 ] DEBUG Engine               - applicationMode: DEVELOPER
22:54:42.981 [FXGL Background Thread 3 ] DEBUG Engine               - cSSList: [fxgl_dark.css]
22:54:42.981 [FXGL Background Thread 3 ] DEBUG Engine               - collisionDetectionStrategy: BRUTE_FORCE
22:54:42.982 [FXGL Background Thread 3 ] DEBUG Engine               - configClass: Optional.empty
22:54:42.982 [FXGL Background Thread 3 ] DEBUG Engine               - credits: []
22:54:42.982 [FXGL Background Thread 3 ] DEBUG Engine               - defaultCursor: CursorInfo(imageName=fxgl_default_cursor.png, hotspotX=7.0, hotspotY=6.0)
22:54:42.982 [FXGL Background Thread 3 ] DEBUG Engine               - devBBoxColorProperty: ObjectProperty [value: 0xff0000ff]
22:54:42.982 [FXGL Background Thread 3 ] DEBUG Engine               - devEnableDebugCameraProperty: BooleanProperty [value: false]
22:54:42.982 [FXGL Background Thread 3 ] DEBUG Engine               - devSensorColorProperty: ObjectProperty [value: 0xffff00ff]
22:54:42.983 [FXGL Background Thread 3 ] DEBUG Engine               - devShowBBoxProperty: BooleanProperty [value: false]
22:54:42.983 [FXGL Background Thread 3 ] DEBUG Engine               - devShowPositionProperty: BooleanProperty [value: false]
22:54:42.983 [FXGL Background Thread 3 ] DEBUG Engine               - enabledMenuItems: []
22:54:42.983 [FXGL Background Thread 3 ] DEBUG Engine               - engineServices: [class com.almasb.fxgl.app.services.FXGLAssetLoaderService, class com.almasb.fxgl.app.FXGLApplication$GameApplicationService, class com.almasb.fxgl.app.services.FXGLDialogService, class com.almasb.fxgl.app.services.IOTaskExecutorService, class com.almasb.fxgl.io.FileSystemService, class com.almasb.fxgl.localization.LocalizationService, class com.almasb.fxgl.app.services.SystemBundleService, class com.almasb.fxgl.profile.SaveLoadService, class com.almasb.fxgl.ui.FXGLUIFactoryServiceProvider, class com.almasb.fxgl.ui.FXGLDialogFactoryServiceProvider, class com.almasb.fxgl.audio.AudioPlayer, class com.almasb.fxgl.notification.impl.NotificationServiceProvider, class com.almasb.fxgl.achievement.AchievementService, class com.almasb.fxgl.cutscene.CutsceneService, class com.almasb.fxgl.minigames.MiniGameService, class com.almasb.fxgl.net.NetService, class com.almasb.fxgl.app.services.UpdaterService, class com.almasb.fxgl.dev.DevService]
22:54:42.983 [FXGL Background Thread 3 ] DEBUG Engine               - fontGame: Abel-Regular.ttf
22:54:42.983 [FXGL Background Thread 3 ] DEBUG Engine               - fontMono: lucida_console.ttf
22:54:42.983 [FXGL Background Thread 3 ] DEBUG Engine               - fontText: Courier-Prime.ttf
22:54:42.983 [FXGL Background Thread 3 ] DEBUG Engine               - fontUI: VarelaRound-Regular.ttf
22:54:42.983 [FXGL Background Thread 3 ] DEBUG Engine               - fullScreen: BooleanProperty [value: false]
22:54:42.984 [FXGL Background Thread 3 ] DEBUG Engine               - gameDifficulty: MEDIUM
22:54:42.984 [FXGL Background Thread 3 ] DEBUG Engine               - gameDifficultyProperty: ObjectProperty [value: MEDIUM]
22:54:42.984 [FXGL Background Thread 3 ] DEBUG Engine               - globalMusicVolume: 0.5
22:54:42.984 [FXGL Background Thread 3 ] DEBUG Engine               - globalMusicVolumeProperty: DoubleProperty [value: 0.5]
22:54:42.984 [FXGL Background Thread 3 ] DEBUG Engine               - globalSoundVolume: 0.5
22:54:42.984 [FXGL Background Thread 3 ] DEBUG Engine               - globalSoundVolumeProperty: DoubleProperty [value: 0.5]
22:54:42.984 [FXGL Background Thread 3 ] DEBUG Engine               - height: 1024
22:54:42.984 [FXGL Background Thread 3 ] DEBUG Engine               - is3D: false
22:54:42.984 [FXGL Background Thread 3 ] DEBUG Engine               - isAndroid: false
22:54:42.984 [FXGL Background Thread 3 ] DEBUG Engine               - isBrowser: false
22:54:42.984 [FXGL Background Thread 3 ] DEBUG Engine               - isClickFeedbackEnabled: false
22:54:42.985 [FXGL Background Thread 3 ] DEBUG Engine               - isCloseConfirmation: false
22:54:42.985 [FXGL Background Thread 3 ] DEBUG Engine               - isDesktop: true
22:54:42.985 [FXGL Background Thread 3 ] DEBUG Engine               - isDeveloperMenuEnabled: false
22:54:42.985 [FXGL Background Thread 3 ] DEBUG Engine               - isEntityPreloadEnabled: true
22:54:42.985 [FXGL Background Thread 3 ] DEBUG Engine               - isExperimentalTiledLargeMap: false
22:54:42.985 [FXGL Background Thread 3 ] DEBUG Engine               - isFileSystemWriteAllowed: true
22:54:42.985 [FXGL Background Thread 3 ] DEBUG Engine               - isFullScreenAllowed: false
22:54:42.985 [FXGL Background Thread 3 ] DEBUG Engine               - isFullScreenFromStart: false
22:54:42.985 [FXGL Background Thread 3 ] DEBUG Engine               - isGameMenuEnabled: true
22:54:42.985 [FXGL Background Thread 3 ] DEBUG Engine               - isIOS: false
22:54:42.985 [FXGL Background Thread 3 ] DEBUG Engine               - isIntroEnabled: false
22:54:42.985 [FXGL Background Thread 3 ] DEBUG Engine               - isLinux: true
22:54:42.985 [FXGL Background Thread 3 ] DEBUG Engine               - isMac: false
22:54:42.985 [FXGL Background Thread 3 ] DEBUG Engine               - isMainMenuEnabled: true
22:54:42.985 [FXGL Background Thread 3 ] DEBUG Engine               - isManualResizeEnabled: false
22:54:42.985 [FXGL Background Thread 3 ] DEBUG Engine               - isMobile: false
22:54:42.986 [FXGL Background Thread 3 ] DEBUG Engine               - isNative: false
22:54:42.986 [FXGL Background Thread 3 ] DEBUG Engine               - isPauseMusicWhenMinimized: true
22:54:42.986 [FXGL Background Thread 3 ] DEBUG Engine               - isPreserveResizeRatio: false
22:54:42.986 [FXGL Background Thread 3 ] DEBUG Engine               - isProfilingEnabled: false
22:54:42.986 [FXGL Background Thread 3 ] DEBUG Engine               - isScaleAffectedOnResize: true
22:54:42.986 [FXGL Background Thread 3 ] DEBUG Engine               - isSingleStep: false
22:54:42.986 [FXGL Background Thread 3 ] DEBUG Engine               - isUserProfileEnabled: false
22:54:42.986 [FXGL Background Thread 3 ] DEBUG Engine               - isWindows: false
22:54:42.986 [FXGL Background Thread 3 ] DEBUG Engine               - language: ObjectProperty [value: ENGLISH]
22:54:42.986 [FXGL Background Thread 3 ] DEBUG Engine               - menuKey: ESCAPE
22:54:42.986 [FXGL Background Thread 3 ] DEBUG Engine               - mouseSensitivity: 0.2
22:54:42.986 [FXGL Background Thread 3 ] DEBUG Engine               - notificationViewClass: class com.almasb.fxgl.notification.view.XboxNotificationView
22:54:42.986 [FXGL Background Thread 3 ] DEBUG Engine               - pixelsPerMeter: 50.0
22:54:42.986 [FXGL Background Thread 3 ] DEBUG Engine               - platform: LINUX
22:54:42.986 [FXGL Background Thread 3 ] DEBUG Engine               - prefHeightProperty: ReadOnlyDoubleProperty [value: 1024.0]
22:54:42.986 [FXGL Background Thread 3 ] DEBUG Engine               - prefWidthProperty: ReadOnlyDoubleProperty [value: 1024.0]
22:54:42.986 [FXGL Background Thread 3 ] DEBUG Engine               - profileDir: profiles/
22:54:42.987 [FXGL Background Thread 3 ] DEBUG Engine               - profileName: StringProperty [value: DEFAULT]
22:54:42.987 [FXGL Background Thread 3 ] DEBUG Engine               - randomSeed: -1
22:54:42.987 [FXGL Background Thread 3 ] DEBUG Engine               - runtimeInfo: RuntimeInfo(platform=LINUX, version=11.17, build=16.07.2021 15.46)
22:54:42.987 [FXGL Background Thread 3 ] DEBUG Engine               - saveFileExt: sav
22:54:42.987 [FXGL Background Thread 3 ] DEBUG Engine               - scaledHeightProp$fxgl: DoubleProperty [bound, value: 1032.0]
22:54:42.987 [FXGL Background Thread 3 ] DEBUG Engine               - scaledWidthProp$fxgl: DoubleProperty [bound, value: 1022.0]
22:54:42.987 [FXGL Background Thread 3 ] DEBUG Engine               - sceneFactory: com.mycat.catperson.CatPerson$1@59e23dda
22:54:42.987 [FXGL Background Thread 3 ] DEBUG Engine               - secondsIn24h: 60
22:54:42.987 [FXGL Background Thread 3 ] DEBUG Engine               - soundMenuBack: menu/back.wav
22:54:42.987 [FXGL Background Thread 3 ] DEBUG Engine               - soundMenuPress: menu/press.wav
22:54:42.987 [FXGL Background Thread 3 ] DEBUG Engine               - soundMenuSelect: menu/select.wav
22:54:42.987 [FXGL Background Thread 3 ] DEBUG Engine               - soundNotification: core/notification.wav
22:54:42.987 [FXGL Background Thread 3 ] DEBUG Engine               - stageStyle: DECORATED
22:54:42.987 [FXGL Background Thread 3 ] DEBUG Engine               - supportedLanguages: [ENGLISH, FRENCH, GERMAN, HUNGARIAN, RUSSIAN]
22:54:42.987 [FXGL Background Thread 3 ] DEBUG Engine               - ticksPerSecond: -1
22:54:42.987 [FXGL Background Thread 3 ] DEBUG Engine               - title: CatPerson
22:54:42.987 [FXGL Background Thread 3 ] DEBUG Engine               - urlGithub: https://github.com/AlmasB/FXGL
22:54:42.987 [FXGL Background Thread 3 ] DEBUG Engine               - urlLeaderboard: http://fxgl-top.herokuapp.com/
22:54:42.987 [FXGL Background Thread 3 ] DEBUG Engine               - urlPOM: https://raw.githubusercontent.com/AlmasB/FXGL/release/README.md
22:54:42.988 [FXGL Background Thread 3 ] DEBUG Engine               - userAppClass: class com.mycat.catperson.CatPerson
22:54:42.988 [FXGL Background Thread 3 ] DEBUG Engine               - version: 1.0
22:54:42.988 [FXGL Background Thread 3 ] DEBUG Engine               - versionCheckDays: 7
22:54:42.988 [FXGL Background Thread 3 ] DEBUG Engine               - width: 1024
22:54:42.988 [FXGL Background Thread 3 ] DEBUG Engine               - Logging services
22:54:42.988 [FXGL Background Thread 3 ] DEBUG Engine               - class com.almasb.fxgl.app.services.FXGLAssetLoaderService
22:54:42.988 [FXGL Background Thread 3 ] DEBUG Engine               - class com.almasb.fxgl.app.FXGLApplication$GameApplicationService
22:54:42.988 [FXGL Background Thread 3 ] DEBUG Engine               - class com.almasb.fxgl.app.services.FXGLDialogService
22:54:42.988 [FXGL Background Thread 3 ] DEBUG Engine               - class com.almasb.fxgl.app.services.IOTaskExecutorService
22:54:42.988 [FXGL Background Thread 3 ] DEBUG Engine               - class com.almasb.fxgl.io.FileSystemService
22:54:42.988 [FXGL Background Thread 3 ] DEBUG Engine               - class com.almasb.fxgl.localization.LocalizationService
22:54:42.988 [FXGL Background Thread 3 ] DEBUG Engine               - class com.almasb.fxgl.app.services.SystemBundleService
22:54:42.988 [FXGL Background Thread 3 ] DEBUG Engine               - class com.almasb.fxgl.profile.SaveLoadService
22:54:42.988 [FXGL Background Thread 3 ] DEBUG Engine               - class com.almasb.fxgl.ui.FXGLUIFactoryServiceProvider
22:54:42.988 [FXGL Background Thread 3 ] DEBUG Engine               - class com.almasb.fxgl.ui.FXGLDialogFactoryServiceProvider
22:54:42.988 [FXGL Background Thread 3 ] DEBUG Engine               - class com.almasb.fxgl.audio.AudioPlayer
22:54:42.988 [FXGL Background Thread 3 ] DEBUG Engine               - class com.almasb.fxgl.notification.impl.NotificationServiceProvider
22:54:42.988 [FXGL Background Thread 3 ] DEBUG Engine               - class com.almasb.fxgl.achievement.AchievementService
22:54:42.988 [FXGL Background Thread 3 ] DEBUG Engine               - class com.almasb.fxgl.cutscene.CutsceneService
22:54:42.989 [FXGL Background Thread 3 ] DEBUG Engine               - class com.almasb.fxgl.minigames.MiniGameService
22:54:42.989 [FXGL Background Thread 3 ] DEBUG Engine               - class com.almasb.fxgl.net.NetService
22:54:42.989 [FXGL Background Thread 3 ] DEBUG Engine               - class com.almasb.fxgl.app.services.UpdaterService
22:54:42.989 [FXGL Background Thread 3 ] DEBUG Engine               - class com.almasb.fxgl.dev.DevService
22:55:02.227 [JavaFX Application Thread] DEBUG LoopRunner           - Pausing loop
22:55:02.281 [JavaFX Application Thread] DEBUG PrimaryStageWindow   - Push state: FailSubScene
22:55:02.281 [JavaFX Application Thread] DEBUG Input                - Clearing active input actions
22:55:02.282 [JavaFX Application Thread] DEBUG GameApplicationServi - Removing overlay from GameScene and adding to FailSubScene
22:55:02.282 [JavaFX Application Thread] DEBUG PrimaryStageWindow   - GameScene -> FailSubScene
22:55:03.585 [JavaFX Application Thread] DEBUG PrimaryStageWindow   - Pop state: FailSubScene
22:55:03.585 [JavaFX Application Thread] DEBUG Input                - Clearing active input actions
22:55:03.586 [JavaFX Application Thread] DEBUG GameApplicationServi - Removing overlay from FailSubScene and adding to GameScene
22:55:03.586 [JavaFX Application Thread] DEBUG PrimaryStageWindow   - GameScene <- FailSubScene
22:55:03.688 [JavaFX Application Thread] DEBUG PrimaryStageWindow   - Push state: TestMainMenu
22:55:03.688 [JavaFX Application Thread] DEBUG Input                - Clearing active input actions
22:55:03.689 [JavaFX Application Thread] DEBUG GameApplicationServi - Removing overlay from GameScene and adding to TestMainMenu
22:55:03.689 [JavaFX Application Thread] DEBUG PrimaryStageWindow   - GameScene -> TestMainMenu
22:55:05.746 [JavaFX Application Thread] DEBUG PrimaryStageWindow   - Push state: LevelSelectSubScene
22:55:05.746 [JavaFX Application Thread] DEBUG Input                - Clearing active input actions
22:55:05.746 [JavaFX Application Thread] DEBUG GameApplicationServi - Removing overlay from TestMainMenu and adding to LevelSelectSubScene
22:55:05.746 [JavaFX Application Thread] DEBUG PrimaryStageWindow   - TestMainMenu -> LevelSelectSubScene
22:55:07.793 [JavaFX Application Thread] DEBUG GameWorld            - Clearing game world
22:55:07.799 [JavaFX Application Thread] DEBUG GameApplicationServi - Starting new game
22:55:07.799 [JavaFX Application Thread] DEBUG PrimaryStageWindow   - Pop state: LevelSelectSubScene
22:55:07.799 [JavaFX Application Thread] DEBUG Input                - Clearing active input actions
22:55:07.799 [JavaFX Application Thread] DEBUG GameApplicationServi - Removing overlay from LevelSelectSubScene and adding to TestMainMenu
22:55:07.799 [JavaFX Application Thread] DEBUG PrimaryStageWindow   - TestMainMenu <- LevelSelectSubScene
22:55:07.799 [JavaFX Application Thread] DEBUG PrimaryStageWindow   - Pop state: TestMainMenu
22:55:07.800 [JavaFX Application Thread] DEBUG Input                - Clearing active input actions
22:55:07.800 [JavaFX Application Thread] DEBUG GameApplicationServi - Removing overlay from TestMainMenu and adding to GameScene
22:55:07.800 [JavaFX Application Thread] DEBUG PrimaryStageWindow   - GameScene <- TestMainMenu
22:55:07.800 [JavaFX Application Thread] DEBUG Input                - Clearing active input actions
22:55:07.804 [JavaFX Application Thread] DEBUG GameApplicationServi - Removing overlay from GameScene and adding to CustomLoadingScene
22:55:07.804 [JavaFX Application Thread] DEBUG PrimaryStageWindow   - GameScene -> CustomLoadingScene
22:55:07.805 [JavaFX Application Thread] DEBUG GameApplicationServi - Clearing previous game
22:55:07.805 [JavaFX Application Thread] DEBUG GameScene            - Clearing game scene
22:55:07.805 [JavaFX Application Thread] DEBUG GameWorld            - Clearing game world
22:55:07.805 [JavaFX Application Thread] DEBUG PhysicsWorld         - Clearing physics world
22:55:07.805 [JavaFX Application Thread] WARN  PrimaryStageWindow   - Cannot pop substate. Probably because substates are empty!
22:55:07.805 [FXGL Background Thread 4 ] DEBUG FXGLApplication      - Initializing game
22:55:07.925 [FXGL Background Thread 4 ] INFO  FXGLApplication      - Game initialization took: 0.120 sec
22:55:07.926 [JavaFX Application Thread] DEBUG Input                - Clearing active input actions
22:55:07.930 [JavaFX Application Thread] DEBUG GameApplicationServi - Removing overlay from CustomLoadingScene and adding to GameScene
22:55:07.930 [JavaFX Application Thread] DEBUG PrimaryStageWindow   - CustomLoadingScene -> GameScene
22:55:18.551 [JavaFX Application Thread] DEBUG FXGLApplication      - Exiting FXGL
22:55:18.552 [JavaFX Application Thread] DEBUG LoopRunner           - Stopping loop
22:55:18.552 [JavaFX Application Thread] DEBUG SystemBundleService  - Saving FXGL system data
22:55:18.554 [JavaFX Application Thread] DEBUG FileSystemAccess     - Writing to: /home/dayrat/IdeaProjects/CATPERSON/system/fxgl.bundle
22:55:18.556 [JavaFX Application Thread] DEBUG Async                - Shutting down background threads
22:55:18.556 [JavaFX Application Thread] DEBUG PrimaryStageWindow   - Closing main window
22:55:18.559 [JavaFX Application Thread] DEBUG Logger               - Closing Logger
