23:09:12.212 [main                     ] DEBUG Logger               - Configured Logger
23:09:12.223 [main                     ] DEBUG GameApplication      - Logging settings
Title: CatPerson
Version: 1.0
Width: 1024
Height: 1024
Fullscreen: false
Intro: false
Profiling: false
Single step:false
App Mode: DEVELOPER
Menu Key: ESCAPE
Stage Style: DECORATED
Scene Factory: class com.mycat.catperson.CatPerson$1

23:09:12.537 [JavaFX Application Thread] DEBUG FXGLApplication      - Initializing FXGL
23:09:12.539 [JavaFX Application Thread] INFO  Engine               - FXGL-11.17 (16.07.2021 15.46) on LINUX (J:11.0.27 FX:17.0.6)
23:09:12.540 [JavaFX Application Thread] DEBUG Engine               - JRE Vendor Name: Ubuntu
23:09:12.540 [JavaFX Application Thread] DEBUG Engine               - Running on OS: Linux version 6.8.0-59-generic
23:09:12.541 [JavaFX Application Thread] DEBUG Engine               - Architecture: amd64
23:09:12.541 [JavaFX Application Thread] INFO  Engine               - Source code and latest versions at: https://github.com/AlmasB/FXGL
23:09:12.541 [JavaFX Application Thread] INFO  Engine               -              Join the FXGL chat at: https://gitter.im/AlmasB/FXGL
23:09:12.638 [JavaFX Application Thread] DEBUG PrimaryStageWindow   - Creating a JavaFX scene
23:09:12.754 [JavaFX Application Thread] DEBUG PrimaryStageWindow   - Target settings size: 1024.0 x 1024.0
23:09:12.755 [JavaFX Application Thread] DEBUG PrimaryStageWindow   - Scaled scene size:    1024.0 x 1024.0
23:09:12.755 [JavaFX Application Thread] DEBUG PrimaryStageWindow   - Scaled ratio: (1.0, 1.0)
23:09:12.755 [JavaFX Application Thread] DEBUG PrimaryStageWindow   - Set initial scene to FXGLStartupScene
23:09:12.758 [JavaFX Application Thread] DEBUG PrimaryStageWindow   - Opening main window
23:09:12.793 [JavaFX Application Thread] DEBUG PrimaryStageWindow   - Window border size: (2.0, 29.0)
23:09:12.794 [JavaFX Application Thread] DEBUG PrimaryStageWindow   - Scaled size: 1024.0 x 1024.0
23:09:12.794 [JavaFX Application Thread] DEBUG PrimaryStageWindow   - Scaled ratio: (1.0, 1.0)
23:09:12.794 [JavaFX Application Thread] DEBUG PrimaryStageWindow   - Scene size: 1024.0 x 1024.0
23:09:12.795 [JavaFX Application Thread] DEBUG PrimaryStageWindow   - Stage size: 1026.0 x 1053.0
23:09:12.804 [FXGL Background Thread 1 ] DEBUG Engine               - Initializing environment variables
23:09:12.854 [FXGL Background Thread 1 ] DEBUG FXGLAssetLoaderServi - User app class for loading assets: class com.mycat.catperson.CatPerson
23:09:12.855 [FXGL Background Thread 1 ] DEBUG GameApplicationServi - Applying CSS: fxgl_dark.css
23:09:12.856 [FXGL Background Thread 1 ] DEBUG FXGLAssetLoaderServi - Loading from file system: jar:file:///home/dayrat/.m2/repository/com/github/almasb/fxgl/11.17/fxgl-11.17.jar!/fxglassets/ui/css/fxgl_dark.css
23:09:12.900 [FXGL Background Thread 1 ] DEBUG GameApplicationServi - Initializing application scenes
23:09:12.997 [FXGL Background Thread 1 ] DEBUG GameWorld            - Game world initialized
23:09:13.036 [FXGL Background Thread 1 ] DEBUG PhysicsWorld         - Physics world initialized: appHeight=1024, physics.ppm=50.0
23:09:13.037 [FXGL Background Thread 1 ] DEBUG PhysicsWorld         - Using strategy: BRUTE_FORCE
23:09:13.040 [FXGL Background Thread 1 ] DEBUG GameScene            - Game scene initialized: 1024x1024
23:09:13.138 [FXGL Background Thread 1 ] DEBUG FXGL.DefaultMenu     - createMenuBodyGameMenu()
23:09:13.142 [FXGL Background Thread 1 ] DEBUG FXGL.DefaultMenu     - createOptionsMenu()
23:09:13.146 [FXGL Background Thread 1 ] DEBUG FXGLAssetLoaderServi - Loading from file system: jar:file:///home/dayrat/.m2/repository/com/github/almasb/fxgl/11.17/fxgl-11.17.jar!/fxglassets/textures/particles/smoke.png
23:09:13.179 [FXGL Background Thread 1 ] DEBUG FXGLAssetLoaderServi - Loading from file system: jar:file:///home/dayrat/.m2/repository/com/github/almasb/fxgl/11.17/fxgl-11.17.jar!/fxglassets/textures/particles/trace_horizontal.png
23:09:13.188 [FXGL Background Thread 1 ] DEBUG GameApplicationServi - Application scenes initialized
23:09:13.192 [FXGL Background Thread 1 ] DEBUG SystemBundleService  - Loading FXGL system data
23:09:13.193 [FXGL Background Thread 1 ] DEBUG FileSystemAccess     - Reading from: /home/dayrat/IdeaProjects/CATPERSON/system/fxgl.bundle
23:09:13.196 [FXGL Background Thread 1 ] DEBUG SystemBundleService  - Bundle FXGL: {}
23:09:13.196 [FXGL Background Thread 1 ] DEBUG UpdaterService       - Checking for updates
23:09:13.198 [FXGL Background Thread 4 ] DEBUG FXGLApplication      - Loading fonts
23:09:13.199 [FXGL Background Thread 1 ] DEBUG FXGLApplication      - Loading default localization
23:09:13.199 [FXGL Background Thread 1 ] DEBUG FXGLAssetLoaderServi - Loading from file system: jar:file:///home/dayrat/.m2/repository/com/github/almasb/fxgl/11.17/fxgl-11.17.jar!/fxglassets/languages/english.lang
23:09:13.199 [FXGL Background Thread 4 ] DEBUG FXGLAssetLoaderServi - Loading from file system: jar:file:///home/dayrat/.m2/repository/com/github/almasb/fxgl/11.17/fxgl-11.17.jar!/fxglassets/ui/fonts/VarelaRound-Regular.ttf
23:09:13.204 [FXGL Background Thread 4 ] DEBUG FXGLAssetLoaderServi - Loading from file system: jar:file:///home/dayrat/.m2/repository/com/github/almasb/fxgl/11.17/fxgl-11.17.jar!/fxglassets/ui/fonts/Abel-Regular.ttf
23:09:13.204 [FXGL Background Thread 1 ] INFO  FXGLApplication      - FXGL initialization took: 0.400 sec
23:09:13.205 [FXGL Background Thread 4 ] DEBUG FXGLAssetLoaderServi - Loading from file system: jar:file:///home/dayrat/.m2/repository/com/github/almasb/fxgl/11.17/fxgl-11.17.jar!/fxglassets/ui/fonts/lucida_console.ttf
23:09:13.207 [FXGL Background Thread 4 ] DEBUG FXGLAssetLoaderServi - Loading from file system: jar:file:///home/dayrat/.m2/repository/com/github/almasb/fxgl/11.17/fxgl-11.17.jar!/fxglassets/ui/fonts/Courier-Prime.ttf
23:09:13.212 [JavaFX Application Thread] DEBUG Input                - Registered new binding: action0 - Up
23:09:13.213 [JavaFX Application Thread] DEBUG Input                - Registered new binding: action1 - Down
23:09:13.213 [JavaFX Application Thread] DEBUG Input                - Registered new binding: action2 - Left
23:09:13.214 [JavaFX Application Thread] DEBUG Input                - Registered new binding: action3 - Right
23:09:13.214 [JavaFX Application Thread] DEBUG FXGLAssetLoaderServi - Loading from file system: jar:file:///home/dayrat/.m2/repository/com/github/almasb/fxgl/11.17/fxgl-11.17.jar!/fxglassets/textures/fxgl_icon.png
23:09:13.224 [JavaFX Application Thread] DEBUG FXGLAssetLoaderServi - Loading from file system: jar:file:///home/dayrat/.m2/repository/com/github/almasb/fxgl/11.17/fxgl-11.17.jar!/fxglassets/textures/fxgl_default_cursor.png
23:09:13.227 [JavaFX Application Thread] DEBUG Input                - Registered new binding: Screenshot - CTRL+8
23:09:13.227 [JavaFX Application Thread] DEBUG Input                - Registered new binding: System info dump - CTRL+9
23:09:13.228 [JavaFX Application Thread] DEBUG Input                - Registered new binding: Restart - CTRL+R
23:09:13.229 [JavaFX Application Thread] DEBUG Input                - Registered new binding: Toggle Debug Camera - CTRL+C
23:09:13.232 [JavaFX Application Thread] DEBUG LoopRunner           - Starting loop
23:09:13.233 [JavaFX Application Thread] DEBUG LoopRunner           - Initializing JavaFX AnimationTimerLoop
23:09:13.237 [JavaFX Application Thread] DEBUG Input                - Clearing active input actions
23:09:13.250 [JavaFX Application Thread] DEBUG GameApplicationServi - Removing overlay from FXGLStartupScene and adding to FXGLMainMenuDummyScene
23:09:13.251 [JavaFX Application Thread] DEBUG PrimaryStageWindow   - FXGLStartupScene -> FXGLMainMenuDummyScene
23:09:13.251 [JavaFX Application Thread] DEBUG PrimaryStageWindow   - Push state: TestMainMenu
23:09:13.251 [JavaFX Application Thread] DEBUG Input                - Clearing active input actions
23:09:13.258 [JavaFX Application Thread] DEBUG GameApplicationServi - Removing overlay from FXGLMainMenuDummyScene and adding to TestMainMenu
23:09:13.259 [JavaFX Application Thread] DEBUG PrimaryStageWindow   - FXGLMainMenuDummyScene -> TestMainMenu
23:09:13.259 [JavaFX Application Thread] DEBUG FXGLApplication      - Registering font factories with UI factory
23:09:14.656 [JavaFX Application Thread] DEBUG PrimaryStageWindow   - Push state: LevelSelectSubScene
23:09:14.656 [JavaFX Application Thread] DEBUG Input                - Clearing active input actions
23:09:14.657 [JavaFX Application Thread] DEBUG GameApplicationServi - Removing overlay from TestMainMenu and adding to LevelSelectSubScene
23:09:14.657 [JavaFX Application Thread] DEBUG PrimaryStageWindow   - TestMainMenu -> LevelSelectSubScene
23:09:15.635 [JavaFX Application Thread] DEBUG GameWorld            - Clearing game world
23:09:15.635 [JavaFX Application Thread] DEBUG GameApplicationServi - Starting new game
23:09:15.635 [JavaFX Application Thread] DEBUG PrimaryStageWindow   - Pop state: LevelSelectSubScene
23:09:15.636 [JavaFX Application Thread] DEBUG Input                - Clearing active input actions
23:09:15.636 [JavaFX Application Thread] DEBUG GameApplicationServi - Removing overlay from LevelSelectSubScene and adding to TestMainMenu
23:09:15.637 [JavaFX Application Thread] DEBUG PrimaryStageWindow   - TestMainMenu <- LevelSelectSubScene
23:09:15.637 [JavaFX Application Thread] DEBUG PrimaryStageWindow   - Pop state: TestMainMenu
23:09:15.637 [JavaFX Application Thread] DEBUG Input                - Clearing active input actions
23:09:15.638 [JavaFX Application Thread] DEBUG GameApplicationServi - Removing overlay from TestMainMenu and adding to FXGLMainMenuDummyScene
23:09:15.638 [JavaFX Application Thread] DEBUG PrimaryStageWindow   - FXGLMainMenuDummyScene <- TestMainMenu
23:09:15.638 [JavaFX Application Thread] DEBUG Input                - Clearing active input actions
23:09:15.644 [JavaFX Application Thread] DEBUG GameApplicationServi - Removing overlay from FXGLMainMenuDummyScene and adding to CustomLoadingScene
23:09:15.645 [JavaFX Application Thread] DEBUG PrimaryStageWindow   - FXGLMainMenuDummyScene -> CustomLoadingScene
23:09:15.645 [JavaFX Application Thread] DEBUG GameApplicationServi - Clearing previous game
23:09:15.645 [JavaFX Application Thread] DEBUG GameScene            - Clearing game scene
23:09:15.645 [JavaFX Application Thread] DEBUG GameWorld            - Clearing game world
23:09:15.645 [JavaFX Application Thread] DEBUG PhysicsWorld         - Clearing physics world
23:09:15.646 [JavaFX Application Thread] WARN  PrimaryStageWindow   - Cannot pop substate. Probably because substates are empty!
23:09:15.646 [FXGL Background Thread 4 ] DEBUG FXGLApplication      - Initializing game
23:09:15.898 [FXGL Background Thread 4 ] INFO  FXGLApplication      - Game initialization took: 0.251 sec
23:09:15.899 [JavaFX Application Thread] DEBUG Input                - Clearing active input actions
23:09:15.904 [JavaFX Application Thread] DEBUG GameApplicationServi - Removing overlay from CustomLoadingScene and adding to GameScene
23:09:15.905 [JavaFX Application Thread] DEBUG PrimaryStageWindow   - CustomLoadingScene -> GameScene
23:09:16.198 [FXGL Background Thread 3 ] DEBUG Engine               - Logging environment variables
23:09:16.200 [FXGL Background Thread 3 ] DEBUG Engine               - achievements: []
23:09:16.200 [FXGL Background Thread 3 ] DEBUG Engine               - actualHeight: 1024.0
23:09:16.200 [FXGL Background Thread 3 ] DEBUG Engine               - actualHeightProperty: ReadOnlyDoubleProperty [value: 1032.0]
23:09:16.200 [FXGL Background Thread 3 ] DEBUG Engine               - actualWidth: 1022.0
23:09:16.201 [FXGL Background Thread 3 ] DEBUG Engine               - actualWidthProperty: ReadOnlyDoubleProperty [value: 1022.0]
23:09:16.201 [FXGL Background Thread 3 ] DEBUG Engine               - appIcon: fxgl_icon.png
23:09:16.201 [FXGL Background Thread 3 ] DEBUG Engine               - applicationMode: DEVELOPER
23:09:16.201 [FXGL Background Thread 3 ] DEBUG Engine               - cSSList: [fxgl_dark.css]
23:09:16.201 [FXGL Background Thread 3 ] DEBUG Engine               - collisionDetectionStrategy: BRUTE_FORCE
23:09:16.201 [FXGL Background Thread 3 ] DEBUG Engine               - configClass: Optional.empty
23:09:16.201 [FXGL Background Thread 3 ] DEBUG Engine               - credits: []
23:09:16.201 [FXGL Background Thread 3 ] DEBUG Engine               - defaultCursor: CursorInfo(imageName=fxgl_default_cursor.png, hotspotX=7.0, hotspotY=6.0)
23:09:16.202 [FXGL Background Thread 3 ] DEBUG Engine               - devBBoxColorProperty: ObjectProperty [value: 0xff0000ff]
23:09:16.202 [FXGL Background Thread 3 ] DEBUG Engine               - devEnableDebugCameraProperty: BooleanProperty [value: false]
23:09:16.202 [FXGL Background Thread 3 ] DEBUG Engine               - devSensorColorProperty: ObjectProperty [value: 0xffff00ff]
23:09:16.202 [FXGL Background Thread 3 ] DEBUG Engine               - devShowBBoxProperty: BooleanProperty [value: false]
23:09:16.202 [FXGL Background Thread 3 ] DEBUG Engine               - devShowPositionProperty: BooleanProperty [value: false]
23:09:16.202 [FXGL Background Thread 3 ] DEBUG Engine               - enabledMenuItems: []
23:09:16.202 [FXGL Background Thread 3 ] DEBUG Engine               - engineServices: [class com.almasb.fxgl.app.services.FXGLAssetLoaderService, class com.almasb.fxgl.app.FXGLApplication$GameApplicationService, class com.almasb.fxgl.app.services.FXGLDialogService, class com.almasb.fxgl.app.services.IOTaskExecutorService, class com.almasb.fxgl.io.FileSystemService, class com.almasb.fxgl.localization.LocalizationService, class com.almasb.fxgl.app.services.SystemBundleService, class com.almasb.fxgl.profile.SaveLoadService, class com.almasb.fxgl.ui.FXGLUIFactoryServiceProvider, class com.almasb.fxgl.ui.FXGLDialogFactoryServiceProvider, class com.almasb.fxgl.audio.AudioPlayer, class com.almasb.fxgl.notification.impl.NotificationServiceProvider, class com.almasb.fxgl.achievement.AchievementService, class com.almasb.fxgl.cutscene.CutsceneService, class com.almasb.fxgl.minigames.MiniGameService, class com.almasb.fxgl.net.NetService, class com.almasb.fxgl.app.services.UpdaterService, class com.almasb.fxgl.dev.DevService]
23:09:16.202 [FXGL Background Thread 3 ] DEBUG Engine               - fontGame: Abel-Regular.ttf
23:09:16.202 [FXGL Background Thread 3 ] DEBUG Engine               - fontMono: lucida_console.ttf
23:09:16.202 [FXGL Background Thread 3 ] DEBUG Engine               - fontText: Courier-Prime.ttf
23:09:16.203 [FXGL Background Thread 3 ] DEBUG Engine               - fontUI: VarelaRound-Regular.ttf
23:09:16.203 [FXGL Background Thread 3 ] DEBUG Engine               - fullScreen: BooleanProperty [value: false]
23:09:16.203 [FXGL Background Thread 3 ] DEBUG Engine               - gameDifficulty: MEDIUM
23:09:16.203 [FXGL Background Thread 3 ] DEBUG Engine               - gameDifficultyProperty: ObjectProperty [value: MEDIUM]
23:09:16.203 [FXGL Background Thread 3 ] DEBUG Engine               - globalMusicVolume: 0.5
23:09:16.203 [FXGL Background Thread 3 ] DEBUG Engine               - globalMusicVolumeProperty: DoubleProperty [value: 0.5]
23:09:16.203 [FXGL Background Thread 3 ] DEBUG Engine               - globalSoundVolume: 0.5
23:09:16.204 [FXGL Background Thread 3 ] DEBUG Engine               - globalSoundVolumeProperty: DoubleProperty [value: 0.5]
23:09:16.204 [FXGL Background Thread 3 ] DEBUG Engine               - height: 1024
23:09:16.204 [FXGL Background Thread 3 ] DEBUG Engine               - is3D: false
23:09:16.204 [FXGL Background Thread 3 ] DEBUG Engine               - isAndroid: false
23:09:16.204 [FXGL Background Thread 3 ] DEBUG Engine               - isBrowser: false
23:09:16.204 [FXGL Background Thread 3 ] DEBUG Engine               - isClickFeedbackEnabled: false
23:09:16.204 [FXGL Background Thread 3 ] DEBUG Engine               - isCloseConfirmation: false
23:09:16.204 [FXGL Background Thread 3 ] DEBUG Engine               - isDesktop: true
23:09:16.204 [FXGL Background Thread 3 ] DEBUG Engine               - isDeveloperMenuEnabled: false
23:09:16.204 [FXGL Background Thread 3 ] DEBUG Engine               - isEntityPreloadEnabled: true
23:09:16.204 [FXGL Background Thread 3 ] DEBUG Engine               - isExperimentalTiledLargeMap: false
23:09:16.204 [FXGL Background Thread 3 ] DEBUG Engine               - isFileSystemWriteAllowed: true
23:09:16.204 [FXGL Background Thread 3 ] DEBUG Engine               - isFullScreenAllowed: false
23:09:16.205 [FXGL Background Thread 3 ] DEBUG Engine               - isFullScreenFromStart: false
23:09:16.205 [FXGL Background Thread 3 ] DEBUG Engine               - isGameMenuEnabled: true
23:09:16.205 [FXGL Background Thread 3 ] DEBUG Engine               - isIOS: false
23:09:16.205 [FXGL Background Thread 3 ] DEBUG Engine               - isIntroEnabled: false
23:09:16.205 [FXGL Background Thread 3 ] DEBUG Engine               - isLinux: true
23:09:16.205 [FXGL Background Thread 3 ] DEBUG Engine               - isMac: false
23:09:16.205 [FXGL Background Thread 3 ] DEBUG Engine               - isMainMenuEnabled: true
23:09:16.205 [FXGL Background Thread 3 ] DEBUG Engine               - isManualResizeEnabled: false
23:09:16.205 [FXGL Background Thread 3 ] DEBUG Engine               - isMobile: false
23:09:16.205 [FXGL Background Thread 3 ] DEBUG Engine               - isNative: false
23:09:16.205 [FXGL Background Thread 3 ] DEBUG Engine               - isPauseMusicWhenMinimized: true
23:09:16.205 [FXGL Background Thread 3 ] DEBUG Engine               - isPreserveResizeRatio: false
23:09:16.205 [FXGL Background Thread 3 ] DEBUG Engine               - isProfilingEnabled: false
23:09:16.205 [FXGL Background Thread 3 ] DEBUG Engine               - isScaleAffectedOnResize: true
23:09:16.205 [FXGL Background Thread 3 ] DEBUG Engine               - isSingleStep: false
23:09:16.205 [FXGL Background Thread 3 ] DEBUG Engine               - isUserProfileEnabled: false
23:09:16.206 [FXGL Background Thread 3 ] DEBUG Engine               - isWindows: false
23:09:16.206 [FXGL Background Thread 3 ] DEBUG Engine               - language: ObjectProperty [value: ENGLISH]
23:09:16.206 [FXGL Background Thread 3 ] DEBUG Engine               - menuKey: ESCAPE
23:09:16.206 [FXGL Background Thread 3 ] DEBUG Engine               - mouseSensitivity: 0.2
23:09:16.206 [FXGL Background Thread 3 ] DEBUG Engine               - notificationViewClass: class com.almasb.fxgl.notification.view.XboxNotificationView
23:09:16.206 [FXGL Background Thread 3 ] DEBUG Engine               - pixelsPerMeter: 50.0
23:09:16.206 [FXGL Background Thread 3 ] DEBUG Engine               - platform: LINUX
23:09:16.206 [FXGL Background Thread 3 ] DEBUG Engine               - prefHeightProperty: ReadOnlyDoubleProperty [value: 1024.0]
23:09:16.206 [FXGL Background Thread 3 ] DEBUG Engine               - prefWidthProperty: ReadOnlyDoubleProperty [value: 1024.0]
23:09:16.206 [FXGL Background Thread 3 ] DEBUG Engine               - profileDir: profiles/
23:09:16.206 [FXGL Background Thread 3 ] DEBUG Engine               - profileName: StringProperty [value: DEFAULT]
23:09:16.206 [FXGL Background Thread 3 ] DEBUG Engine               - randomSeed: -1
23:09:16.206 [FXGL Background Thread 3 ] DEBUG Engine               - runtimeInfo: RuntimeInfo(platform=LINUX, version=11.17, build=16.07.2021 15.46)
23:09:16.206 [FXGL Background Thread 3 ] DEBUG Engine               - saveFileExt: sav
23:09:16.206 [FXGL Background Thread 3 ] DEBUG Engine               - scaledHeightProp$fxgl: DoubleProperty [bound, value: 1032.0]
23:09:16.206 [FXGL Background Thread 3 ] DEBUG Engine               - scaledWidthProp$fxgl: DoubleProperty [bound, value: 1022.0]
23:09:16.207 [FXGL Background Thread 3 ] DEBUG Engine               - sceneFactory: com.mycat.catperson.CatPerson$1@7e3fe57
23:09:16.207 [FXGL Background Thread 3 ] DEBUG Engine               - secondsIn24h: 60
23:09:16.207 [FXGL Background Thread 3 ] DEBUG Engine               - soundMenuBack: menu/back.wav
23:09:16.207 [FXGL Background Thread 3 ] DEBUG Engine               - soundMenuPress: menu/press.wav
23:09:16.207 [FXGL Background Thread 3 ] DEBUG Engine               - soundMenuSelect: menu/select.wav
23:09:16.207 [FXGL Background Thread 3 ] DEBUG Engine               - soundNotification: core/notification.wav
23:09:16.207 [FXGL Background Thread 3 ] DEBUG Engine               - stageStyle: DECORATED
23:09:16.207 [FXGL Background Thread 3 ] DEBUG Engine               - supportedLanguages: [ENGLISH, FRENCH, GERMAN, HUNGARIAN, RUSSIAN]
23:09:16.207 [FXGL Background Thread 3 ] DEBUG Engine               - ticksPerSecond: -1
23:09:16.207 [FXGL Background Thread 3 ] DEBUG Engine               - title: CatPerson
23:09:16.207 [FXGL Background Thread 3 ] DEBUG Engine               - urlGithub: https://github.com/AlmasB/FXGL
23:09:16.207 [FXGL Background Thread 3 ] DEBUG Engine               - urlLeaderboard: http://fxgl-top.herokuapp.com/
23:09:16.207 [FXGL Background Thread 3 ] DEBUG Engine               - urlPOM: https://raw.githubusercontent.com/AlmasB/FXGL/release/README.md
23:09:16.207 [FXGL Background Thread 3 ] DEBUG Engine               - userAppClass: class com.mycat.catperson.CatPerson
23:09:16.207 [FXGL Background Thread 3 ] DEBUG Engine               - version: 1.0
23:09:16.207 [FXGL Background Thread 3 ] DEBUG Engine               - versionCheckDays: 7
23:09:16.207 [FXGL Background Thread 3 ] DEBUG Engine               - width: 1024
23:09:16.207 [FXGL Background Thread 3 ] DEBUG Engine               - Logging services
23:09:16.207 [FXGL Background Thread 3 ] DEBUG Engine               - class com.almasb.fxgl.app.services.FXGLAssetLoaderService
23:09:16.208 [FXGL Background Thread 3 ] DEBUG Engine               - class com.almasb.fxgl.app.FXGLApplication$GameApplicationService
23:09:16.208 [FXGL Background Thread 3 ] DEBUG Engine               - class com.almasb.fxgl.app.services.FXGLDialogService
23:09:16.208 [FXGL Background Thread 3 ] DEBUG Engine               - class com.almasb.fxgl.app.services.IOTaskExecutorService
23:09:16.208 [FXGL Background Thread 3 ] DEBUG Engine               - class com.almasb.fxgl.io.FileSystemService
23:09:16.208 [FXGL Background Thread 3 ] DEBUG Engine               - class com.almasb.fxgl.localization.LocalizationService
23:09:16.208 [FXGL Background Thread 3 ] DEBUG Engine               - class com.almasb.fxgl.app.services.SystemBundleService
23:09:16.208 [FXGL Background Thread 3 ] DEBUG Engine               - class com.almasb.fxgl.profile.SaveLoadService
23:09:16.208 [FXGL Background Thread 3 ] DEBUG Engine               - class com.almasb.fxgl.ui.FXGLUIFactoryServiceProvider
23:09:16.208 [FXGL Background Thread 3 ] DEBUG Engine               - class com.almasb.fxgl.ui.FXGLDialogFactoryServiceProvider
23:09:16.208 [FXGL Background Thread 3 ] DEBUG Engine               - class com.almasb.fxgl.audio.AudioPlayer
23:09:16.208 [FXGL Background Thread 3 ] DEBUG Engine               - class com.almasb.fxgl.notification.impl.NotificationServiceProvider
23:09:16.208 [FXGL Background Thread 3 ] DEBUG Engine               - class com.almasb.fxgl.achievement.AchievementService
23:09:16.208 [FXGL Background Thread 3 ] DEBUG Engine               - class com.almasb.fxgl.cutscene.CutsceneService
23:09:16.209 [FXGL Background Thread 3 ] DEBUG Engine               - class com.almasb.fxgl.minigames.MiniGameService
23:09:16.209 [FXGL Background Thread 3 ] DEBUG Engine               - class com.almasb.fxgl.net.NetService
23:09:16.209 [FXGL Background Thread 3 ] DEBUG Engine               - class com.almasb.fxgl.app.services.UpdaterService
23:09:16.209 [FXGL Background Thread 3 ] DEBUG Engine               - class com.almasb.fxgl.dev.DevService
23:09:27.569 [JavaFX Application Thread] DEBUG FXGLApplication      - Exiting FXGL
23:09:27.569 [JavaFX Application Thread] DEBUG LoopRunner           - Stopping loop
23:09:27.569 [JavaFX Application Thread] DEBUG SystemBundleService  - Saving FXGL system data
23:09:27.571 [JavaFX Application Thread] DEBUG FileSystemAccess     - Writing to: /home/dayrat/IdeaProjects/CATPERSON/system/fxgl.bundle
23:09:27.573 [JavaFX Application Thread] DEBUG Async                - Shutting down background threads
23:09:27.573 [JavaFX Application Thread] DEBUG PrimaryStageWindow   - Closing main window
23:09:27.576 [JavaFX Application Thread] DEBUG Logger               - Closing Logger
