03:11:53.955 [main                     ] DEBUG Logger               - Configured Logger
03:11:53.961 [main                     ] DEBUG GameApplication      - Logging settings
Title: CatPerson
Version: 1.0
Width: 1024
Height: 1024
Fullscreen: false
Intro: false
Profiling: false
Single step:false
App Mode: DEVELOPER
Menu Key: ESCAPE
Stage Style: DECORATED
Scene Factory: class com.mycat.catperson.CatPerson$1

03:11:54.273 [JavaFX Application Thread] DEBUG FXGLApplication      - Initializing FXGL
03:11:54.275 [JavaFX Application Thread] INFO  Engine               - FXGL-11.17 (16.07.2021 15.46) on LINUX (J:11.0.27 FX:17.0.6)
03:11:54.275 [JavaFX Application Thread] DEBUG Engine               - JRE Vendor Name: Ubuntu
03:11:54.275 [JavaFX Application Thread] DEBUG Engine               - Running on OS: Linux version 6.8.0-59-generic
03:11:54.275 [JavaFX Application Thread] DEBUG Engine               - Architecture: amd64
03:11:54.276 [JavaFX Application Thread] INFO  Engine               - Source code and latest versions at: https://github.com/AlmasB/FXGL
03:11:54.276 [JavaFX Application Thread] INFO  Engine               -              Join the FXGL chat at: https://gitter.im/AlmasB/FXGL
03:11:54.352 [JavaFX Application Thread] DEBUG PrimaryStageWindow   - Creating a JavaFX scene
03:11:54.419 [JavaFX Application Thread] DEBUG PrimaryStageWindow   - Target settings size: 1024.0 x 1024.0
03:11:54.419 [JavaFX Application Thread] DEBUG PrimaryStageWindow   - Scaled scene size:    1024.0 x 1024.0
03:11:54.419 [JavaFX Application Thread] DEBUG PrimaryStageWindow   - Scaled ratio: (1.0, 1.0)
03:11:54.420 [JavaFX Application Thread] DEBUG PrimaryStageWindow   - Set initial scene to FXGLStartupScene
03:11:54.422 [JavaFX Application Thread] DEBUG PrimaryStageWindow   - Opening main window
03:11:54.452 [JavaFX Application Thread] DEBUG PrimaryStageWindow   - Window border size: (2.0, 29.0)
03:11:54.453 [JavaFX Application Thread] DEBUG PrimaryStageWindow   - Scaled size: 1024.0 x 1024.0
03:11:54.453 [JavaFX Application Thread] DEBUG PrimaryStageWindow   - Scaled ratio: (1.0, 1.0)
03:11:54.453 [JavaFX Application Thread] DEBUG PrimaryStageWindow   - Scene size: 1024.0 x 1024.0
03:11:54.453 [JavaFX Application Thread] DEBUG PrimaryStageWindow   - Stage size: 1026.0 x 1053.0
03:11:54.459 [FXGL Background Thread 1 ] DEBUG Engine               - Initializing environment variables
03:11:54.516 [FXGL Background Thread 1 ] DEBUG FXGLAssetLoaderServi - User app class for loading assets: class com.mycat.catperson.CatPerson
03:11:54.516 [FXGL Background Thread 1 ] DEBUG GameApplicationServi - Applying CSS: fxgl_dark.css
03:11:54.517 [FXGL Background Thread 1 ] DEBUG FXGLAssetLoaderServi - Loading from file system: jar:file:///home/dayrat/.m2/repository/com/github/almasb/fxgl/11.17/fxgl-11.17.jar!/fxglassets/ui/css/fxgl_dark.css
03:11:54.583 [FXGL Background Thread 1 ] DEBUG GameApplicationServi - Initializing application scenes
03:11:54.695 [FXGL Background Thread 1 ] DEBUG GameWorld            - Game world initialized
03:11:54.712 [FXGL Background Thread 1 ] DEBUG PhysicsWorld         - Physics world initialized: appHeight=1024, physics.ppm=50.0
03:11:54.712 [FXGL Background Thread 1 ] DEBUG PhysicsWorld         - Using strategy: BRUTE_FORCE
03:11:54.713 [FXGL Background Thread 1 ] DEBUG GameScene            - Game scene initialized: 1024x1024
03:11:54.789 [FXGL Background Thread 1 ] DEBUG FXGL.DefaultMenu     - createMenuBodyGameMenu()
03:11:54.793 [FXGL Background Thread 1 ] DEBUG FXGL.DefaultMenu     - createOptionsMenu()
03:11:54.795 [FXGL Background Thread 1 ] DEBUG FXGLAssetLoaderServi - Loading from file system: jar:file:///home/dayrat/.m2/repository/com/github/almasb/fxgl/11.17/fxgl-11.17.jar!/fxglassets/textures/particles/smoke.png
03:11:54.828 [FXGL Background Thread 1 ] DEBUG FXGLAssetLoaderServi - Loading from file system: jar:file:///home/dayrat/.m2/repository/com/github/almasb/fxgl/11.17/fxgl-11.17.jar!/fxglassets/textures/particles/trace_horizontal.png
03:11:54.837 [FXGL Background Thread 1 ] DEBUG GameApplicationServi - Application scenes initialized
03:11:54.840 [FXGL Background Thread 1 ] DEBUG SystemBundleService  - Loading FXGL system data
03:11:54.841 [FXGL Background Thread 1 ] DEBUG FileSystemAccess     - Reading from: /home/dayrat/IdeaProjects/CATPERSON/system/fxgl.bundle
03:11:54.844 [FXGL Background Thread 1 ] DEBUG SystemBundleService  - Bundle FXGL: {}
03:11:54.844 [FXGL Background Thread 1 ] DEBUG UpdaterService       - Checking for updates
03:11:54.845 [FXGL Background Thread 4 ] DEBUG FXGLApplication      - Loading fonts
03:11:54.846 [FXGL Background Thread 1 ] DEBUG FXGLApplication      - Loading default localization
03:11:54.846 [FXGL Background Thread 1 ] DEBUG FXGLAssetLoaderServi - Loading from file system: jar:file:///home/dayrat/.m2/repository/com/github/almasb/fxgl/11.17/fxgl-11.17.jar!/fxglassets/languages/english.lang
03:11:54.846 [FXGL Background Thread 4 ] DEBUG FXGLAssetLoaderServi - Loading from file system: jar:file:///home/dayrat/.m2/repository/com/github/almasb/fxgl/11.17/fxgl-11.17.jar!/fxglassets/ui/fonts/VarelaRound-Regular.ttf
03:11:54.851 [FXGL Background Thread 4 ] DEBUG FXGLAssetLoaderServi - Loading from file system: jar:file:///home/dayrat/.m2/repository/com/github/almasb/fxgl/11.17/fxgl-11.17.jar!/fxglassets/ui/fonts/Abel-Regular.ttf
03:11:54.852 [FXGL Background Thread 1 ] INFO  FXGLApplication      - FXGL initialization took: 0.393 sec
03:11:54.853 [FXGL Background Thread 4 ] DEBUG FXGLAssetLoaderServi - Loading from file system: jar:file:///home/dayrat/.m2/repository/com/github/almasb/fxgl/11.17/fxgl-11.17.jar!/fxglassets/ui/fonts/lucida_console.ttf
03:11:54.854 [FXGL Background Thread 4 ] DEBUG FXGLAssetLoaderServi - Loading from file system: jar:file:///home/dayrat/.m2/repository/com/github/almasb/fxgl/11.17/fxgl-11.17.jar!/fxglassets/ui/fonts/Courier-Prime.ttf
03:11:54.858 [JavaFX Application Thread] DEBUG Input                - Registered new binding: action0 - Up
03:11:54.858 [JavaFX Application Thread] DEBUG Input                - Registered new binding: action1 - Down
03:11:54.858 [JavaFX Application Thread] DEBUG Input                - Registered new binding: action2 - Left
03:11:54.858 [JavaFX Application Thread] DEBUG Input                - Registered new binding: action3 - Right
03:11:54.858 [JavaFX Application Thread] DEBUG FXGLAssetLoaderServi - Loading from file system: jar:file:///home/dayrat/.m2/repository/com/github/almasb/fxgl/11.17/fxgl-11.17.jar!/fxglassets/textures/fxgl_icon.png
03:11:54.864 [JavaFX Application Thread] DEBUG FXGLAssetLoaderServi - Loading from file system: jar:file:///home/dayrat/.m2/repository/com/github/almasb/fxgl/11.17/fxgl-11.17.jar!/fxglassets/textures/fxgl_default_cursor.png
03:11:54.865 [JavaFX Application Thread] DEBUG Input                - Registered new binding: Screenshot - CTRL+8
03:11:54.866 [JavaFX Application Thread] DEBUG Input                - Registered new binding: System info dump - CTRL+9
03:11:54.866 [JavaFX Application Thread] DEBUG Input                - Registered new binding: Restart - CTRL+R
03:11:54.866 [JavaFX Application Thread] DEBUG Input                - Registered new binding: Toggle Debug Camera - CTRL+C
03:11:54.867 [JavaFX Application Thread] DEBUG LoopRunner           - Starting loop
03:11:54.868 [JavaFX Application Thread] DEBUG LoopRunner           - Initializing JavaFX AnimationTimerLoop
03:11:54.869 [JavaFX Application Thread] DEBUG Input                - Clearing active input actions
03:11:54.880 [JavaFX Application Thread] DEBUG GameApplicationServi - Removing overlay from FXGLStartupScene and adding to FXGLMainMenuDummyScene
03:11:54.881 [JavaFX Application Thread] DEBUG PrimaryStageWindow   - FXGLStartupScene -> FXGLMainMenuDummyScene
03:11:54.881 [JavaFX Application Thread] DEBUG PrimaryStageWindow   - Push state: TestMainMenu
03:11:54.881 [JavaFX Application Thread] DEBUG Input                - Clearing active input actions
03:11:54.887 [JavaFX Application Thread] DEBUG GameApplicationServi - Removing overlay from FXGLMainMenuDummyScene and adding to TestMainMenu
03:11:54.887 [JavaFX Application Thread] DEBUG PrimaryStageWindow   - FXGLMainMenuDummyScene -> TestMainMenu
03:11:54.887 [JavaFX Application Thread] DEBUG FXGLApplication      - Registering font factories with UI factory
03:11:55.264 [FXGL Background Thread 2 ] INFO  UpdaterService       - Your current version:  11.17
03:11:55.265 [FXGL Background Thread 2 ] INFO  UpdaterService       - Latest stable version: 21.1
03:11:56.092 [JavaFX Application Thread] DEBUG PrimaryStageWindow   - Push state: LevelSelectSubScene
03:11:56.092 [JavaFX Application Thread] DEBUG Input                - Clearing active input actions
03:11:56.093 [JavaFX Application Thread] DEBUG GameApplicationServi - Removing overlay from TestMainMenu and adding to LevelSelectSubScene
03:11:56.093 [JavaFX Application Thread] DEBUG PrimaryStageWindow   - TestMainMenu -> LevelSelectSubScene
03:11:57.200 [JavaFX Application Thread] DEBUG GameWorld            - Clearing game world
03:11:57.200 [JavaFX Application Thread] DEBUG GameApplicationServi - Starting new game
03:11:57.201 [JavaFX Application Thread] DEBUG PrimaryStageWindow   - Pop state: LevelSelectSubScene
03:11:57.201 [JavaFX Application Thread] DEBUG Input                - Clearing active input actions
03:11:57.202 [JavaFX Application Thread] DEBUG GameApplicationServi - Removing overlay from LevelSelectSubScene and adding to TestMainMenu
03:11:57.203 [JavaFX Application Thread] DEBUG PrimaryStageWindow   - TestMainMenu <- LevelSelectSubScene
03:11:57.204 [JavaFX Application Thread] DEBUG PrimaryStageWindow   - Pop state: TestMainMenu
03:11:57.204 [JavaFX Application Thread] DEBUG Input                - Clearing active input actions
03:11:57.204 [JavaFX Application Thread] DEBUG GameApplicationServi - Removing overlay from TestMainMenu and adding to FXGLMainMenuDummyScene
03:11:57.204 [JavaFX Application Thread] DEBUG PrimaryStageWindow   - FXGLMainMenuDummyScene <- TestMainMenu
03:11:57.205 [JavaFX Application Thread] DEBUG Input                - Clearing active input actions
03:11:57.214 [JavaFX Application Thread] DEBUG GameApplicationServi - Removing overlay from FXGLMainMenuDummyScene and adding to CustomLoadingScene
03:11:57.215 [JavaFX Application Thread] DEBUG PrimaryStageWindow   - FXGLMainMenuDummyScene -> CustomLoadingScene
03:11:57.215 [JavaFX Application Thread] DEBUG GameApplicationServi - Clearing previous game
03:11:57.215 [JavaFX Application Thread] DEBUG GameScene            - Clearing game scene
03:11:57.215 [JavaFX Application Thread] DEBUG GameWorld            - Clearing game world
03:11:57.215 [JavaFX Application Thread] DEBUG PhysicsWorld         - Clearing physics world
03:11:57.216 [JavaFX Application Thread] WARN  PrimaryStageWindow   - Cannot pop substate. Probably because substates are empty!
03:11:57.217 [FXGL Background Thread 2 ] DEBUG FXGLApplication      - Initializing game
03:11:57.513 [FXGL Background Thread 2 ] INFO  FXGLApplication      - Game initialization took: 0.297 sec
03:11:57.515 [JavaFX Application Thread] DEBUG Input                - Clearing active input actions
03:11:57.520 [JavaFX Application Thread] DEBUG GameApplicationServi - Removing overlay from CustomLoadingScene and adding to GameScene
03:11:57.520 [JavaFX Application Thread] DEBUG PrimaryStageWindow   - CustomLoadingScene -> GameScene
03:11:57.845 [FXGL Background Thread 3 ] DEBUG Engine               - Logging environment variables
03:11:57.846 [FXGL Background Thread 3 ] DEBUG Engine               - achievements: []
03:11:57.846 [FXGL Background Thread 3 ] DEBUG Engine               - actualHeight: 1024.0
03:11:57.846 [FXGL Background Thread 3 ] DEBUG Engine               - actualHeightProperty: ReadOnlyDoubleProperty [value: 1032.0]
03:11:57.846 [FXGL Background Thread 3 ] DEBUG Engine               - actualWidth: 1022.0
03:11:57.847 [FXGL Background Thread 3 ] DEBUG Engine               - actualWidthProperty: ReadOnlyDoubleProperty [value: 1022.0]
03:11:57.847 [FXGL Background Thread 3 ] DEBUG Engine               - appIcon: fxgl_icon.png
03:11:57.847 [FXGL Background Thread 3 ] DEBUG Engine               - applicationMode: DEVELOPER
03:11:57.847 [FXGL Background Thread 3 ] DEBUG Engine               - cSSList: [fxgl_dark.css]
03:11:57.847 [FXGL Background Thread 3 ] DEBUG Engine               - collisionDetectionStrategy: BRUTE_FORCE
03:11:57.847 [FXGL Background Thread 3 ] DEBUG Engine               - configClass: Optional.empty
03:11:57.847 [FXGL Background Thread 3 ] DEBUG Engine               - credits: []
03:11:57.847 [FXGL Background Thread 3 ] DEBUG Engine               - defaultCursor: CursorInfo(imageName=fxgl_default_cursor.png, hotspotX=7.0, hotspotY=6.0)
03:11:57.847 [FXGL Background Thread 3 ] DEBUG Engine               - devBBoxColorProperty: ObjectProperty [value: 0xff0000ff]
03:11:57.848 [FXGL Background Thread 3 ] DEBUG Engine               - devEnableDebugCameraProperty: BooleanProperty [value: false]
03:11:57.848 [FXGL Background Thread 3 ] DEBUG Engine               - devSensorColorProperty: ObjectProperty [value: 0xffff00ff]
03:11:57.848 [FXGL Background Thread 3 ] DEBUG Engine               - devShowBBoxProperty: BooleanProperty [value: false]
03:11:57.848 [FXGL Background Thread 3 ] DEBUG Engine               - devShowPositionProperty: BooleanProperty [value: false]
03:11:57.848 [FXGL Background Thread 3 ] DEBUG Engine               - enabledMenuItems: []
03:11:57.848 [FXGL Background Thread 3 ] DEBUG Engine               - engineServices: [class com.almasb.fxgl.app.services.FXGLAssetLoaderService, class com.almasb.fxgl.app.FXGLApplication$GameApplicationService, class com.almasb.fxgl.app.services.FXGLDialogService, class com.almasb.fxgl.app.services.IOTaskExecutorService, class com.almasb.fxgl.io.FileSystemService, class com.almasb.fxgl.localization.LocalizationService, class com.almasb.fxgl.app.services.SystemBundleService, class com.almasb.fxgl.profile.SaveLoadService, class com.almasb.fxgl.ui.FXGLUIFactoryServiceProvider, class com.almasb.fxgl.ui.FXGLDialogFactoryServiceProvider, class com.almasb.fxgl.audio.AudioPlayer, class com.almasb.fxgl.notification.impl.NotificationServiceProvider, class com.almasb.fxgl.achievement.AchievementService, class com.almasb.fxgl.cutscene.CutsceneService, class com.almasb.fxgl.minigames.MiniGameService, class com.almasb.fxgl.net.NetService, class com.almasb.fxgl.app.services.UpdaterService, class com.almasb.fxgl.dev.DevService]
03:11:57.848 [FXGL Background Thread 3 ] DEBUG Engine               - fontGame: Abel-Regular.ttf
03:11:57.848 [FXGL Background Thread 3 ] DEBUG Engine               - fontMono: lucida_console.ttf
03:11:57.848 [FXGL Background Thread 3 ] DEBUG Engine               - fontText: Courier-Prime.ttf
03:11:57.848 [FXGL Background Thread 3 ] DEBUG Engine               - fontUI: VarelaRound-Regular.ttf
03:11:57.848 [FXGL Background Thread 3 ] DEBUG Engine               - fullScreen: BooleanProperty [value: false]
03:11:57.848 [FXGL Background Thread 3 ] DEBUG Engine               - gameDifficulty: MEDIUM
03:11:57.848 [FXGL Background Thread 3 ] DEBUG Engine               - gameDifficultyProperty: ObjectProperty [value: MEDIUM]
03:11:57.848 [FXGL Background Thread 3 ] DEBUG Engine               - globalMusicVolume: 0.5
03:11:57.848 [FXGL Background Thread 3 ] DEBUG Engine               - globalMusicVolumeProperty: DoubleProperty [value: 0.5]
03:11:57.848 [FXGL Background Thread 3 ] DEBUG Engine               - globalSoundVolume: 0.5
03:11:57.849 [FXGL Background Thread 3 ] DEBUG Engine               - globalSoundVolumeProperty: DoubleProperty [value: 0.5]
03:11:57.849 [FXGL Background Thread 3 ] DEBUG Engine               - height: 1024
03:11:57.849 [FXGL Background Thread 3 ] DEBUG Engine               - is3D: false
03:11:57.849 [FXGL Background Thread 3 ] DEBUG Engine               - isAndroid: false
03:11:57.849 [FXGL Background Thread 3 ] DEBUG Engine               - isBrowser: false
03:11:57.849 [FXGL Background Thread 3 ] DEBUG Engine               - isClickFeedbackEnabled: false
03:11:57.849 [FXGL Background Thread 3 ] DEBUG Engine               - isCloseConfirmation: false
03:11:57.849 [FXGL Background Thread 3 ] DEBUG Engine               - isDesktop: true
03:11:57.849 [FXGL Background Thread 3 ] DEBUG Engine               - isDeveloperMenuEnabled: false
03:11:57.849 [FXGL Background Thread 3 ] DEBUG Engine               - isEntityPreloadEnabled: true
03:11:57.849 [FXGL Background Thread 3 ] DEBUG Engine               - isExperimentalTiledLargeMap: false
03:11:57.849 [FXGL Background Thread 3 ] DEBUG Engine               - isFileSystemWriteAllowed: true
03:11:57.849 [FXGL Background Thread 3 ] DEBUG Engine               - isFullScreenAllowed: false
03:11:57.849 [FXGL Background Thread 3 ] DEBUG Engine               - isFullScreenFromStart: false
03:11:57.849 [FXGL Background Thread 3 ] DEBUG Engine               - isGameMenuEnabled: true
03:11:57.849 [FXGL Background Thread 3 ] DEBUG Engine               - isIOS: false
03:11:57.849 [FXGL Background Thread 3 ] DEBUG Engine               - isIntroEnabled: false
03:11:57.849 [FXGL Background Thread 3 ] DEBUG Engine               - isLinux: true
03:11:57.849 [FXGL Background Thread 3 ] DEBUG Engine               - isMac: false
03:11:57.849 [FXGL Background Thread 3 ] DEBUG Engine               - isMainMenuEnabled: true
03:11:57.849 [FXGL Background Thread 3 ] DEBUG Engine               - isManualResizeEnabled: false
03:11:57.850 [FXGL Background Thread 3 ] DEBUG Engine               - isMobile: false
03:11:57.850 [FXGL Background Thread 3 ] DEBUG Engine               - isNative: false
03:11:57.850 [FXGL Background Thread 3 ] DEBUG Engine               - isPauseMusicWhenMinimized: true
03:11:57.850 [FXGL Background Thread 3 ] DEBUG Engine               - isPreserveResizeRatio: false
03:11:57.850 [FXGL Background Thread 3 ] DEBUG Engine               - isProfilingEnabled: false
03:11:57.850 [FXGL Background Thread 3 ] DEBUG Engine               - isScaleAffectedOnResize: true
03:11:57.850 [FXGL Background Thread 3 ] DEBUG Engine               - isSingleStep: false
03:11:57.850 [FXGL Background Thread 3 ] DEBUG Engine               - isUserProfileEnabled: false
03:11:57.850 [FXGL Background Thread 3 ] DEBUG Engine               - isWindows: false
03:11:57.850 [FXGL Background Thread 3 ] DEBUG Engine               - language: ObjectProperty [value: ENGLISH]
03:11:57.850 [FXGL Background Thread 3 ] DEBUG Engine               - menuKey: ESCAPE
03:11:57.850 [FXGL Background Thread 3 ] DEBUG Engine               - mouseSensitivity: 0.2
03:11:57.850 [FXGL Background Thread 3 ] DEBUG Engine               - notificationViewClass: class com.almasb.fxgl.notification.view.XboxNotificationView
03:11:57.850 [FXGL Background Thread 3 ] DEBUG Engine               - pixelsPerMeter: 50.0
03:11:57.850 [FXGL Background Thread 3 ] DEBUG Engine               - platform: LINUX
03:11:57.850 [FXGL Background Thread 3 ] DEBUG Engine               - prefHeightProperty: ReadOnlyDoubleProperty [value: 1024.0]
03:11:57.850 [FXGL Background Thread 3 ] DEBUG Engine               - prefWidthProperty: ReadOnlyDoubleProperty [value: 1024.0]
03:11:57.850 [FXGL Background Thread 3 ] DEBUG Engine               - profileDir: profiles/
03:11:57.850 [FXGL Background Thread 3 ] DEBUG Engine               - profileName: StringProperty [value: DEFAULT]
03:11:57.850 [FXGL Background Thread 3 ] DEBUG Engine               - randomSeed: -1
03:11:57.850 [FXGL Background Thread 3 ] DEBUG Engine               - runtimeInfo: RuntimeInfo(platform=LINUX, version=11.17, build=16.07.2021 15.46)
03:11:57.850 [FXGL Background Thread 3 ] DEBUG Engine               - saveFileExt: sav
03:11:57.850 [FXGL Background Thread 3 ] DEBUG Engine               - scaledHeightProp$fxgl: DoubleProperty [bound, value: 1032.0]
03:11:57.850 [FXGL Background Thread 3 ] DEBUG Engine               - scaledWidthProp$fxgl: DoubleProperty [bound, value: 1022.0]
03:11:57.850 [FXGL Background Thread 3 ] DEBUG Engine               - sceneFactory: com.mycat.catperson.CatPerson$1@42478abf
03:11:57.850 [FXGL Background Thread 3 ] DEBUG Engine               - secondsIn24h: 60
03:11:57.851 [FXGL Background Thread 3 ] DEBUG Engine               - soundMenuBack: menu/back.wav
03:11:57.851 [FXGL Background Thread 3 ] DEBUG Engine               - soundMenuPress: menu/press.wav
03:11:57.851 [FXGL Background Thread 3 ] DEBUG Engine               - soundMenuSelect: menu/select.wav
03:11:57.851 [FXGL Background Thread 3 ] DEBUG Engine               - soundNotification: core/notification.wav
03:11:57.851 [FXGL Background Thread 3 ] DEBUG Engine               - stageStyle: DECORATED
03:11:57.851 [FXGL Background Thread 3 ] DEBUG Engine               - supportedLanguages: [ENGLISH, FRENCH, GERMAN, HUNGARIAN, RUSSIAN]
03:11:57.851 [FXGL Background Thread 3 ] DEBUG Engine               - ticksPerSecond: -1
03:11:57.851 [FXGL Background Thread 3 ] DEBUG Engine               - title: CatPerson
03:11:57.851 [FXGL Background Thread 3 ] DEBUG Engine               - urlGithub: https://github.com/AlmasB/FXGL
03:11:57.851 [FXGL Background Thread 3 ] DEBUG Engine               - urlLeaderboard: http://fxgl-top.herokuapp.com/
03:11:57.851 [FXGL Background Thread 3 ] DEBUG Engine               - urlPOM: https://raw.githubusercontent.com/AlmasB/FXGL/release/README.md
03:11:57.851 [FXGL Background Thread 3 ] DEBUG Engine               - userAppClass: class com.mycat.catperson.CatPerson
03:11:57.851 [FXGL Background Thread 3 ] DEBUG Engine               - version: 1.0
03:11:57.851 [FXGL Background Thread 3 ] DEBUG Engine               - versionCheckDays: 7
03:11:57.851 [FXGL Background Thread 3 ] DEBUG Engine               - width: 1024
03:11:57.851 [FXGL Background Thread 3 ] DEBUG Engine               - Logging services
03:11:57.851 [FXGL Background Thread 3 ] DEBUG Engine               - class com.almasb.fxgl.app.services.FXGLAssetLoaderService
03:11:57.851 [FXGL Background Thread 3 ] DEBUG Engine               - class com.almasb.fxgl.app.FXGLApplication$GameApplicationService
03:11:57.851 [FXGL Background Thread 3 ] DEBUG Engine               - class com.almasb.fxgl.app.services.FXGLDialogService
03:11:57.851 [FXGL Background Thread 3 ] DEBUG Engine               - class com.almasb.fxgl.app.services.IOTaskExecutorService
03:11:57.851 [FXGL Background Thread 3 ] DEBUG Engine               - class com.almasb.fxgl.io.FileSystemService
03:11:57.851 [FXGL Background Thread 3 ] DEBUG Engine               - class com.almasb.fxgl.localization.LocalizationService
03:11:57.851 [FXGL Background Thread 3 ] DEBUG Engine               - class com.almasb.fxgl.app.services.SystemBundleService
03:11:57.851 [FXGL Background Thread 3 ] DEBUG Engine               - class com.almasb.fxgl.profile.SaveLoadService
03:11:57.851 [FXGL Background Thread 3 ] DEBUG Engine               - class com.almasb.fxgl.ui.FXGLUIFactoryServiceProvider
03:11:57.851 [FXGL Background Thread 3 ] DEBUG Engine               - class com.almasb.fxgl.ui.FXGLDialogFactoryServiceProvider
03:11:57.851 [FXGL Background Thread 3 ] DEBUG Engine               - class com.almasb.fxgl.audio.AudioPlayer
03:11:57.851 [FXGL Background Thread 3 ] DEBUG Engine               - class com.almasb.fxgl.notification.impl.NotificationServiceProvider
03:11:57.851 [FXGL Background Thread 3 ] DEBUG Engine               - class com.almasb.fxgl.achievement.AchievementService
03:11:57.851 [FXGL Background Thread 3 ] DEBUG Engine               - class com.almasb.fxgl.cutscene.CutsceneService
03:11:57.852 [FXGL Background Thread 3 ] DEBUG Engine               - class com.almasb.fxgl.minigames.MiniGameService
03:11:57.852 [FXGL Background Thread 3 ] DEBUG Engine               - class com.almasb.fxgl.net.NetService
03:11:57.852 [FXGL Background Thread 3 ] DEBUG Engine               - class com.almasb.fxgl.app.services.UpdaterService
03:11:57.852 [FXGL Background Thread 3 ] DEBUG Engine               - class com.almasb.fxgl.dev.DevService
03:12:00.579 [JavaFX Application Thread] DEBUG FXGLApplication      - Exiting FXGL
03:12:00.580 [JavaFX Application Thread] DEBUG LoopRunner           - Stopping loop
03:12:00.580 [JavaFX Application Thread] DEBUG SystemBundleService  - Saving FXGL system data
03:12:00.582 [JavaFX Application Thread] DEBUG FileSystemAccess     - Writing to: /home/dayrat/IdeaProjects/CATPERSON/system/fxgl.bundle
03:12:00.585 [JavaFX Application Thread] DEBUG Async                - Shutting down background threads
03:12:00.585 [JavaFX Application Thread] DEBUG PrimaryStageWindow   - Closing main window
03:12:00.589 [JavaFX Application Thread] DEBUG Logger               - Closing Logger
