03:09:37.704 [main                     ] DEBUG Logger               - Configured Logger
03:09:37.712 [main                     ] DEBUG GameApplication      - Logging settings
Title: CatPerson
Version: 1.0
Width: 1024
Height: 1024
Fullscreen: false
Intro: false
Profiling: false
Single step:false
App Mode: DEVELOPER
Menu Key: ESCAPE
Stage Style: DECORATED
Scene Factory: class com.mycat.catperson.CatPerson$1

03:09:37.970 [JavaFX Application Thread] DEBUG FXGLApplication      - Initializing FXGL
03:09:37.971 [JavaFX Application Thread] INFO  Engine               - FXGL-11.17 (16.07.2021 15.46) on LINUX (J:11.0.27 FX:17.0.6)
03:09:37.972 [JavaFX Application Thread] DEBUG Engine               - JRE Vendor Name: Ubuntu
03:09:37.972 [JavaFX Application Thread] DEBUG Engine               - Running on OS: Linux version 6.8.0-59-generic
03:09:37.972 [JavaFX Application Thread] DEBUG Engine               - Architecture: amd64
03:09:37.972 [JavaFX Application Thread] INFO  Engine               - Source code and latest versions at: https://github.com/AlmasB/FXGL
03:09:37.973 [JavaFX Application Thread] INFO  Engine               -              Join the FXGL chat at: https://gitter.im/AlmasB/FXGL
03:09:38.022 [JavaFX Application Thread] DEBUG PrimaryStageWindow   - Creating a JavaFX scene
03:09:38.150 [JavaFX Application Thread] DEBUG PrimaryStageWindow   - Target settings size: 1024.0 x 1024.0
03:09:38.150 [JavaFX Application Thread] DEBUG PrimaryStageWindow   - Scaled scene size:    1024.0 x 1024.0
03:09:38.150 [JavaFX Application Thread] DEBUG PrimaryStageWindow   - Scaled ratio: (1.0, 1.0)
03:09:38.151 [JavaFX Application Thread] DEBUG PrimaryStageWindow   - Set initial scene to FXGLStartupScene
03:09:38.156 [JavaFX Application Thread] DEBUG PrimaryStageWindow   - Opening main window
03:09:38.210 [JavaFX Application Thread] DEBUG PrimaryStageWindow   - Window border size: (2.0, 29.0)
03:09:38.210 [JavaFX Application Thread] DEBUG PrimaryStageWindow   - Scaled size: 1024.0 x 1024.0
03:09:38.211 [JavaFX Application Thread] DEBUG PrimaryStageWindow   - Scaled ratio: (1.0, 1.0)
03:09:38.211 [JavaFX Application Thread] DEBUG PrimaryStageWindow   - Scene size: 1024.0 x 1024.0
03:09:38.211 [JavaFX Application Thread] DEBUG PrimaryStageWindow   - Stage size: 1026.0 x 1053.0
03:09:38.221 [FXGL Background Thread 1 ] DEBUG Engine               - Initializing environment variables
03:09:38.288 [FXGL Background Thread 1 ] DEBUG FXGLAssetLoaderServi - User app class for loading assets: class com.mycat.catperson.CatPerson
03:09:38.289 [FXGL Background Thread 1 ] DEBUG GameApplicationServi - Applying CSS: fxgl_dark.css
03:09:38.289 [FXGL Background Thread 1 ] DEBUG FXGLAssetLoaderServi - Loading from file system: jar:file:///home/dayrat/.m2/repository/com/github/almasb/fxgl/11.17/fxgl-11.17.jar!/fxglassets/ui/css/fxgl_dark.css
03:09:38.311 [FXGL Background Thread 1 ] DEBUG GameApplicationServi - Initializing application scenes
03:09:38.371 [FXGL Background Thread 1 ] DEBUG GameWorld            - Game world initialized
03:09:38.392 [FXGL Background Thread 1 ] DEBUG PhysicsWorld         - Physics world initialized: appHeight=1024, physics.ppm=50.0
03:09:38.392 [FXGL Background Thread 1 ] DEBUG PhysicsWorld         - Using strategy: BRUTE_FORCE
03:09:38.393 [FXGL Background Thread 1 ] DEBUG GameScene            - Game scene initialized: 1024x1024
03:09:38.475 [FXGL Background Thread 1 ] DEBUG FXGL.DefaultMenu     - createMenuBodyGameMenu()
03:09:38.480 [FXGL Background Thread 1 ] DEBUG FXGL.DefaultMenu     - createOptionsMenu()
03:09:38.483 [FXGL Background Thread 1 ] DEBUG FXGLAssetLoaderServi - Loading from file system: jar:file:///home/dayrat/.m2/repository/com/github/almasb/fxgl/11.17/fxgl-11.17.jar!/fxglassets/textures/particles/smoke.png
03:09:38.519 [FXGL Background Thread 1 ] DEBUG FXGLAssetLoaderServi - Loading from file system: jar:file:///home/dayrat/.m2/repository/com/github/almasb/fxgl/11.17/fxgl-11.17.jar!/fxglassets/textures/particles/trace_horizontal.png
03:09:38.528 [FXGL Background Thread 1 ] DEBUG GameApplicationServi - Application scenes initialized
03:09:38.532 [FXGL Background Thread 1 ] DEBUG SystemBundleService  - Loading FXGL system data
03:09:38.533 [FXGL Background Thread 1 ] DEBUG FileSystemAccess     - Reading from: /home/dayrat/IdeaProjects/CATPERSON/system/fxgl.bundle
03:09:38.536 [FXGL Background Thread 1 ] DEBUG SystemBundleService  - Bundle FXGL: {}
03:09:38.536 [FXGL Background Thread 1 ] DEBUG UpdaterService       - Checking for updates
03:09:38.538 [FXGL Background Thread 4 ] DEBUG FXGLApplication      - Loading fonts
03:09:38.538 [FXGL Background Thread 1 ] DEBUG FXGLApplication      - Loading default localization
03:09:38.539 [FXGL Background Thread 1 ] DEBUG FXGLAssetLoaderServi - Loading from file system: jar:file:///home/dayrat/.m2/repository/com/github/almasb/fxgl/11.17/fxgl-11.17.jar!/fxglassets/languages/english.lang
03:09:38.539 [FXGL Background Thread 4 ] DEBUG FXGLAssetLoaderServi - Loading from file system: jar:file:///home/dayrat/.m2/repository/com/github/almasb/fxgl/11.17/fxgl-11.17.jar!/fxglassets/ui/fonts/VarelaRound-Regular.ttf
03:09:38.548 [FXGL Background Thread 4 ] DEBUG FXGLAssetLoaderServi - Loading from file system: jar:file:///home/dayrat/.m2/repository/com/github/almasb/fxgl/11.17/fxgl-11.17.jar!/fxglassets/ui/fonts/Abel-Regular.ttf
03:09:38.549 [FXGL Background Thread 1 ] INFO  FXGLApplication      - FXGL initialization took: 0.328 sec
03:09:38.550 [FXGL Background Thread 4 ] DEBUG FXGLAssetLoaderServi - Loading from file system: jar:file:///home/dayrat/.m2/repository/com/github/almasb/fxgl/11.17/fxgl-11.17.jar!/fxglassets/ui/fonts/lucida_console.ttf
03:09:38.552 [FXGL Background Thread 4 ] DEBUG FXGLAssetLoaderServi - Loading from file system: jar:file:///home/dayrat/.m2/repository/com/github/almasb/fxgl/11.17/fxgl-11.17.jar!/fxglassets/ui/fonts/Courier-Prime.ttf
03:09:38.563 [JavaFX Application Thread] DEBUG Input                - Registered new binding: action0 - Up
03:09:38.563 [JavaFX Application Thread] DEBUG Input                - Registered new binding: action1 - Down
03:09:38.564 [JavaFX Application Thread] DEBUG Input                - Registered new binding: action2 - Left
03:09:38.564 [JavaFX Application Thread] DEBUG Input                - Registered new binding: action3 - Right
03:09:38.565 [JavaFX Application Thread] DEBUG FXGLAssetLoaderServi - Loading from file system: jar:file:///home/dayrat/.m2/repository/com/github/almasb/fxgl/11.17/fxgl-11.17.jar!/fxglassets/textures/fxgl_icon.png
03:09:38.578 [JavaFX Application Thread] DEBUG FXGLAssetLoaderServi - Loading from file system: jar:file:///home/dayrat/.m2/repository/com/github/almasb/fxgl/11.17/fxgl-11.17.jar!/fxglassets/textures/fxgl_default_cursor.png
03:09:38.581 [JavaFX Application Thread] DEBUG Input                - Registered new binding: Screenshot - CTRL+8
03:09:38.582 [JavaFX Application Thread] DEBUG Input                - Registered new binding: System info dump - CTRL+9
03:09:38.582 [JavaFX Application Thread] DEBUG Input                - Registered new binding: Restart - CTRL+R
03:09:38.583 [JavaFX Application Thread] DEBUG Input                - Registered new binding: Toggle Debug Camera - CTRL+C
03:09:38.585 [JavaFX Application Thread] DEBUG LoopRunner           - Starting loop
03:09:38.585 [JavaFX Application Thread] DEBUG LoopRunner           - Initializing JavaFX AnimationTimerLoop
03:09:38.588 [JavaFX Application Thread] DEBUG Input                - Clearing active input actions
03:09:38.597 [JavaFX Application Thread] DEBUG GameApplicationServi - Removing overlay from FXGLStartupScene and adding to FXGLMainMenuDummyScene
03:09:38.598 [JavaFX Application Thread] DEBUG PrimaryStageWindow   - FXGLStartupScene -> FXGLMainMenuDummyScene
03:09:38.598 [JavaFX Application Thread] DEBUG PrimaryStageWindow   - Push state: TestMainMenu
03:09:38.598 [JavaFX Application Thread] DEBUG Input                - Clearing active input actions
03:09:38.606 [JavaFX Application Thread] DEBUG GameApplicationServi - Removing overlay from FXGLMainMenuDummyScene and adding to TestMainMenu
03:09:38.607 [JavaFX Application Thread] DEBUG PrimaryStageWindow   - FXGLMainMenuDummyScene -> TestMainMenu
03:09:38.607 [JavaFX Application Thread] DEBUG FXGLApplication      - Registering font factories with UI factory
03:09:39.400 [FXGL Background Thread 2 ] INFO  UpdaterService       - Your current version:  11.17
03:09:39.402 [FXGL Background Thread 2 ] INFO  UpdaterService       - Latest stable version: 21.1
03:09:41.453 [JavaFX Application Thread] DEBUG FXGLApplication      - Exiting FXGL
03:09:41.454 [JavaFX Application Thread] DEBUG LoopRunner           - Stopping loop
03:09:41.454 [JavaFX Application Thread] DEBUG SystemBundleService  - Saving FXGL system data
03:09:41.456 [JavaFX Application Thread] DEBUG FileSystemAccess     - Writing to: /home/dayrat/IdeaProjects/CATPERSON/system/fxgl.bundle
03:09:41.460 [JavaFX Application Thread] DEBUG Async                - Shutting down background threads
03:09:41.460 [JavaFX Application Thread] DEBUG PrimaryStageWindow   - Closing main window
03:09:41.464 [JavaFX Application Thread] DEBUG Logger               - Closing Logger
