23:10:25.366 [main                     ] DEBUG Logger               - Configured Logger
23:10:25.373 [main                     ] DEBUG GameApplication      - Logging settings
Title: CatPerson
Version: 1.0
Width: 1024
Height: 1024
Fullscreen: false
Intro: false
Profiling: false
Single step:false
App Mode: DEVELOPER
Menu Key: ESCAPE
Stage Style: DECORATED
Scene Factory: class com.mycat.catperson.CatPerson$1

23:10:25.735 [JavaFX Application Thread] DEBUG FXGLApplication      - Initializing FXGL
23:10:25.738 [JavaFX Application Thread] INFO  Engine               - FXGL-11.17 (16.07.2021 15.46) on LINUX (J:11.0.27 FX:17.0.6)
23:10:25.739 [JavaFX Application Thread] DEBUG Engine               - JRE Vendor Name: Ubuntu
23:10:25.739 [JavaFX Application Thread] DEBUG Engine               - Running on OS: Linux version 6.8.0-59-generic
23:10:25.740 [JavaFX Application Thread] DEBUG Engine               - Architecture: amd64
23:10:25.740 [JavaFX Application Thread] INFO  Engine               - Source code and latest versions at: https://github.com/AlmasB/FXGL
23:10:25.741 [JavaFX Application Thread] INFO  Engine               -              Join the FXGL chat at: https://gitter.im/AlmasB/FXGL
23:10:25.844 [JavaFX Application Thread] DEBUG PrimaryStageWindow   - Creating a JavaFX scene
23:10:25.983 [JavaFX Application Thread] DEBUG PrimaryStageWindow   - Target settings size: 1024.0 x 1024.0
23:10:25.983 [JavaFX Application Thread] DEBUG PrimaryStageWindow   - Scaled scene size:    1024.0 x 1024.0
23:10:25.984 [JavaFX Application Thread] DEBUG PrimaryStageWindow   - Scaled ratio: (1.0, 1.0)
23:10:25.985 [JavaFX Application Thread] DEBUG PrimaryStageWindow   - Set initial scene to FXGLStartupScene
23:10:25.993 [JavaFX Application Thread] DEBUG PrimaryStageWindow   - Opening main window
23:10:26.059 [JavaFX Application Thread] DEBUG PrimaryStageWindow   - Window border size: (2.0, 29.0)
23:10:26.059 [JavaFX Application Thread] DEBUG PrimaryStageWindow   - Scaled size: 1024.0 x 1024.0
23:10:26.059 [JavaFX Application Thread] DEBUG PrimaryStageWindow   - Scaled ratio: (1.0, 1.0)
23:10:26.060 [JavaFX Application Thread] DEBUG PrimaryStageWindow   - Scene size: 1024.0 x 1024.0
23:10:26.060 [JavaFX Application Thread] DEBUG PrimaryStageWindow   - Stage size: 1026.0 x 1053.0
23:10:26.068 [FXGL Background Thread 1 ] DEBUG Engine               - Initializing environment variables
23:10:26.142 [FXGL Background Thread 1 ] DEBUG FXGLAssetLoaderServi - User app class for loading assets: class com.mycat.catperson.CatPerson
23:10:26.143 [FXGL Background Thread 1 ] DEBUG GameApplicationServi - Applying CSS: fxgl_dark.css
23:10:26.144 [FXGL Background Thread 1 ] DEBUG FXGLAssetLoaderServi - Loading from file system: jar:file:///home/dayrat/.m2/repository/com/github/almasb/fxgl/11.17/fxgl-11.17.jar!/fxglassets/ui/css/fxgl_dark.css
23:10:26.231 [FXGL Background Thread 1 ] DEBUG GameApplicationServi - Initializing application scenes
23:10:26.325 [FXGL Background Thread 1 ] DEBUG GameWorld            - Game world initialized
23:10:26.349 [FXGL Background Thread 1 ] DEBUG PhysicsWorld         - Physics world initialized: appHeight=1024, physics.ppm=50.0
23:10:26.349 [FXGL Background Thread 1 ] DEBUG PhysicsWorld         - Using strategy: BRUTE_FORCE
23:10:26.351 [FXGL Background Thread 1 ] DEBUG GameScene            - Game scene initialized: 1024x1024
23:10:26.431 [FXGL Background Thread 1 ] DEBUG FXGL.DefaultMenu     - createMenuBodyGameMenu()
23:10:26.436 [FXGL Background Thread 1 ] DEBUG FXGL.DefaultMenu     - createOptionsMenu()
23:10:26.439 [FXGL Background Thread 1 ] DEBUG FXGLAssetLoaderServi - Loading from file system: jar:file:///home/dayrat/.m2/repository/com/github/almasb/fxgl/11.17/fxgl-11.17.jar!/fxglassets/textures/particles/smoke.png
23:10:26.471 [FXGL Background Thread 1 ] DEBUG FXGLAssetLoaderServi - Loading from file system: jar:file:///home/dayrat/.m2/repository/com/github/almasb/fxgl/11.17/fxgl-11.17.jar!/fxglassets/textures/particles/trace_horizontal.png
23:10:26.479 [FXGL Background Thread 1 ] DEBUG GameApplicationServi - Application scenes initialized
23:10:26.483 [FXGL Background Thread 1 ] DEBUG SystemBundleService  - Loading FXGL system data
23:10:26.484 [FXGL Background Thread 1 ] DEBUG FileSystemAccess     - Reading from: /home/dayrat/IdeaProjects/CATPERSON/system/fxgl.bundle
23:10:26.487 [FXGL Background Thread 1 ] DEBUG SystemBundleService  - Bundle FXGL: {}
23:10:26.487 [FXGL Background Thread 1 ] DEBUG UpdaterService       - Checking for updates
23:10:26.489 [FXGL Background Thread 4 ] DEBUG FXGLApplication      - Loading fonts
23:10:26.489 [FXGL Background Thread 1 ] DEBUG FXGLApplication      - Loading default localization
23:10:26.489 [FXGL Background Thread 1 ] DEBUG FXGLAssetLoaderServi - Loading from file system: jar:file:///home/dayrat/.m2/repository/com/github/almasb/fxgl/11.17/fxgl-11.17.jar!/fxglassets/languages/english.lang
23:10:26.489 [FXGL Background Thread 4 ] DEBUG FXGLAssetLoaderServi - Loading from file system: jar:file:///home/dayrat/.m2/repository/com/github/almasb/fxgl/11.17/fxgl-11.17.jar!/fxglassets/ui/fonts/VarelaRound-Regular.ttf
23:10:26.494 [FXGL Background Thread 4 ] DEBUG FXGLAssetLoaderServi - Loading from file system: jar:file:///home/dayrat/.m2/repository/com/github/almasb/fxgl/11.17/fxgl-11.17.jar!/fxglassets/ui/fonts/Abel-Regular.ttf
23:10:26.494 [FXGL Background Thread 4 ] DEBUG FXGLAssetLoaderServi - Loading from file system: jar:file:///home/dayrat/.m2/repository/com/github/almasb/fxgl/11.17/fxgl-11.17.jar!/fxglassets/ui/fonts/lucida_console.ttf
23:10:26.495 [FXGL Background Thread 1 ] INFO  FXGLApplication      - FXGL initialization took: 0.427 sec
23:10:26.496 [FXGL Background Thread 4 ] DEBUG FXGLAssetLoaderServi - Loading from file system: jar:file:///home/dayrat/.m2/repository/com/github/almasb/fxgl/11.17/fxgl-11.17.jar!/fxglassets/ui/fonts/Courier-Prime.ttf
23:10:26.503 [JavaFX Application Thread] DEBUG Input                - Registered new binding: action0 - Up
23:10:26.503 [JavaFX Application Thread] DEBUG Input                - Registered new binding: action1 - Down
23:10:26.503 [JavaFX Application Thread] DEBUG Input                - Registered new binding: action2 - Left
23:10:26.503 [JavaFX Application Thread] DEBUG Input                - Registered new binding: action3 - Right
23:10:26.504 [JavaFX Application Thread] DEBUG FXGLAssetLoaderServi - Loading from file system: jar:file:///home/dayrat/.m2/repository/com/github/almasb/fxgl/11.17/fxgl-11.17.jar!/fxglassets/textures/fxgl_icon.png
23:10:26.519 [JavaFX Application Thread] DEBUG FXGLAssetLoaderServi - Loading from file system: jar:file:///home/dayrat/.m2/repository/com/github/almasb/fxgl/11.17/fxgl-11.17.jar!/fxglassets/textures/fxgl_default_cursor.png
23:10:26.521 [JavaFX Application Thread] DEBUG Input                - Registered new binding: Screenshot - CTRL+8
23:10:26.521 [JavaFX Application Thread] DEBUG Input                - Registered new binding: System info dump - CTRL+9
23:10:26.521 [JavaFX Application Thread] DEBUG Input                - Registered new binding: Restart - CTRL+R
23:10:26.522 [JavaFX Application Thread] DEBUG Input                - Registered new binding: Toggle Debug Camera - CTRL+C
23:10:26.525 [JavaFX Application Thread] DEBUG LoopRunner           - Starting loop
23:10:26.525 [JavaFX Application Thread] DEBUG LoopRunner           - Initializing JavaFX AnimationTimerLoop
23:10:26.527 [JavaFX Application Thread] DEBUG Input                - Clearing active input actions
23:10:26.536 [JavaFX Application Thread] DEBUG GameApplicationServi - Removing overlay from FXGLStartupScene and adding to FXGLMainMenuDummyScene
23:10:26.537 [JavaFX Application Thread] DEBUG PrimaryStageWindow   - FXGLStartupScene -> FXGLMainMenuDummyScene
23:10:26.537 [JavaFX Application Thread] DEBUG PrimaryStageWindow   - Push state: TestMainMenu
23:10:26.537 [JavaFX Application Thread] DEBUG Input                - Clearing active input actions
23:10:26.542 [JavaFX Application Thread] DEBUG GameApplicationServi - Removing overlay from FXGLMainMenuDummyScene and adding to TestMainMenu
23:10:26.542 [JavaFX Application Thread] DEBUG PrimaryStageWindow   - FXGLMainMenuDummyScene -> TestMainMenu
23:10:26.542 [JavaFX Application Thread] DEBUG FXGLApplication      - Registering font factories with UI factory
23:10:28.160 [JavaFX Application Thread] DEBUG PrimaryStageWindow   - Push state: LevelSelectSubScene
23:10:28.160 [JavaFX Application Thread] DEBUG Input                - Clearing active input actions
23:10:28.160 [JavaFX Application Thread] DEBUG GameApplicationServi - Removing overlay from TestMainMenu and adding to LevelSelectSubScene
23:10:28.161 [JavaFX Application Thread] DEBUG PrimaryStageWindow   - TestMainMenu -> LevelSelectSubScene
23:10:29.260 [JavaFX Application Thread] DEBUG GameWorld            - Clearing game world
23:10:29.261 [JavaFX Application Thread] DEBUG GameApplicationServi - Starting new game
23:10:29.261 [JavaFX Application Thread] DEBUG PrimaryStageWindow   - Pop state: LevelSelectSubScene
23:10:29.261 [JavaFX Application Thread] DEBUG Input                - Clearing active input actions
23:10:29.262 [JavaFX Application Thread] DEBUG GameApplicationServi - Removing overlay from LevelSelectSubScene and adding to TestMainMenu
23:10:29.263 [JavaFX Application Thread] DEBUG PrimaryStageWindow   - TestMainMenu <- LevelSelectSubScene
23:10:29.263 [JavaFX Application Thread] DEBUG PrimaryStageWindow   - Pop state: TestMainMenu
23:10:29.264 [JavaFX Application Thread] DEBUG Input                - Clearing active input actions
23:10:29.264 [JavaFX Application Thread] DEBUG GameApplicationServi - Removing overlay from TestMainMenu and adding to FXGLMainMenuDummyScene
23:10:29.264 [JavaFX Application Thread] DEBUG PrimaryStageWindow   - FXGLMainMenuDummyScene <- TestMainMenu
23:10:29.265 [JavaFX Application Thread] DEBUG Input                - Clearing active input actions
23:10:29.271 [JavaFX Application Thread] DEBUG GameApplicationServi - Removing overlay from FXGLMainMenuDummyScene and adding to CustomLoadingScene
23:10:29.271 [JavaFX Application Thread] DEBUG PrimaryStageWindow   - FXGLMainMenuDummyScene -> CustomLoadingScene
23:10:29.271 [JavaFX Application Thread] DEBUG GameApplicationServi - Clearing previous game
23:10:29.271 [JavaFX Application Thread] DEBUG GameScene            - Clearing game scene
23:10:29.271 [JavaFX Application Thread] DEBUG GameWorld            - Clearing game world
23:10:29.272 [JavaFX Application Thread] DEBUG PhysicsWorld         - Clearing physics world
23:10:29.273 [JavaFX Application Thread] WARN  PrimaryStageWindow   - Cannot pop substate. Probably because substates are empty!
23:10:29.273 [FXGL Background Thread 4 ] DEBUG FXGLApplication      - Initializing game
23:10:29.488 [FXGL Background Thread 3 ] DEBUG Engine               - Logging environment variables
23:10:29.490 [FXGL Background Thread 3 ] DEBUG Engine               - achievements: []
23:10:29.490 [FXGL Background Thread 3 ] DEBUG Engine               - actualHeight: 1024.0
23:10:29.490 [FXGL Background Thread 3 ] DEBUG Engine               - actualHeightProperty: ReadOnlyDoubleProperty [value: 1032.0]
23:10:29.490 [FXGL Background Thread 3 ] DEBUG Engine               - actualWidth: 1022.0
23:10:29.490 [FXGL Background Thread 3 ] DEBUG Engine               - actualWidthProperty: ReadOnlyDoubleProperty [value: 1022.0]
23:10:29.490 [FXGL Background Thread 3 ] DEBUG Engine               - appIcon: fxgl_icon.png
23:10:29.490 [FXGL Background Thread 3 ] DEBUG Engine               - applicationMode: DEVELOPER
23:10:29.490 [FXGL Background Thread 3 ] DEBUG Engine               - cSSList: [fxgl_dark.css]
23:10:29.490 [FXGL Background Thread 3 ] DEBUG Engine               - collisionDetectionStrategy: BRUTE_FORCE
23:10:29.490 [FXGL Background Thread 3 ] DEBUG Engine               - configClass: Optional.empty
23:10:29.490 [FXGL Background Thread 3 ] DEBUG Engine               - credits: []
23:10:29.491 [FXGL Background Thread 3 ] DEBUG Engine               - defaultCursor: CursorInfo(imageName=fxgl_default_cursor.png, hotspotX=7.0, hotspotY=6.0)
23:10:29.492 [FXGL Background Thread 3 ] DEBUG Engine               - devBBoxColorProperty: ObjectProperty [value: 0xff0000ff]
23:10:29.492 [FXGL Background Thread 3 ] DEBUG Engine               - devEnableDebugCameraProperty: BooleanProperty [value: false]
23:10:29.492 [FXGL Background Thread 3 ] DEBUG Engine               - devSensorColorProperty: ObjectProperty [value: 0xffff00ff]
23:10:29.492 [FXGL Background Thread 3 ] DEBUG Engine               - devShowBBoxProperty: BooleanProperty [value: false]
23:10:29.492 [FXGL Background Thread 3 ] DEBUG Engine               - devShowPositionProperty: BooleanProperty [value: false]
23:10:29.492 [FXGL Background Thread 3 ] DEBUG Engine               - enabledMenuItems: []
23:10:29.492 [FXGL Background Thread 3 ] DEBUG Engine               - engineServices: [class com.almasb.fxgl.app.services.FXGLAssetLoaderService, class com.almasb.fxgl.app.FXGLApplication$GameApplicationService, class com.almasb.fxgl.app.services.FXGLDialogService, class com.almasb.fxgl.app.services.IOTaskExecutorService, class com.almasb.fxgl.io.FileSystemService, class com.almasb.fxgl.localization.LocalizationService, class com.almasb.fxgl.app.services.SystemBundleService, class com.almasb.fxgl.profile.SaveLoadService, class com.almasb.fxgl.ui.FXGLUIFactoryServiceProvider, class com.almasb.fxgl.ui.FXGLDialogFactoryServiceProvider, class com.almasb.fxgl.audio.AudioPlayer, class com.almasb.fxgl.notification.impl.NotificationServiceProvider, class com.almasb.fxgl.achievement.AchievementService, class com.almasb.fxgl.cutscene.CutsceneService, class com.almasb.fxgl.minigames.MiniGameService, class com.almasb.fxgl.net.NetService, class com.almasb.fxgl.app.services.UpdaterService, class com.almasb.fxgl.dev.DevService]
23:10:29.492 [FXGL Background Thread 3 ] DEBUG Engine               - fontGame: Abel-Regular.ttf
23:10:29.492 [FXGL Background Thread 3 ] DEBUG Engine               - fontMono: lucida_console.ttf
23:10:29.492 [FXGL Background Thread 3 ] DEBUG Engine               - fontText: Courier-Prime.ttf
23:10:29.492 [FXGL Background Thread 3 ] DEBUG Engine               - fontUI: VarelaRound-Regular.ttf
23:10:29.492 [FXGL Background Thread 3 ] DEBUG Engine               - fullScreen: BooleanProperty [value: false]
23:10:29.492 [FXGL Background Thread 3 ] DEBUG Engine               - gameDifficulty: MEDIUM
23:10:29.492 [FXGL Background Thread 3 ] DEBUG Engine               - gameDifficultyProperty: ObjectProperty [value: MEDIUM]
23:10:29.492 [FXGL Background Thread 3 ] DEBUG Engine               - globalMusicVolume: 0.5
23:10:29.493 [FXGL Background Thread 3 ] DEBUG Engine               - globalMusicVolumeProperty: DoubleProperty [value: 0.5]
23:10:29.493 [FXGL Background Thread 3 ] DEBUG Engine               - globalSoundVolume: 0.5
23:10:29.493 [FXGL Background Thread 3 ] DEBUG Engine               - globalSoundVolumeProperty: DoubleProperty [value: 0.5]
23:10:29.493 [FXGL Background Thread 3 ] DEBUG Engine               - height: 1024
23:10:29.493 [FXGL Background Thread 3 ] DEBUG Engine               - is3D: false
23:10:29.493 [FXGL Background Thread 3 ] DEBUG Engine               - isAndroid: false
23:10:29.493 [FXGL Background Thread 3 ] DEBUG Engine               - isBrowser: false
23:10:29.493 [FXGL Background Thread 3 ] DEBUG Engine               - isClickFeedbackEnabled: false
23:10:29.493 [FXGL Background Thread 3 ] DEBUG Engine               - isCloseConfirmation: false
23:10:29.493 [FXGL Background Thread 3 ] DEBUG Engine               - isDesktop: true
23:10:29.493 [FXGL Background Thread 3 ] DEBUG Engine               - isDeveloperMenuEnabled: false
23:10:29.493 [FXGL Background Thread 3 ] DEBUG Engine               - isEntityPreloadEnabled: true
23:10:29.493 [FXGL Background Thread 3 ] DEBUG Engine               - isExperimentalTiledLargeMap: false
23:10:29.493 [FXGL Background Thread 3 ] DEBUG Engine               - isFileSystemWriteAllowed: true
23:10:29.494 [FXGL Background Thread 3 ] DEBUG Engine               - isFullScreenAllowed: false
23:10:29.494 [FXGL Background Thread 3 ] DEBUG Engine               - isFullScreenFromStart: false
23:10:29.494 [FXGL Background Thread 3 ] DEBUG Engine               - isGameMenuEnabled: true
23:10:29.494 [FXGL Background Thread 3 ] DEBUG Engine               - isIOS: false
23:10:29.494 [FXGL Background Thread 3 ] DEBUG Engine               - isIntroEnabled: false
23:10:29.494 [FXGL Background Thread 3 ] DEBUG Engine               - isLinux: true
23:10:29.494 [FXGL Background Thread 3 ] DEBUG Engine               - isMac: false
23:10:29.494 [FXGL Background Thread 3 ] DEBUG Engine               - isMainMenuEnabled: true
23:10:29.494 [FXGL Background Thread 3 ] DEBUG Engine               - isManualResizeEnabled: false
23:10:29.494 [FXGL Background Thread 3 ] DEBUG Engine               - isMobile: false
23:10:29.494 [FXGL Background Thread 3 ] DEBUG Engine               - isNative: false
23:10:29.494 [FXGL Background Thread 3 ] DEBUG Engine               - isPauseMusicWhenMinimized: true
23:10:29.495 [FXGL Background Thread 3 ] DEBUG Engine               - isPreserveResizeRatio: false
23:10:29.495 [FXGL Background Thread 3 ] DEBUG Engine               - isProfilingEnabled: false
23:10:29.495 [FXGL Background Thread 3 ] DEBUG Engine               - isScaleAffectedOnResize: true
23:10:29.495 [FXGL Background Thread 3 ] DEBUG Engine               - isSingleStep: false
23:10:29.495 [FXGL Background Thread 3 ] DEBUG Engine               - isUserProfileEnabled: false
23:10:29.495 [FXGL Background Thread 3 ] DEBUG Engine               - isWindows: false
23:10:29.495 [FXGL Background Thread 3 ] DEBUG Engine               - language: ObjectProperty [value: ENGLISH]
23:10:29.495 [FXGL Background Thread 3 ] DEBUG Engine               - menuKey: ESCAPE
23:10:29.495 [FXGL Background Thread 3 ] DEBUG Engine               - mouseSensitivity: 0.2
23:10:29.495 [FXGL Background Thread 3 ] DEBUG Engine               - notificationViewClass: class com.almasb.fxgl.notification.view.XboxNotificationView
23:10:29.495 [FXGL Background Thread 3 ] DEBUG Engine               - pixelsPerMeter: 50.0
23:10:29.496 [FXGL Background Thread 3 ] DEBUG Engine               - platform: LINUX
23:10:29.496 [FXGL Background Thread 3 ] DEBUG Engine               - prefHeightProperty: ReadOnlyDoubleProperty [value: 1024.0]
23:10:29.496 [FXGL Background Thread 3 ] DEBUG Engine               - prefWidthProperty: ReadOnlyDoubleProperty [value: 1024.0]
23:10:29.496 [FXGL Background Thread 3 ] DEBUG Engine               - profileDir: profiles/
23:10:29.496 [FXGL Background Thread 3 ] DEBUG Engine               - profileName: StringProperty [value: DEFAULT]
23:10:29.496 [FXGL Background Thread 3 ] DEBUG Engine               - randomSeed: -1
23:10:29.496 [FXGL Background Thread 3 ] DEBUG Engine               - runtimeInfo: RuntimeInfo(platform=LINUX, version=11.17, build=16.07.2021 15.46)
23:10:29.496 [FXGL Background Thread 3 ] DEBUG Engine               - saveFileExt: sav
23:10:29.496 [FXGL Background Thread 3 ] DEBUG Engine               - scaledHeightProp$fxgl: DoubleProperty [bound, value: 1032.0]
23:10:29.496 [FXGL Background Thread 3 ] DEBUG Engine               - scaledWidthProp$fxgl: DoubleProperty [bound, value: 1022.0]
23:10:29.496 [FXGL Background Thread 3 ] DEBUG Engine               - sceneFactory: com.mycat.catperson.CatPerson$1@7776df1
23:10:29.496 [FXGL Background Thread 3 ] DEBUG Engine               - secondsIn24h: 60
23:10:29.496 [FXGL Background Thread 3 ] DEBUG Engine               - soundMenuBack: menu/back.wav
23:10:29.496 [FXGL Background Thread 3 ] DEBUG Engine               - soundMenuPress: menu/press.wav
23:10:29.496 [FXGL Background Thread 3 ] DEBUG Engine               - soundMenuSelect: menu/select.wav
23:10:29.497 [FXGL Background Thread 3 ] DEBUG Engine               - soundNotification: core/notification.wav
23:10:29.497 [FXGL Background Thread 3 ] DEBUG Engine               - stageStyle: DECORATED
23:10:29.497 [FXGL Background Thread 3 ] DEBUG Engine               - supportedLanguages: [ENGLISH, FRENCH, GERMAN, HUNGARIAN, RUSSIAN]
23:10:29.497 [FXGL Background Thread 3 ] DEBUG Engine               - ticksPerSecond: -1
23:10:29.497 [FXGL Background Thread 3 ] DEBUG Engine               - title: CatPerson
23:10:29.497 [FXGL Background Thread 3 ] DEBUG Engine               - urlGithub: https://github.com/AlmasB/FXGL
23:10:29.497 [FXGL Background Thread 3 ] DEBUG Engine               - urlLeaderboard: http://fxgl-top.herokuapp.com/
23:10:29.497 [FXGL Background Thread 3 ] DEBUG Engine               - urlPOM: https://raw.githubusercontent.com/AlmasB/FXGL/release/README.md
23:10:29.497 [FXGL Background Thread 3 ] DEBUG Engine               - userAppClass: class com.mycat.catperson.CatPerson
23:10:29.497 [FXGL Background Thread 3 ] DEBUG Engine               - version: 1.0
23:10:29.497 [FXGL Background Thread 3 ] DEBUG Engine               - versionCheckDays: 7
23:10:29.497 [FXGL Background Thread 3 ] DEBUG Engine               - width: 1024
23:10:29.497 [FXGL Background Thread 3 ] DEBUG Engine               - Logging services
23:10:29.497 [FXGL Background Thread 3 ] DEBUG Engine               - class com.almasb.fxgl.app.services.FXGLAssetLoaderService
23:10:29.497 [FXGL Background Thread 3 ] DEBUG Engine               - class com.almasb.fxgl.app.FXGLApplication$GameApplicationService
23:10:29.497 [FXGL Background Thread 3 ] DEBUG Engine               - class com.almasb.fxgl.app.services.FXGLDialogService
23:10:29.497 [FXGL Background Thread 3 ] DEBUG Engine               - class com.almasb.fxgl.app.services.IOTaskExecutorService
23:10:29.497 [FXGL Background Thread 3 ] DEBUG Engine               - class com.almasb.fxgl.io.FileSystemService
23:10:29.497 [FXGL Background Thread 3 ] DEBUG Engine               - class com.almasb.fxgl.localization.LocalizationService
23:10:29.497 [FXGL Background Thread 3 ] DEBUG Engine               - class com.almasb.fxgl.app.services.SystemBundleService
23:10:29.497 [FXGL Background Thread 3 ] DEBUG Engine               - class com.almasb.fxgl.profile.SaveLoadService
23:10:29.497 [FXGL Background Thread 3 ] DEBUG Engine               - class com.almasb.fxgl.ui.FXGLUIFactoryServiceProvider
23:10:29.497 [FXGL Background Thread 3 ] DEBUG Engine               - class com.almasb.fxgl.ui.FXGLDialogFactoryServiceProvider
23:10:29.498 [FXGL Background Thread 3 ] DEBUG Engine               - class com.almasb.fxgl.audio.AudioPlayer
23:10:29.498 [FXGL Background Thread 3 ] DEBUG Engine               - class com.almasb.fxgl.notification.impl.NotificationServiceProvider
23:10:29.498 [FXGL Background Thread 3 ] DEBUG Engine               - class com.almasb.fxgl.achievement.AchievementService
23:10:29.498 [FXGL Background Thread 3 ] DEBUG Engine               - class com.almasb.fxgl.cutscene.CutsceneService
23:10:29.498 [FXGL Background Thread 3 ] DEBUG Engine               - class com.almasb.fxgl.minigames.MiniGameService
23:10:29.498 [FXGL Background Thread 3 ] DEBUG Engine               - class com.almasb.fxgl.net.NetService
23:10:29.498 [FXGL Background Thread 3 ] DEBUG Engine               - class com.almasb.fxgl.app.services.UpdaterService
23:10:29.498 [FXGL Background Thread 3 ] DEBUG Engine               - class com.almasb.fxgl.dev.DevService
23:10:29.516 [FXGL Background Thread 4 ] INFO  FXGLApplication      - Game initialization took: 0.244 sec
23:10:29.519 [JavaFX Application Thread] DEBUG Input                - Clearing active input actions
23:10:29.526 [JavaFX Application Thread] DEBUG GameApplicationServi - Removing overlay from CustomLoadingScene and adding to GameScene
23:10:29.526 [JavaFX Application Thread] DEBUG PrimaryStageWindow   - CustomLoadingScene -> GameScene
23:10:49.088 [JavaFX Application Thread] DEBUG LoopRunner           - Pausing loop
23:10:49.145 [JavaFX Application Thread] DEBUG PrimaryStageWindow   - Push state: FailSubScene
23:10:49.145 [JavaFX Application Thread] DEBUG Input                - Clearing active input actions
23:10:49.146 [JavaFX Application Thread] DEBUG GameApplicationServi - Removing overlay from GameScene and adding to FailSubScene
23:10:49.146 [JavaFX Application Thread] DEBUG PrimaryStageWindow   - GameScene -> FailSubScene
23:10:53.037 [JavaFX Application Thread] DEBUG PrimaryStageWindow   - Pop state: FailSubScene
23:10:53.037 [JavaFX Application Thread] DEBUG Input                - Clearing active input actions
23:10:53.038 [JavaFX Application Thread] DEBUG GameApplicationServi - Removing overlay from FailSubScene and adding to GameScene
23:10:53.038 [JavaFX Application Thread] DEBUG PrimaryStageWindow   - GameScene <- FailSubScene
23:10:53.145 [JavaFX Application Thread] DEBUG PrimaryStageWindow   - Push state: TestMainMenu
23:10:53.145 [JavaFX Application Thread] DEBUG Input                - Clearing active input actions
23:10:53.146 [JavaFX Application Thread] DEBUG GameApplicationServi - Removing overlay from GameScene and adding to TestMainMenu
23:10:53.146 [JavaFX Application Thread] DEBUG PrimaryStageWindow   - GameScene -> TestMainMenu
23:10:55.891 [JavaFX Application Thread] DEBUG PrimaryStageWindow   - Push state: LevelSelectSubScene
23:10:55.891 [JavaFX Application Thread] DEBUG Input                - Clearing active input actions
23:10:55.891 [JavaFX Application Thread] DEBUG GameApplicationServi - Removing overlay from TestMainMenu and adding to LevelSelectSubScene
23:10:55.891 [JavaFX Application Thread] DEBUG PrimaryStageWindow   - TestMainMenu -> LevelSelectSubScene
23:10:57.195 [JavaFX Application Thread] DEBUG GameWorld            - Clearing game world
23:10:57.201 [JavaFX Application Thread] DEBUG GameApplicationServi - Starting new game
23:10:57.201 [JavaFX Application Thread] DEBUG PrimaryStageWindow   - Pop state: LevelSelectSubScene
23:10:57.201 [JavaFX Application Thread] DEBUG Input                - Clearing active input actions
23:10:57.201 [JavaFX Application Thread] DEBUG GameApplicationServi - Removing overlay from LevelSelectSubScene and adding to TestMainMenu
23:10:57.202 [JavaFX Application Thread] DEBUG PrimaryStageWindow   - TestMainMenu <- LevelSelectSubScene
23:10:57.202 [JavaFX Application Thread] DEBUG PrimaryStageWindow   - Pop state: TestMainMenu
23:10:57.202 [JavaFX Application Thread] DEBUG Input                - Clearing active input actions
23:10:57.202 [JavaFX Application Thread] DEBUG GameApplicationServi - Removing overlay from TestMainMenu and adding to GameScene
23:10:57.202 [JavaFX Application Thread] DEBUG PrimaryStageWindow   - GameScene <- TestMainMenu
23:10:57.202 [JavaFX Application Thread] DEBUG Input                - Clearing active input actions
23:10:57.208 [JavaFX Application Thread] DEBUG GameApplicationServi - Removing overlay from GameScene and adding to CustomLoadingScene
23:10:57.208 [JavaFX Application Thread] DEBUG PrimaryStageWindow   - GameScene -> CustomLoadingScene
23:10:57.208 [JavaFX Application Thread] DEBUG GameApplicationServi - Clearing previous game
23:10:57.208 [JavaFX Application Thread] DEBUG GameScene            - Clearing game scene
23:10:57.208 [JavaFX Application Thread] DEBUG GameWorld            - Clearing game world
23:10:57.208 [JavaFX Application Thread] DEBUG PhysicsWorld         - Clearing physics world
23:10:57.208 [JavaFX Application Thread] WARN  PrimaryStageWindow   - Cannot pop substate. Probably because substates are empty!
23:10:57.209 [FXGL Background Thread 4 ] DEBUG FXGLApplication      - Initializing game
23:10:57.317 [FXGL Background Thread 4 ] INFO  FXGLApplication      - Game initialization took: 0.108 sec
23:10:57.318 [JavaFX Application Thread] DEBUG Input                - Clearing active input actions
23:10:57.322 [JavaFX Application Thread] DEBUG GameApplicationServi - Removing overlay from CustomLoadingScene and adding to GameScene
23:10:57.322 [JavaFX Application Thread] DEBUG PrimaryStageWindow   - CustomLoadingScene -> GameScene
23:11:18.343 [JavaFX Application Thread] DEBUG FXGLApplication      - Exiting FXGL
23:11:18.343 [JavaFX Application Thread] DEBUG LoopRunner           - Stopping loop
23:11:18.343 [JavaFX Application Thread] DEBUG SystemBundleService  - Saving FXGL system data
23:11:18.346 [JavaFX Application Thread] DEBUG FileSystemAccess     - Writing to: /home/dayrat/IdeaProjects/CATPERSON/system/fxgl.bundle
23:11:18.348 [JavaFX Application Thread] DEBUG Async                - Shutting down background threads
23:11:18.348 [JavaFX Application Thread] DEBUG PrimaryStageWindow   - Closing main window
23:11:18.351 [JavaFX Application Thread] DEBUG Logger               - Closing Logger
